Determining if the pthread_create exist failed with the following output:
Change Dir: /home/son/Documents/ros2_mbrb_ws/build/turtlesim/CMakeFiles/CMakeTmp

Run Build Command:"/usr/bin/make" "cmTC_a05aa/fast"
/usr/bin/make -f CMakeFiles/cmTC_a05aa.dir/build.make CMakeFiles/cmTC_a05aa.dir/build
make[1]: Entering directory '/home/son/Documents/ros2_mbrb_ws/build/turtlesim/CMakeFiles/CMakeTmp'
Building C object CMakeFiles/cmTC_a05aa.dir/CheckSymbolExists.c.o
/usr/bin/cc    -o CMakeFiles/cmTC_a05aa.dir/CheckSymbolExists.c.o   -c /home/son/Documents/ros2_mbrb_ws/build/turtlesim/CMakeFiles/CMakeTmp/CheckSymbolExists.c
Linking C executable cmTC_a05aa
/usr/bin/cmake -E cmake_link_script CMakeFiles/cmTC_a05aa.dir/link.txt --verbose=1
/usr/bin/cc      CMakeFiles/cmTC_a05aa.dir/CheckSymbolExists.c.o  -o cmTC_a05aa 
CMakeFiles/cmTC_a05aa.dir/CheckSymbolExists.c.o: In function `main':
CheckSymbolExists.c:(.text+0x1b): undefined reference to `pthread_create'
collect2: error: ld returned 1 exit status
CMakeFiles/cmTC_a05aa.dir/build.make:97: recipe for target 'cmTC_a05aa' failed
make[1]: *** [cmTC_a05aa] Error 1
make[1]: Leaving directory '/home/son/Documents/ros2_mbrb_ws/build/turtlesim/CMakeFiles/CMakeTmp'
Makefile:126: recipe for target 'cmTC_a05aa/fast' failed
make: *** [cmTC_a05aa/fast] Error 2

File /home/son/Documents/ros2_mbrb_ws/build/turtlesim/CMakeFiles/CMakeTmp/CheckSymbolExists.c:
/* */
#include <pthread.h>

int main(int argc, char** argv)
{
  (void)argv;
#ifndef pthread_create
  return ((int*)(&pthread_create))[argc];
#else
  (void)argc;
  return 0;
#endif
}

Determining if the function pthread_create exists in the pthreads failed with the following output:
Change Dir: /home/son/Documents/ros2_mbrb_ws/build/turtlesim/CMakeFiles/CMakeTmp

Run Build Command:"/usr/bin/make" "cmTC_7408c/fast"
/usr/bin/make -f CMakeFiles/cmTC_7408c.dir/build.make CMakeFiles/cmTC_7408c.dir/build
make[1]: Entering directory '/home/son/Documents/ros2_mbrb_ws/build/turtlesim/CMakeFiles/CMakeTmp'
Building C object CMakeFiles/cmTC_7408c.dir/CheckFunctionExists.c.o
/usr/bin/cc   -DCHECK_FUNCTION_EXISTS=pthread_create   -o CMakeFiles/cmTC_7408c.dir/CheckFunctionExists.c.o   -c /usr/share/cmake-3.10/Modules/CheckFunctionExists.c
Linking C executable cmTC_7408c
/usr/bin/cmake -E cmake_link_script CMakeFiles/cmTC_7408c.dir/link.txt --verbose=1
/usr/bin/cc  -DCHECK_FUNCTION_EXISTS=pthread_create    CMakeFiles/cmTC_7408c.dir/CheckFunctionExists.c.o  -o cmTC_7408c -lpthreads 
/usr/bin/ld: cannot find -lpthreads
collect2: error: ld returned 1 exit status
CMakeFiles/cmTC_7408c.dir/build.make:97: recipe for target 'cmTC_7408c' failed
make[1]: *** [cmTC_7408c] Error 1
make[1]: Leaving directory '/home/son/Documents/ros2_mbrb_ws/build/turtlesim/CMakeFiles/CMakeTmp'
Makefile:126: recipe for target 'cmTC_7408c/fast' failed
make: *** [cmTC_7408c/fast] Error 2


