[0.018s] Invoking command in '/home/son/Documents/ros2_mbrb_ws/build/turtlesim': /usr/bin/cmake /home/son/Documents/ros2_mbrb_ws/src/ros_tutorials/turtlesim -DCMAKE_INSTALL_PREFIX=/home/son/Documents/ros2_mbrb_ws/install/turtlesim
[0.043s] -- Found ament_cmake: 0.7.5 (/home/son/ros2_dashing/ros2-linux/share/ament_cmake/cmake)
[0.074s] -- Found PythonInterp: /usr/bin/python3 (found suitable version "3.6.9", minimum required is "3") 
[0.075s] -- Using PYTHON_EXECUTABLE: /usr/bin/python3
[0.327s] -- Found ament_index_cpp: 0.7.2 (/home/son/ros2_dashing/ros2-linux/share/ament_index_cpp/cmake)
[0.331s] -- Found geometry_msgs: 0.7.0 (/home/son/ros2_dashing/ros2-linux/share/geometry_msgs/cmake)
[0.347s] -- Found rosidl_adapter: 0.7.9 (/home/son/ros2_dashing/ros2-linux/share/rosidl_adapter/cmake)
[0.424s] -- Found rclcpp: 0.7.14 (/home/son/ros2_dashing/ros2-linux/share/rclcpp/cmake)
[0.449s] -- Found rmw_implementation_cmake: 0.7.2 (/home/son/ros2_dashing/ros2-linux/share/rmw_implementation_cmake/cmake)
[0.452s] -- Using RMW implementation 'rmw_fastrtps_cpp' as default
[0.501s] -- Found rclcpp_action: 0.7.14 (/home/son/ros2_dashing/ros2-linux/share/rclcpp_action/cmake)
[0.564s] -- Found rosidl_default_generators: 0.7.0 (/home/son/ros2_dashing/ros2-linux/share/rosidl_default_generators/cmake)
[0.580s] -- Could not find RTI Connext - skipping rosidl_typesupport_connext_c
[0.585s] -- Could not find RTI Connext - skipping rosidl_typesupport_connext_cpp
[0.686s] -- Could not find PrismTech OpenSplice - skipping rosidl_typesupport_opensplice_c
[0.689s] -- Could not find PrismTech OpenSplice - skipping rosidl_typesupport_opensplice_cpp
[0.704s] -- Found std_srvs: 0.7.0 (/home/son/ros2_dashing/ros2-linux/share/std_srvs/cmake)
[0.745s] -- Found PythonInterp: /usr/bin/python3 (found version "3.6.9") 
[1.131s] -- Using all available rosidl_typesupport_c: rosidl_typesupport_connext_c;rosidl_typesupport_fastrtps_c;rosidl_typesupport_introspection_c;rosidl_typesupport_opensplice_c
[1.158s] -- Using all available rosidl_typesupport_cpp: rosidl_typesupport_connext_cpp;rosidl_typesupport_fastrtps_cpp;rosidl_typesupport_introspection_cpp;rosidl_typesupport_opensplice_cpp
[1.334s] -- Found PythonInterp: /usr/bin/python3 (found suitable version "3.6.9", minimum required is "3.5") 
[1.334s] -- Found python_cmake_module: 0.7.10 (/home/son/ros2_dashing/ros2-linux/share/python_cmake_module/cmake)
[1.367s] -- Using PYTHON_EXECUTABLE: /usr/bin/python3
[1.367s] -- Using PYTHON_INCLUDE_DIRS: /usr/include/python3.6m
[1.367s] -- Using PYTHON_LIBRARIES: /usr/lib/x86_64-linux-gnu/libpython3.6m.so
[1.373s] -- Could not find RTI Connext - skipping rmw_connext_shared_cpp
[1.376s] CMake Error at /home/son/ros2_dashing/ros2-linux/share/rmw_connext_cpp/cmake/ament_cmake_export_dependencies-extras.cmake:21 (find_package):
[1.376s]   Found package configuration file:
[1.376s] 
[1.376s]     /home/son/ros2_dashing/ros2-linux/share/rmw_connext_shared_cpp/cmake/rmw_connext_shared_cppConfig.cmake
[1.377s] 
[1.377s]   but it set rmw_connext_shared_cpp_FOUND to FALSE so package
[1.377s]   "rmw_connext_shared_cpp" is considered to be NOT FOUND.
[1.377s] Call Stack (most recent call first):
[1.377s]   /home/son/ros2_dashing/ros2-linux/share/rmw_connext_cpp/cmake/rmw_connext_cppConfig.cmake:38 (include)
[1.377s]   /home/son/ros2_dashing/ros2-linux/share/rmw_implementation_cmake/cmake/call_for_each_rmw_implementation.cmake:61 (find_package)
[1.377s]   /home/son/ros2_dashing/ros2-linux/share/rosidl_generator_py/cmake/rosidl_generator_py_get_typesupports.cmake:26 (call_for_each_rmw_implementation)
[1.378s]   /home/son/ros2_dashing/ros2-linux/share/rosidl_generator_py/cmake/rosidl_generator_py_generate_interfaces.cmake:27 (rosidl_generator_py_get_typesupports)
[1.378s]   /home/son/ros2_dashing/ros2-linux/share/ament_cmake_core/cmake/core/ament_execute_extensions.cmake:48 (include)
[1.378s]   /home/son/ros2_dashing/ros2-linux/share/rosidl_cmake/cmake/rosidl_generate_interfaces.cmake:286 (ament_execute_extensions)
[1.378s]   CMakeLists.txt:24 (rosidl_generate_interfaces)
[1.378s] 
[1.378s] 
[1.379s] -- Configuring incomplete, errors occurred!
[1.380s] See also "/home/son/Documents/ros2_mbrb_ws/build/turtlesim/CMakeFiles/CMakeOutput.log".
[1.380s] See also "/home/son/Documents/ros2_mbrb_ws/build/turtlesim/CMakeFiles/CMakeError.log".
[1.387s] Invoked command in '/home/son/Documents/ros2_mbrb_ws/build/turtlesim' returned '1': /usr/bin/cmake /home/son/Documents/ros2_mbrb_ws/src/ros_tutorials/turtlesim -DCMAKE_INSTALL_PREFIX=/home/son/Documents/ros2_mbrb_ws/install/turtlesim
