[0.032s] Invoking command in '/home/son/Documents/ros2_mbrb_ws/build/turtlesim': /usr/bin/cmake /home/son/Documents/ros2_mbrb_ws/src/ros_tutorials/turtlesim -DCMAKE_INSTALL_PREFIX=/home/son/Documents/ros2_mbrb_ws/install/turtlesim
[0.107s] -- The C compiler identification is GNU 7.5.0
[0.172s] -- The CXX compiler identification is GNU 7.5.0
[0.176s] -- Check for working C compiler: /usr/bin/cc
[0.272s] -- Check for working C compiler: /usr/bin/cc -- works
[0.273s] -- Detecting C compiler ABI info
[0.371s] -- Detecting C compiler ABI info - done
[0.376s] -- Detecting C compile features
[0.651s] -- Detecting C compile features - done
[0.654s] -- Check for working CXX compiler: /usr/bin/c++
[0.779s] -- Check for working CXX compiler: /usr/bin/c++ -- works
[0.781s] -- Detecting CXX compiler ABI info
[0.901s] -- Detecting CXX compiler ABI info - done
[0.905s] -- Detecting CXX compile features
[1.422s] -- Detecting CXX compile features - done
[1.424s] -- Found ament_cmake: 0.7.5 (/home/son/ros2_dashing/ros2-linux/share/ament_cmake/cmake)
[1.461s] -- Found PythonInterp: /usr/bin/python3 (found suitable version "3.6.9", minimum required is "3") 
[1.462s] -- Using PYTHON_EXECUTABLE: /usr/bin/python3
[1.739s] -- Found ament_index_cpp: 0.7.2 (/home/son/ros2_dashing/ros2-linux/share/ament_index_cpp/cmake)
[1.746s] -- Found geometry_msgs: 0.7.0 (/home/son/ros2_dashing/ros2-linux/share/geometry_msgs/cmake)
[1.771s] -- Found rosidl_adapter: 0.7.9 (/home/son/ros2_dashing/ros2-linux/share/rosidl_adapter/cmake)
[1.871s] -- Found rclcpp: 0.7.14 (/home/son/ros2_dashing/ros2-linux/share/rclcpp/cmake)
[1.894s] -- Found rmw_implementation_cmake: 0.7.2 (/home/son/ros2_dashing/ros2-linux/share/rmw_implementation_cmake/cmake)
[1.896s] -- Using RMW implementation 'rmw_fastrtps_cpp' as default
[1.897s] -- Looking for pthread.h
[1.992s] -- Looking for pthread.h - found
[1.992s] -- Looking for pthread_create
[2.103s] -- Looking for pthread_create - not found
[2.103s] -- Looking for pthread_create in pthreads
[2.173s] -- Looking for pthread_create in pthreads - not found
[2.173s] -- Looking for pthread_create in pthread
[2.280s] -- Looking for pthread_create in pthread - found
[2.281s] -- Found Threads: TRUE  
[2.314s] -- Found rclcpp_action: 0.7.14 (/home/son/ros2_dashing/ros2-linux/share/rclcpp_action/cmake)
[2.380s] -- Found rosidl_default_generators: 0.7.0 (/home/son/ros2_dashing/ros2-linux/share/rosidl_default_generators/cmake)
[2.398s] -- Could not find RTI Connext - skipping rosidl_typesupport_connext_c
[2.405s] -- Could not find RTI Connext - skipping rosidl_typesupport_connext_cpp
[2.480s] -- Found OpenSSL: /usr/lib/x86_64-linux-gnu/libcrypto.so (found version "1.1.1") 
[2.511s] -- Found FastRTPS: /home/son/ros2_dashing/ros2-linux/include  
[2.599s] -- Could not find PrismTech OpenSplice - skipping rosidl_typesupport_opensplice_c
[2.604s] -- Could not find PrismTech OpenSplice - skipping rosidl_typesupport_opensplice_cpp
[2.630s] -- Found std_srvs: 0.7.0 (/home/son/ros2_dashing/ros2-linux/share/std_srvs/cmake)
[2.669s] -- Found PythonInterp: /usr/bin/python3 (found version "3.6.9") 
[2.969s] -- Using all available rosidl_typesupport_c: rosidl_typesupport_connext_c;rosidl_typesupport_fastrtps_c;rosidl_typesupport_introspection_c;rosidl_typesupport_opensplice_c
[2.986s] -- Using all available rosidl_typesupport_cpp: rosidl_typesupport_connext_cpp;rosidl_typesupport_fastrtps_cpp;rosidl_typesupport_introspection_cpp;rosidl_typesupport_opensplice_cpp
[3.187s] -- Found PythonInterp: /usr/bin/python3 (found suitable version "3.6.9", minimum required is "3.5") 
[3.188s] -- Found python_cmake_module: 0.7.10 (/home/son/ros2_dashing/ros2-linux/share/python_cmake_module/cmake)
[3.228s] -- Found PythonLibs: /usr/lib/x86_64-linux-gnu/libpython3.6m.so (found suitable version "3.6.9", minimum required is "3.5") 
[3.228s] -- Using PYTHON_EXECUTABLE: /usr/bin/python3
[3.228s] -- Using PYTHON_INCLUDE_DIRS: /usr/include/python3.6m
[3.228s] -- Using PYTHON_LIBRARIES: /usr/lib/x86_64-linux-gnu/libpython3.6m.so
[3.271s] -- Found PythonExtra: .so  
[3.282s] -- Could not find RTI Connext - skipping rmw_connext_shared_cpp
[3.287s] CMake Error at /home/son/ros2_dashing/ros2-linux/share/rmw_connext_cpp/cmake/ament_cmake_export_dependencies-extras.cmake:21 (find_package):
[3.287s]   Found package configuration file:
[3.288s] 
[3.288s]     /home/son/ros2_dashing/ros2-linux/share/rmw_connext_shared_cpp/cmake/rmw_connext_shared_cppConfig.cmake
[3.288s] 
[3.288s]   but it set rmw_connext_shared_cpp_FOUND to FALSE so package
[3.288s]   "rmw_connext_shared_cpp" is considered to be NOT FOUND.
[3.288s] Call Stack (most recent call first):
[3.288s]   /home/son/ros2_dashing/ros2-linux/share/rmw_connext_cpp/cmake/rmw_connext_cppConfig.cmake:38 (include)
[3.288s]   /home/son/ros2_dashing/ros2-linux/share/rmw_implementation_cmake/cmake/call_for_each_rmw_implementation.cmake:61 (find_package)
[3.289s]   /home/son/ros2_dashing/ros2-linux/share/rosidl_generator_py/cmake/rosidl_generator_py_get_typesupports.cmake:26 (call_for_each_rmw_implementation)
[3.289s]   /home/son/ros2_dashing/ros2-linux/share/rosidl_generator_py/cmake/rosidl_generator_py_generate_interfaces.cmake:27 (rosidl_generator_py_get_typesupports)
[3.289s]   /home/son/ros2_dashing/ros2-linux/share/ament_cmake_core/cmake/core/ament_execute_extensions.cmake:48 (include)
[3.289s]   /home/son/ros2_dashing/ros2-linux/share/rosidl_cmake/cmake/rosidl_generate_interfaces.cmake:286 (ament_execute_extensions)
[3.289s]   CMakeLists.txt:24 (rosidl_generate_interfaces)
[3.289s] 
[3.289s] 
[3.291s] -- Configuring incomplete, errors occurred!
[3.291s] See also "/home/son/Documents/ros2_mbrb_ws/build/turtlesim/CMakeFiles/CMakeOutput.log".
[3.292s] See also "/home/son/Documents/ros2_mbrb_ws/build/turtlesim/CMakeFiles/CMakeError.log".
[3.298s] Invoked command in '/home/son/Documents/ros2_mbrb_ws/build/turtlesim' returned '1': /usr/bin/cmake /home/son/Documents/ros2_mbrb_ws/src/ros_tutorials/turtlesim -DCMAKE_INSTALL_PREFIX=/home/son/Documents/ros2_mbrb_ws/install/turtlesim
