[0.293s] Invoking command in '/home/son/Documents/ros2_mbrb_ws/build/turtlesim': CMAKE_PREFIX_PATH=${CMAKE_PREFIX_PATH}:/home/son/ros2_dashing/install/ros2bag:/home/son/ros2_dashing/install/topic_monitor:/home/son/ros2_dashing/install/sros2:/home/son/ros2_dashing/install/rqt_topic:/home/son/ros2_dashing/install/rqt_action:/home/son/ros2_dashing/install/rqt:/home/son/ros2_dashing/install/rqt_graph:/home/son/ros2_dashing/install/rqt_gui_py:/home/son/ros2_dashing/install/rqt_gui:/home/son/ros2_dashing/install/ros2topic:/home/son/ros2_dashing/install/ros2test:/home/son/ros2_dashing/install/ros2component:/home/son/ros2_dashing/install/ros2param:/home/son/ros2_dashing/install/ros2lifecycle:/home/son/ros2_dashing/install/ros2service:/home/son/ros2_dashing/install/ros2srv:/home/son/ros2_dashing/install/ros2run:/home/son/ros2_dashing/install/ros2launch:/home/son/ros2_dashing/install/ros2pkg:/home/son/ros2_dashing/install/ros2node:/home/son/ros2_dashing/install/ros2multicast:/home/son/ros2_dashing/install/ros2msg:/home/son/ros2_dashing/install/ros2action:/home/son/ros2_dashing/install/ros2cli:/home/son/ros2_dashing/install/quality_of_service_demo_py:/home/son/ros2_dashing/install/launch_testing_ros:/home/son/ros2_dashing/install/launch_ros:/home/son/ros2_dashing/install/examples_rclpy_minimal_subscriber:/home/son/ros2_dashing/install/examples_rclpy_minimal_service:/home/son/ros2_dashing/install/examples_rclpy_minimal_publisher:/home/son/ros2_dashing/install/examples_rclpy_minimal_client:/home/son/ros2_dashing/install/examples_rclpy_minimal_action_server:/home/son/ros2_dashing/install/examples_rclpy_minimal_action_client:/home/son/ros2_dashing/install/examples_rclpy_executors:/home/son/ros2_dashing/install/demo_nodes_py:/home/son/ros2_dashing/install/ament_uncrustify:/home/son/ros2_dashing/install/test_launch_ros:/home/son/ros2_dashing/install/rosidl_runtime_py:/home/son/ros2_dashing/install/launch_testing:/home/son/ros2_dashing/install/launch:/home/son/ros2_dashing/install/osrf_pycommon:/home/son/ros2_dashing/install/ament_xmllint:/home/son/ros2_dashing/install/ament_pyflakes:/home/son/ros2_dashing/install/ament_pep8:/home/son/ros2_dashing/install/ament_pep257:/home/son/ros2_dashing/install/ament_pclint:/home/son/ros2_dashing/install/ament_package:/home/son/ros2_dashing/install/ament_lint_cmake:/home/son/ros2_dashing/install/ament_flake8:/home/son/ros2_dashing/install/ament_copyright:/home/son/ros2_dashing/install/ament_lint:/home/son/ros2_dashing/install/ament_index_python:/home/son/ros2_dashing/install/ament_cpplint:/home/son/ros2_dashing/install/ament_cppcheck:/home/son/ros2_dashing/install/ament_clang_tidy:/home/son/ros2_dashing/install/ament_clang_format /usr/bin/cmake /home/son/Documents/ros2_mbrb_ws/src/ros_tutorials/turtlesim -DCMAKE_INSTALL_PREFIX=/home/son/Documents/ros2_mbrb_ws/install/turtlesim
[0.615s] -- Found ament_cmake: 0.7.5 (/home/son/ros2_dashing/install/ament_cmake/share/ament_cmake/cmake)
[0.772s] -- Found PythonInterp: /usr/bin/python3 (found suitable version "3.6.9", minimum required is "3") 
[0.772s] -- Using PYTHON_EXECUTABLE: /usr/bin/python3
[1.439s] -- Found ament_index_cpp: 0.7.2 (/home/son/ros2_dashing/install/ament_index_cpp/share/ament_index_cpp/cmake)
[1.451s] -- Found geometry_msgs: 0.7.0 (/home/son/ros2_dashing/install/geometry_msgs/share/geometry_msgs/cmake)
[2.124s] -- Found rosidl_adapter: 0.7.9 (/home/son/ros2_dashing/install/rosidl_adapter/share/rosidl_adapter/cmake)
[2.355s] -- Found rclcpp: 0.7.14 (/home/son/ros2_dashing/install/rclcpp/share/rclcpp/cmake)
[2.407s] -- Found rmw_implementation_cmake: 0.7.2 (/home/son/ros2_dashing/install/rmw_implementation_cmake/share/rmw_implementation_cmake/cmake)
[2.435s] -- Using RMW implementation 'rmw_fastrtps_cpp' as default
[2.566s] -- Found rclcpp_action: 0.7.14 (/home/son/ros2_dashing/install/rclcpp_action/share/rclcpp_action/cmake)
[2.759s] -- Found rosidl_default_generators: 0.7.0 (/home/son/ros2_dashing/install/rosidl_default_generators/share/rosidl_default_generators/cmake)
[3.850s] -- Found std_srvs: 0.7.0 (/home/son/ros2_dashing/install/std_srvs/share/std_srvs/cmake)
[4.072s] -- Found PythonInterp: /usr/bin/python3 (found version "3.6.9") 
[4.956s] -- Using all available rosidl_typesupport_cpp: rosidl_typesupport_introspection_cpp;rosidl_typesupport_fastrtps_cpp
[5.573s] -- Using all available rosidl_typesupport_c: rosidl_typesupport_introspection_c;rosidl_typesupport_fastrtps_c
[8.648s] -- Found PythonInterp: /usr/bin/python3 (found suitable version "3.6.9", minimum required is "3.5") 
[8.695s] -- Found python_cmake_module: 0.7.10 (/home/son/ros2_dashing/install/python_cmake_module/share/python_cmake_module/cmake)
[8.868s] -- Using PYTHON_EXECUTABLE: /usr/bin/python3
[8.868s] -- Using PYTHON_INCLUDE_DIRS: /usr/include/python3.6m
[8.868s] -- Using PYTHON_LIBRARIES: /usr/lib/x86_64-linux-gnu/libpython3.6m.so
[12.448s] -- Configuring done
[12.964s] -- Generating done
[12.968s] -- Build files have been written to: /home/son/Documents/ros2_mbrb_ws/build/turtlesim
[12.974s] Invoked command in '/home/son/Documents/ros2_mbrb_ws/build/turtlesim' returned '0': CMAKE_PREFIX_PATH=${CMAKE_PREFIX_PATH}:/home/son/ros2_dashing/install/ros2bag:/home/son/ros2_dashing/install/topic_monitor:/home/son/ros2_dashing/install/sros2:/home/son/ros2_dashing/install/rqt_topic:/home/son/ros2_dashing/install/rqt_action:/home/son/ros2_dashing/install/rqt:/home/son/ros2_dashing/install/rqt_graph:/home/son/ros2_dashing/install/rqt_gui_py:/home/son/ros2_dashing/install/rqt_gui:/home/son/ros2_dashing/install/ros2topic:/home/son/ros2_dashing/install/ros2test:/home/son/ros2_dashing/install/ros2component:/home/son/ros2_dashing/install/ros2param:/home/son/ros2_dashing/install/ros2lifecycle:/home/son/ros2_dashing/install/ros2service:/home/son/ros2_dashing/install/ros2srv:/home/son/ros2_dashing/install/ros2run:/home/son/ros2_dashing/install/ros2launch:/home/son/ros2_dashing/install/ros2pkg:/home/son/ros2_dashing/install/ros2node:/home/son/ros2_dashing/install/ros2multicast:/home/son/ros2_dashing/install/ros2msg:/home/son/ros2_dashing/install/ros2action:/home/son/ros2_dashing/install/ros2cli:/home/son/ros2_dashing/install/quality_of_service_demo_py:/home/son/ros2_dashing/install/launch_testing_ros:/home/son/ros2_dashing/install/launch_ros:/home/son/ros2_dashing/install/examples_rclpy_minimal_subscriber:/home/son/ros2_dashing/install/examples_rclpy_minimal_service:/home/son/ros2_dashing/install/examples_rclpy_minimal_publisher:/home/son/ros2_dashing/install/examples_rclpy_minimal_client:/home/son/ros2_dashing/install/examples_rclpy_minimal_action_server:/home/son/ros2_dashing/install/examples_rclpy_minimal_action_client:/home/son/ros2_dashing/install/examples_rclpy_executors:/home/son/ros2_dashing/install/demo_nodes_py:/home/son/ros2_dashing/install/ament_uncrustify:/home/son/ros2_dashing/install/test_launch_ros:/home/son/ros2_dashing/install/rosidl_runtime_py:/home/son/ros2_dashing/install/launch_testing:/home/son/ros2_dashing/install/launch:/home/son/ros2_dashing/install/osrf_pycommon:/home/son/ros2_dashing/install/ament_xmllint:/home/son/ros2_dashing/install/ament_pyflakes:/home/son/ros2_dashing/install/ament_pep8:/home/son/ros2_dashing/install/ament_pep257:/home/son/ros2_dashing/install/ament_pclint:/home/son/ros2_dashing/install/ament_package:/home/son/ros2_dashing/install/ament_lint_cmake:/home/son/ros2_dashing/install/ament_flake8:/home/son/ros2_dashing/install/ament_copyright:/home/son/ros2_dashing/install/ament_lint:/home/son/ros2_dashing/install/ament_index_python:/home/son/ros2_dashing/install/ament_cpplint:/home/son/ros2_dashing/install/ament_cppcheck:/home/son/ros2_dashing/install/ament_clang_tidy:/home/son/ros2_dashing/install/ament_clang_format /usr/bin/cmake /home/son/Documents/ros2_mbrb_ws/src/ros_tutorials/turtlesim -DCMAKE_INSTALL_PREFIX=/home/son/Documents/ros2_mbrb_ws/install/turtlesim
[12.978s] Invoking command in '/home/son/Documents/ros2_mbrb_ws/build/turtlesim': CMAKE_PREFIX_PATH=${CMAKE_PREFIX_PATH}:/home/son/ros2_dashing/install/ros2bag:/home/son/ros2_dashing/install/topic_monitor:/home/son/ros2_dashing/install/sros2:/home/son/ros2_dashing/install/rqt_topic:/home/son/ros2_dashing/install/rqt_action:/home/son/ros2_dashing/install/rqt:/home/son/ros2_dashing/install/rqt_graph:/home/son/ros2_dashing/install/rqt_gui_py:/home/son/ros2_dashing/install/rqt_gui:/home/son/ros2_dashing/install/ros2topic:/home/son/ros2_dashing/install/ros2test:/home/son/ros2_dashing/install/ros2component:/home/son/ros2_dashing/install/ros2param:/home/son/ros2_dashing/install/ros2lifecycle:/home/son/ros2_dashing/install/ros2service:/home/son/ros2_dashing/install/ros2srv:/home/son/ros2_dashing/install/ros2run:/home/son/ros2_dashing/install/ros2launch:/home/son/ros2_dashing/install/ros2pkg:/home/son/ros2_dashing/install/ros2node:/home/son/ros2_dashing/install/ros2multicast:/home/son/ros2_dashing/install/ros2msg:/home/son/ros2_dashing/install/ros2action:/home/son/ros2_dashing/install/ros2cli:/home/son/ros2_dashing/install/quality_of_service_demo_py:/home/son/ros2_dashing/install/launch_testing_ros:/home/son/ros2_dashing/install/launch_ros:/home/son/ros2_dashing/install/examples_rclpy_minimal_subscriber:/home/son/ros2_dashing/install/examples_rclpy_minimal_service:/home/son/ros2_dashing/install/examples_rclpy_minimal_publisher:/home/son/ros2_dashing/install/examples_rclpy_minimal_client:/home/son/ros2_dashing/install/examples_rclpy_minimal_action_server:/home/son/ros2_dashing/install/examples_rclpy_minimal_action_client:/home/son/ros2_dashing/install/examples_rclpy_executors:/home/son/ros2_dashing/install/demo_nodes_py:/home/son/ros2_dashing/install/ament_uncrustify:/home/son/ros2_dashing/install/test_launch_ros:/home/son/ros2_dashing/install/rosidl_runtime_py:/home/son/ros2_dashing/install/launch_testing:/home/son/ros2_dashing/install/launch:/home/son/ros2_dashing/install/osrf_pycommon:/home/son/ros2_dashing/install/ament_xmllint:/home/son/ros2_dashing/install/ament_pyflakes:/home/son/ros2_dashing/install/ament_pep8:/home/son/ros2_dashing/install/ament_pep257:/home/son/ros2_dashing/install/ament_pclint:/home/son/ros2_dashing/install/ament_package:/home/son/ros2_dashing/install/ament_lint_cmake:/home/son/ros2_dashing/install/ament_flake8:/home/son/ros2_dashing/install/ament_copyright:/home/son/ros2_dashing/install/ament_lint:/home/son/ros2_dashing/install/ament_index_python:/home/son/ros2_dashing/install/ament_cpplint:/home/son/ros2_dashing/install/ament_cppcheck:/home/son/ros2_dashing/install/ament_clang_tidy:/home/son/ros2_dashing/install/ament_clang_format /usr/bin/cmake --build /home/son/Documents/ros2_mbrb_ws/build/turtlesim -- -j4 -l4
[13.087s] [35m[1mScanning dependencies of target turtlesim__cpp[0m
[13.088s] [  1%] [34m[1mGenerating C code for ROS interfaces[0m
[13.117s] [  2%] [34m[1mGenerating C++ code for ROS interfaces[0m
[15.045s] [  2%] Built target turtlesim__cpp
[15.084s] [  3%] [34m[1mGenerating C++ introspection for ROS interfaces[0m
[15.089s] [  4%] [34m[1mGenerating C++ type support for eProsima Fast-RTPS[0m
[15.094s] [  5%] [34m[1mGenerating C++ type support dispatch for ROS interfaces[0m
[16.664s] [35m[1mScanning dependencies of target turtlesim__rosidl_generator_c[0m
[16.932s] [35m[1mScanning dependencies of target turtlesim__rosidl_typesupport_cpp[0m
[17.205s] [  6%] [32mBuilding C object CMakeFiles/turtlesim__rosidl_generator_c.dir/rosidl_generator_c/turtlesim/action/rotate_absolute__functions.c.o[0m
[17.377s] [  7%] [32mBuilding C object CMakeFiles/turtlesim__rosidl_generator_c.dir/rosidl_generator_c/turtlesim/msg/color__functions.c.o[0m
[17.377s] [35m[1mScanning dependencies of target turtlesim__rosidl_typesupport_introspection_cpp[0m
[17.411s] [  8%] [32mBuilding CXX object CMakeFiles/turtlesim__rosidl_typesupport_cpp.dir/rosidl_typesupport_cpp/turtlesim/action/rotate_absolute__type_support.cpp.o[0m
[17.489s] [  9%] [32mBuilding CXX object CMakeFiles/turtlesim__rosidl_typesupport_introspection_cpp.dir/rosidl_typesupport_introspection_cpp/turtlesim/action/rotate_absolute__type_support.cpp.o[0m
[17.508s] [ 10%] [32mBuilding C object CMakeFiles/turtlesim__rosidl_generator_c.dir/rosidl_generator_c/turtlesim/msg/pose__functions.c.o[0m
[17.643s] [ 11%] [32mBuilding C object CMakeFiles/turtlesim__rosidl_generator_c.dir/rosidl_generator_c/turtlesim/srv/kill__functions.c.o[0m
[17.774s] [ 12%] [32mBuilding C object CMakeFiles/turtlesim__rosidl_generator_c.dir/rosidl_generator_c/turtlesim/srv/set_pen__functions.c.o[0m
[17.778s] [35m[1mScanning dependencies of target turtlesim__rosidl_typesupport_fastrtps_cpp[0m
[17.877s] [ 13%] [32mBuilding C object CMakeFiles/turtlesim__rosidl_generator_c.dir/rosidl_generator_c/turtlesim/srv/spawn__functions.c.o[0m
[17.892s] [ 14%] [32mBuilding CXX object CMakeFiles/turtlesim__rosidl_typesupport_cpp.dir/rosidl_typesupport_cpp/turtlesim/msg/color__type_support.cpp.o[0m
[17.962s] [ 15%] [32mBuilding CXX object CMakeFiles/turtlesim__rosidl_typesupport_introspection_cpp.dir/rosidl_typesupport_introspection_cpp/turtlesim/msg/color__type_support.cpp.o[0m
[17.962s] [ 16%] [32mBuilding C object CMakeFiles/turtlesim__rosidl_generator_c.dir/rosidl_generator_c/turtlesim/srv/teleport_absolute__functions.c.o[0m
[18.062s] [ 17%] [32mBuilding CXX object CMakeFiles/turtlesim__rosidl_typesupport_fastrtps_cpp.dir/rosidl_typesupport_fastrtps_cpp/turtlesim/action/dds_fastrtps/rotate_absolute__type_support.cpp.o[0m
[18.071s] [ 18%] [32mBuilding C object CMakeFiles/turtlesim__rosidl_generator_c.dir/rosidl_generator_c/turtlesim/srv/teleport_relative__functions.c.o[0m
[18.177s] [ 19%] [32m[1mLinking C shared library libturtlesim__rosidl_generator_c.so[0m
[18.317s] [ 19%] Built target turtlesim__rosidl_generator_c
[18.362s] [ 20%] [34m[1mGenerating C introspection for ROS interfaces[0m
[18.382s] [ 21%] [32mBuilding CXX object CMakeFiles/turtlesim__rosidl_typesupport_introspection_cpp.dir/rosidl_typesupport_introspection_cpp/turtlesim/msg/pose__type_support.cpp.o[0m
[18.407s] [ 22%] [32mBuilding CXX object CMakeFiles/turtlesim__rosidl_typesupport_cpp.dir/rosidl_typesupport_cpp/turtlesim/msg/pose__type_support.cpp.o[0m
[18.806s] [ 23%] [32mBuilding CXX object CMakeFiles/turtlesim__rosidl_typesupport_introspection_cpp.dir/rosidl_typesupport_introspection_cpp/turtlesim/srv/kill__type_support.cpp.o[0m
[18.848s] [ 24%] [32mBuilding CXX object CMakeFiles/turtlesim__rosidl_typesupport_cpp.dir/rosidl_typesupport_cpp/turtlesim/srv/kill__type_support.cpp.o[0m
[18.881s] [ 25%] [32mBuilding CXX object CMakeFiles/turtlesim__rosidl_typesupport_fastrtps_cpp.dir/rosidl_typesupport_fastrtps_cpp/turtlesim/msg/dds_fastrtps/color__type_support.cpp.o[0m
[19.261s] [ 26%] [32mBuilding CXX object CMakeFiles/turtlesim__rosidl_typesupport_introspection_cpp.dir/rosidl_typesupport_introspection_cpp/turtlesim/srv/set_pen__type_support.cpp.o[0m
[19.276s] [ 27%] [32mBuilding CXX object CMakeFiles/turtlesim__rosidl_typesupport_cpp.dir/rosidl_typesupport_cpp/turtlesim/srv/set_pen__type_support.cpp.o[0m
[19.625s] [ 28%] [32mBuilding CXX object CMakeFiles/turtlesim__rosidl_typesupport_fastrtps_cpp.dir/rosidl_typesupport_fastrtps_cpp/turtlesim/msg/dds_fastrtps/pose__type_support.cpp.o[0m
[19.698s] [ 29%] [32mBuilding CXX object CMakeFiles/turtlesim__rosidl_typesupport_cpp.dir/rosidl_typesupport_cpp/turtlesim/srv/spawn__type_support.cpp.o[0m
[19.725s] [ 30%] [32mBuilding CXX object CMakeFiles/turtlesim__rosidl_typesupport_introspection_cpp.dir/rosidl_typesupport_introspection_cpp/turtlesim/srv/spawn__type_support.cpp.o[0m
[20.116s] [ 31%] [32mBuilding CXX object CMakeFiles/turtlesim__rosidl_typesupport_cpp.dir/rosidl_typesupport_cpp/turtlesim/srv/teleport_absolute__type_support.cpp.o[0m
[20.268s] [ 32%] [32mBuilding CXX object CMakeFiles/turtlesim__rosidl_typesupport_introspection_cpp.dir/rosidl_typesupport_introspection_cpp/turtlesim/srv/teleport_absolute__type_support.cpp.o[0m
[20.312s] [ 33%] [32mBuilding CXX object CMakeFiles/turtlesim__rosidl_typesupport_fastrtps_cpp.dir/rosidl_typesupport_fastrtps_cpp/turtlesim/srv/dds_fastrtps/kill__type_support.cpp.o[0m
[20.567s] [ 34%] [32mBuilding CXX object CMakeFiles/turtlesim__rosidl_typesupport_cpp.dir/rosidl_typesupport_cpp/turtlesim/srv/teleport_relative__type_support.cpp.o[0m
[20.814s] [ 35%] [32mBuilding CXX object CMakeFiles/turtlesim__rosidl_typesupport_introspection_cpp.dir/rosidl_typesupport_introspection_cpp/turtlesim/srv/teleport_relative__type_support.cpp.o[0m
[20.959s] [35m[1mScanning dependencies of target turtlesim__rosidl_typesupport_introspection_c[0m
[21.041s] [ 36%] [32m[1mLinking CXX shared library libturtlesim__rosidl_typesupport_cpp.so[0m
[21.050s] [ 37%] [32mBuilding CXX object CMakeFiles/turtlesim__rosidl_typesupport_fastrtps_cpp.dir/rosidl_typesupport_fastrtps_cpp/turtlesim/srv/dds_fastrtps/set_pen__type_support.cpp.o[0m
[21.158s] [ 37%] Built target turtlesim__rosidl_typesupport_cpp
[21.197s] [ 38%] [34m[1mGenerating C type support dispatch for ROS interfaces[0m
[21.199s] [ 39%] [32mBuilding C object CMakeFiles/turtlesim__rosidl_typesupport_introspection_c.dir/rosidl_typesupport_introspection_c/turtlesim/action/rotate_absolute__type_support.c.o[0m
[21.254s] [ 40%] [32m[1mLinking CXX shared library libturtlesim__rosidl_typesupport_introspection_cpp.so[0m
[21.317s] [ 41%] [32mBuilding C object CMakeFiles/turtlesim__rosidl_typesupport_introspection_c.dir/rosidl_typesupport_introspection_c/turtlesim/msg/color__type_support.c.o[0m
[21.375s] [ 41%] Built target turtlesim__rosidl_typesupport_introspection_cpp
[21.398s] [ 42%] [32mBuilding C object CMakeFiles/turtlesim__rosidl_typesupport_introspection_c.dir/rosidl_typesupport_introspection_c/turtlesim/msg/pose__type_support.c.o[0m
[21.408s] [ 43%] [32mBuilding C object CMakeFiles/turtlesim__rosidl_typesupport_introspection_c.dir/rosidl_typesupport_introspection_c/turtlesim/srv/kill__type_support.c.o[0m
[21.466s] [ 44%] [32mBuilding CXX object CMakeFiles/turtlesim__rosidl_typesupport_fastrtps_cpp.dir/rosidl_typesupport_fastrtps_cpp/turtlesim/srv/dds_fastrtps/spawn__type_support.cpp.o[0m
[21.490s] [ 45%] [32mBuilding C object CMakeFiles/turtlesim__rosidl_typesupport_introspection_c.dir/rosidl_typesupport_introspection_c/turtlesim/srv/set_pen__type_support.c.o[0m
[21.567s] [ 46%] [32mBuilding C object CMakeFiles/turtlesim__rosidl_typesupport_introspection_c.dir/rosidl_typesupport_introspection_c/turtlesim/srv/spawn__type_support.c.o[0m
[21.645s] [ 47%] [32mBuilding C object CMakeFiles/turtlesim__rosidl_typesupport_introspection_c.dir/rosidl_typesupport_introspection_c/turtlesim/srv/teleport_absolute__type_support.c.o[0m
[21.720s] [ 48%] [32mBuilding CXX object CMakeFiles/turtlesim__rosidl_typesupport_fastrtps_cpp.dir/rosidl_typesupport_fastrtps_cpp/turtlesim/srv/dds_fastrtps/teleport_absolute__type_support.cpp.o[0m
[21.726s] [ 49%] [32mBuilding C object CMakeFiles/turtlesim__rosidl_typesupport_introspection_c.dir/rosidl_typesupport_introspection_c/turtlesim/srv/teleport_relative__type_support.c.o[0m
[21.812s] [ 50%] [32m[1mLinking C shared library libturtlesim__rosidl_typesupport_introspection_c.so[0m
[21.924s] [ 50%] Built target turtlesim__rosidl_typesupport_introspection_c
[21.965s] [ 51%] [32mBuilding CXX object CMakeFiles/turtlesim__rosidl_typesupport_fastrtps_cpp.dir/rosidl_typesupport_fastrtps_cpp/turtlesim/srv/dds_fastrtps/teleport_relative__type_support.cpp.o[0m
[22.500s] [ 52%] [32m[1mLinking CXX shared library libturtlesim__rosidl_typesupport_fastrtps_cpp.so[0m
[22.686s] [35m[1mScanning dependencies of target turtlesim__rosidl_typesupport_c[0m
[22.738s] [ 52%] Built target turtlesim__rosidl_typesupport_fastrtps_cpp
[22.765s] [ 53%] [34m[1mGenerating C type support for eProsima Fast-RTPS[0m
[22.825s] [ 54%] [32mBuilding CXX object CMakeFiles/turtlesim__rosidl_typesupport_c.dir/rosidl_typesupport_c/turtlesim/msg/pose__type_support.cpp.o[0m
[22.828s] [ 55%] [32mBuilding CXX object CMakeFiles/turtlesim__rosidl_typesupport_c.dir/rosidl_typesupport_c/turtlesim/msg/color__type_support.cpp.o[0m
[22.831s] [ 56%] [32mBuilding CXX object CMakeFiles/turtlesim__rosidl_typesupport_c.dir/rosidl_typesupport_c/turtlesim/action/rotate_absolute__type_support.cpp.o[0m
[22.906s] [ 57%] [32mBuilding CXX object CMakeFiles/turtlesim__rosidl_typesupport_c.dir/rosidl_typesupport_c/turtlesim/srv/kill__type_support.cpp.o[0m
[22.920s] [ 58%] [32mBuilding CXX object CMakeFiles/turtlesim__rosidl_typesupport_c.dir/rosidl_typesupport_c/turtlesim/srv/set_pen__type_support.cpp.o[0m
[22.944s] [ 59%] [32mBuilding CXX object CMakeFiles/turtlesim__rosidl_typesupport_c.dir/rosidl_typesupport_c/turtlesim/srv/spawn__type_support.cpp.o[0m
[22.987s] [ 60%] [32mBuilding CXX object CMakeFiles/turtlesim__rosidl_typesupport_c.dir/rosidl_typesupport_c/turtlesim/srv/teleport_absolute__type_support.cpp.o[0m
[23.006s] [ 61%] [32mBuilding CXX object CMakeFiles/turtlesim__rosidl_typesupport_c.dir/rosidl_typesupport_c/turtlesim/srv/teleport_relative__type_support.cpp.o[0m
[23.071s] [ 62%] [32m[1mLinking CXX shared library libturtlesim__rosidl_typesupport_c.so[0m
[23.169s] [ 62%] Built target turtlesim__rosidl_typesupport_c
[24.129s] [35m[1mScanning dependencies of target turtlesim__rosidl_typesupport_fastrtps_c[0m
[24.333s] [ 63%] [32mBuilding CXX object CMakeFiles/turtlesim__rosidl_typesupport_fastrtps_c.dir/rosidl_typesupport_fastrtps_c/turtlesim/action/rotate_absolute__type_support_c.cpp.o[0m
[24.334s] [ 64%] [32mBuilding CXX object CMakeFiles/turtlesim__rosidl_typesupport_fastrtps_c.dir/rosidl_typesupport_fastrtps_c/turtlesim/msg/color__type_support_c.cpp.o[0m
[24.334s] [ 65%] [32mBuilding CXX object CMakeFiles/turtlesim__rosidl_typesupport_fastrtps_c.dir/rosidl_typesupport_fastrtps_c/turtlesim/srv/kill__type_support_c.cpp.o[0m
[24.340s] [ 66%] [32mBuilding CXX object CMakeFiles/turtlesim__rosidl_typesupport_fastrtps_c.dir/rosidl_typesupport_fastrtps_c/turtlesim/msg/pose__type_support_c.cpp.o[0m
[24.912s] [ 67%] [32mBuilding CXX object CMakeFiles/turtlesim__rosidl_typesupport_fastrtps_c.dir/rosidl_typesupport_fastrtps_c/turtlesim/srv/set_pen__type_support_c.cpp.o[0m
[24.950s] [ 68%] [32mBuilding CXX object CMakeFiles/turtlesim__rosidl_typesupport_fastrtps_c.dir/rosidl_typesupport_fastrtps_c/turtlesim/srv/spawn__type_support_c.cpp.o[0m
[24.961s] [ 69%] [32mBuilding CXX object CMakeFiles/turtlesim__rosidl_typesupport_fastrtps_c.dir/rosidl_typesupport_fastrtps_c/turtlesim/srv/teleport_absolute__type_support_c.cpp.o[0m
[24.993s] [ 70%] [32mBuilding CXX object CMakeFiles/turtlesim__rosidl_typesupport_fastrtps_c.dir/rosidl_typesupport_fastrtps_c/turtlesim/srv/teleport_relative__type_support_c.cpp.o[0m
[25.570s] [ 71%] [32m[1mLinking CXX shared library libturtlesim__rosidl_typesupport_fastrtps_c.so[0m
[25.708s] [ 71%] Built target turtlesim__rosidl_typesupport_fastrtps_c
[25.732s] [35m[1mScanning dependencies of target turtlesim[0m
[25.759s] [ 71%] Built target turtlesim
[25.796s] [35m[1mScanning dependencies of target turtle_teleop_key[0m
[25.797s] [35m[1mScanning dependencies of target turtlesim__py[0m
[25.800s] [35m[1mScanning dependencies of target draw_square[0m
[25.806s] [35m[1mScanning dependencies of target mimic[0m
[25.831s] [ 72%] [34m[1mGenerating Python code for ROS interfaces[0m
[25.877s] [ 73%] [32mBuilding CXX object CMakeFiles/mimic.dir/tutorials/mimic.cpp.o[0m
[26.017s] [ 74%] [32mBuilding CXX object CMakeFiles/draw_square.dir/tutorials/draw_square.cpp.o[0m
[26.281s] [ 75%] [32mBuilding CXX object CMakeFiles/turtle_teleop_key.dir/tutorials/teleop_turtle_key.cpp.o[0m
[30.376s] [ 76%] [32m[1mLinking CXX executable mimic[0m
[31.313s] [ 76%] Built target mimic
[31.353s] [ 77%] [34m[1mGenerating include/turtlesim/moc_turtle_frame.cpp[0m
[31.544s] [35m[1mScanning dependencies of target turtlesim_node[0m
[31.871s] [ 77%] Built target turtlesim__py
[31.907s] [35m[1mScanning dependencies of target turtlesim__python[0m
[31.965s] [ 78%] [32mBuilding CXX object CMakeFiles/turtlesim_node.dir/src/turtlesim.cpp.o[0m
[32.132s] [ 79%] [32mBuilding C object CMakeFiles/turtlesim__python.dir/rosidl_generator_py/turtlesim/action/_rotate_absolute_s.c.o[0m
[32.183s] [ 80%] [32m[1mLinking CXX executable turtle_teleop_key[0m
[32.194s] [ 81%] [32m[1mLinking CXX executable draw_square[0m
[32.712s] [ 82%] [32mBuilding C object CMakeFiles/turtlesim__python.dir/rosidl_generator_py/turtlesim/msg/_color_s.c.o[0m
[33.000s] [ 83%] [32mBuilding C object CMakeFiles/turtlesim__python.dir/rosidl_generator_py/turtlesim/msg/_pose_s.c.o[0m
[33.196s] [ 83%] Built target draw_square
[33.211s] [ 84%] [32mBuilding C object CMakeFiles/turtlesim__python.dir/rosidl_generator_py/turtlesim/srv/_kill_s.c.o[0m
[33.232s] [ 85%] [32mBuilding C object CMakeFiles/turtlesim__python.dir/rosidl_generator_py/turtlesim/srv/_set_pen_s.c.o[0m
[33.318s] [ 85%] Built target turtle_teleop_key
[33.364s] [ 86%] [32mBuilding C object CMakeFiles/turtlesim__python.dir/rosidl_generator_py/turtlesim/srv/_spawn_s.c.o[0m
[33.391s] [ 87%] [32mBuilding C object CMakeFiles/turtlesim__python.dir/rosidl_generator_py/turtlesim/srv/_teleport_absolute_s.c.o[0m
[33.422s] [ 88%] [32mBuilding C object CMakeFiles/turtlesim__python.dir/rosidl_generator_py/turtlesim/srv/_teleport_relative_s.c.o[0m
[33.576s] [ 89%] [32mBuilding CXX object CMakeFiles/turtlesim_node.dir/src/turtle.cpp.o[0m
[33.593s] [ 90%] [32mBuilding CXX object CMakeFiles/turtlesim_node.dir/src/turtle_frame.cpp.o[0m
[33.595s] [ 91%] [32m[1mLinking C shared library rosidl_generator_py/turtlesim/libturtlesim__python.so[0m
[33.726s] [ 91%] Built target turtlesim__python
[33.766s] [35m[1mScanning dependencies of target turtlesim__rosidl_typesupport_introspection_c__pyext[0m
[33.829s] [ 92%] [32mBuilding C object CMakeFiles/turtlesim__rosidl_typesupport_introspection_c__pyext.dir/rosidl_generator_py/turtlesim/_turtlesim_s.ep.rosidl_typesupport_introspection_c.c.o[0m
[34.152s] [ 93%] [32m[1mLinking C shared library rosidl_generator_py/turtlesim/turtlesim_s__rosidl_typesupport_introspection_c.cpython-36m-x86_64-linux-gnu.so[0m
[34.311s] [ 93%] Built target turtlesim__rosidl_typesupport_introspection_c__pyext
[34.356s] [35m[1mScanning dependencies of target turtlesim__rosidl_typesupport_c__pyext[0m
[34.422s] [ 94%] [32mBuilding C object CMakeFiles/turtlesim__rosidl_typesupport_c__pyext.dir/rosidl_generator_py/turtlesim/_turtlesim_s.ep.rosidl_typesupport_c.c.o[0m
[34.739s] [ 95%] [32m[1mLinking C shared library rosidl_generator_py/turtlesim/turtlesim_s__rosidl_typesupport_c.cpython-36m-x86_64-linux-gnu.so[0m
[34.884s] [ 95%] Built target turtlesim__rosidl_typesupport_c__pyext
[34.923s] [35m[1mScanning dependencies of target turtlesim__rosidl_typesupport_fastrtps_c__pyext[0m
[34.993s] [ 96%] [32mBuilding C object CMakeFiles/turtlesim__rosidl_typesupport_fastrtps_c__pyext.dir/rosidl_generator_py/turtlesim/_turtlesim_s.ep.rosidl_typesupport_fastrtps_c.c.o[0m
[35.318s] [ 97%] [32m[1mLinking C shared library rosidl_generator_py/turtlesim/turtlesim_s__rosidl_typesupport_fastrtps_c.cpython-36m-x86_64-linux-gnu.so[0m
[35.499s] [ 97%] Built target turtlesim__rosidl_typesupport_fastrtps_c__pyext
[35.539s] [ 98%] [32mBuilding CXX object CMakeFiles/turtlesim_node.dir/include/turtlesim/moc_turtle_frame.cpp.o[0m
[41.253s] [100%] [32m[1mLinking CXX executable turtlesim_node[0m
[43.030s] [100%] Built target turtlesim_node
[43.054s] Invoked command in '/home/son/Documents/ros2_mbrb_ws/build/turtlesim' returned '0': CMAKE_PREFIX_PATH=${CMAKE_PREFIX_PATH}:/home/son/ros2_dashing/install/ros2bag:/home/son/ros2_dashing/install/topic_monitor:/home/son/ros2_dashing/install/sros2:/home/son/ros2_dashing/install/rqt_topic:/home/son/ros2_dashing/install/rqt_action:/home/son/ros2_dashing/install/rqt:/home/son/ros2_dashing/install/rqt_graph:/home/son/ros2_dashing/install/rqt_gui_py:/home/son/ros2_dashing/install/rqt_gui:/home/son/ros2_dashing/install/ros2topic:/home/son/ros2_dashing/install/ros2test:/home/son/ros2_dashing/install/ros2component:/home/son/ros2_dashing/install/ros2param:/home/son/ros2_dashing/install/ros2lifecycle:/home/son/ros2_dashing/install/ros2service:/home/son/ros2_dashing/install/ros2srv:/home/son/ros2_dashing/install/ros2run:/home/son/ros2_dashing/install/ros2launch:/home/son/ros2_dashing/install/ros2pkg:/home/son/ros2_dashing/install/ros2node:/home/son/ros2_dashing/install/ros2multicast:/home/son/ros2_dashing/install/ros2msg:/home/son/ros2_dashing/install/ros2action:/home/son/ros2_dashing/install/ros2cli:/home/son/ros2_dashing/install/quality_of_service_demo_py:/home/son/ros2_dashing/install/launch_testing_ros:/home/son/ros2_dashing/install/launch_ros:/home/son/ros2_dashing/install/examples_rclpy_minimal_subscriber:/home/son/ros2_dashing/install/examples_rclpy_minimal_service:/home/son/ros2_dashing/install/examples_rclpy_minimal_publisher:/home/son/ros2_dashing/install/examples_rclpy_minimal_client:/home/son/ros2_dashing/install/examples_rclpy_minimal_action_server:/home/son/ros2_dashing/install/examples_rclpy_minimal_action_client:/home/son/ros2_dashing/install/examples_rclpy_executors:/home/son/ros2_dashing/install/demo_nodes_py:/home/son/ros2_dashing/install/ament_uncrustify:/home/son/ros2_dashing/install/test_launch_ros:/home/son/ros2_dashing/install/rosidl_runtime_py:/home/son/ros2_dashing/install/launch_testing:/home/son/ros2_dashing/install/launch:/home/son/ros2_dashing/install/osrf_pycommon:/home/son/ros2_dashing/install/ament_xmllint:/home/son/ros2_dashing/install/ament_pyflakes:/home/son/ros2_dashing/install/ament_pep8:/home/son/ros2_dashing/install/ament_pep257:/home/son/ros2_dashing/install/ament_pclint:/home/son/ros2_dashing/install/ament_package:/home/son/ros2_dashing/install/ament_lint_cmake:/home/son/ros2_dashing/install/ament_flake8:/home/son/ros2_dashing/install/ament_copyright:/home/son/ros2_dashing/install/ament_lint:/home/son/ros2_dashing/install/ament_index_python:/home/son/ros2_dashing/install/ament_cpplint:/home/son/ros2_dashing/install/ament_cppcheck:/home/son/ros2_dashing/install/ament_clang_tidy:/home/son/ros2_dashing/install/ament_clang_format /usr/bin/cmake --build /home/son/Documents/ros2_mbrb_ws/build/turtlesim -- -j4 -l4
[43.730s] Invoking command in '/home/son/Documents/ros2_mbrb_ws/build/turtlesim': CMAKE_PREFIX_PATH=${CMAKE_PREFIX_PATH}:/home/son/ros2_dashing/install/ros2bag:/home/son/ros2_dashing/install/topic_monitor:/home/son/ros2_dashing/install/sros2:/home/son/ros2_dashing/install/rqt_topic:/home/son/ros2_dashing/install/rqt_action:/home/son/ros2_dashing/install/rqt:/home/son/ros2_dashing/install/rqt_graph:/home/son/ros2_dashing/install/rqt_gui_py:/home/son/ros2_dashing/install/rqt_gui:/home/son/ros2_dashing/install/ros2topic:/home/son/ros2_dashing/install/ros2test:/home/son/ros2_dashing/install/ros2component:/home/son/ros2_dashing/install/ros2param:/home/son/ros2_dashing/install/ros2lifecycle:/home/son/ros2_dashing/install/ros2service:/home/son/ros2_dashing/install/ros2srv:/home/son/ros2_dashing/install/ros2run:/home/son/ros2_dashing/install/ros2launch:/home/son/ros2_dashing/install/ros2pkg:/home/son/ros2_dashing/install/ros2node:/home/son/ros2_dashing/install/ros2multicast:/home/son/ros2_dashing/install/ros2msg:/home/son/ros2_dashing/install/ros2action:/home/son/ros2_dashing/install/ros2cli:/home/son/ros2_dashing/install/quality_of_service_demo_py:/home/son/ros2_dashing/install/launch_testing_ros:/home/son/ros2_dashing/install/launch_ros:/home/son/ros2_dashing/install/examples_rclpy_minimal_subscriber:/home/son/ros2_dashing/install/examples_rclpy_minimal_service:/home/son/ros2_dashing/install/examples_rclpy_minimal_publisher:/home/son/ros2_dashing/install/examples_rclpy_minimal_client:/home/son/ros2_dashing/install/examples_rclpy_minimal_action_server:/home/son/ros2_dashing/install/examples_rclpy_minimal_action_client:/home/son/ros2_dashing/install/examples_rclpy_executors:/home/son/ros2_dashing/install/demo_nodes_py:/home/son/ros2_dashing/install/ament_uncrustify:/home/son/ros2_dashing/install/test_launch_ros:/home/son/ros2_dashing/install/rosidl_runtime_py:/home/son/ros2_dashing/install/launch_testing:/home/son/ros2_dashing/install/launch:/home/son/ros2_dashing/install/osrf_pycommon:/home/son/ros2_dashing/install/ament_xmllint:/home/son/ros2_dashing/install/ament_pyflakes:/home/son/ros2_dashing/install/ament_pep8:/home/son/ros2_dashing/install/ament_pep257:/home/son/ros2_dashing/install/ament_pclint:/home/son/ros2_dashing/install/ament_package:/home/son/ros2_dashing/install/ament_lint_cmake:/home/son/ros2_dashing/install/ament_flake8:/home/son/ros2_dashing/install/ament_copyright:/home/son/ros2_dashing/install/ament_lint:/home/son/ros2_dashing/install/ament_index_python:/home/son/ros2_dashing/install/ament_cpplint:/home/son/ros2_dashing/install/ament_cppcheck:/home/son/ros2_dashing/install/ament_clang_tidy:/home/son/ros2_dashing/install/ament_clang_format /usr/bin/cmake --build /home/son/Documents/ros2_mbrb_ws/build/turtlesim --target install -- -j4 -l4
[43.856s] [  1%] Built target turtlesim__cpp
[43.858s] [ 11%] Built target turtlesim__rosidl_generator_c
[43.944s] [ 21%] Built target turtlesim__rosidl_typesupport_cpp
[43.946s] [ 31%] Built target turtlesim__rosidl_typesupport_introspection_cpp
[43.954s] [ 41%] Built target turtlesim__rosidl_typesupport_introspection_c
[43.957s] [ 51%] Built target turtlesim__rosidl_typesupport_fastrtps_cpp
[44.002s] [ 61%] Built target turtlesim__rosidl_typesupport_c
[44.021s] [ 71%] Built target turtlesim__rosidl_typesupport_fastrtps_c
[44.071s] [ 71%] Built target turtlesim
[44.152s] [ 72%] Built target turtlesim__py
[44.161s] [ 74%] Built target turtle_teleop_key
[44.162s] [ 76%] Built target draw_square
[44.169s] [ 78%] Built target mimic
[44.233s] [ 87%] Built target turtlesim__python
[44.257s] [ 93%] Built target turtlesim_node
[44.310s] [ 95%] Built target turtlesim__rosidl_typesupport_fastrtps_c__pyext
[44.312s] [ 97%] Built target turtlesim__rosidl_typesupport_introspection_c__pyext
[44.315s] [100%] Built target turtlesim__rosidl_typesupport_c__pyext
[44.361s] [36mInstall the project...[0m
[44.381s] -- Install configuration: ""
[44.381s] -- Installing: /home/son/Documents/ros2_mbrb_ws/install/turtlesim/share/ament_index/resource_index/rosidl_interfaces/turtlesim
[44.381s] -- Installing: /home/son/Documents/ros2_mbrb_ws/install/turtlesim/lib/libturtlesim__rosidl_typesupport_cpp.so
[44.382s] -- Set runtime path of "/home/son/Documents/ros2_mbrb_ws/install/turtlesim/lib/libturtlesim__rosidl_typesupport_cpp.so" to ""
[44.382s] -- Installing: /home/son/Documents/ros2_mbrb_ws/install/turtlesim/share/turtlesim/environment/library_path.sh
[44.382s] -- Installing: /home/son/Documents/ros2_mbrb_ws/install/turtlesim/lib/libturtlesim__rosidl_typesupport_c.so
[44.383s] -- Set runtime path of "/home/son/Documents/ros2_mbrb_ws/install/turtlesim/lib/libturtlesim__rosidl_typesupport_c.so" to ""
[44.383s] -- Installing: /home/son/Documents/ros2_mbrb_ws/install/turtlesim/include/turtlesim
[44.383s] -- Installing: /home/son/Documents/ros2_mbrb_ws/install/turtlesim/include/turtlesim/srv
[44.383s] -- Installing: /home/son/Documents/ros2_mbrb_ws/install/turtlesim/include/turtlesim/srv/spawn__rosidl_typesupport_introspection_cpp.hpp
[44.383s] -- Installing: /home/son/Documents/ros2_mbrb_ws/install/turtlesim/include/turtlesim/srv/teleport_absolute__type_support.cpp
[44.383s] -- Installing: /home/son/Documents/ros2_mbrb_ws/install/turtlesim/include/turtlesim/srv/teleport_absolute__rosidl_typesupport_introspection_cpp.hpp
[44.383s] -- Installing: /home/son/Documents/ros2_mbrb_ws/install/turtlesim/include/turtlesim/srv/set_pen__rosidl_typesupport_introspection_cpp.hpp
[44.384s] -- Installing: /home/son/Documents/ros2_mbrb_ws/install/turtlesim/include/turtlesim/srv/teleport_relative__type_support.cpp
[44.384s] -- Installing: /home/son/Documents/ros2_mbrb_ws/install/turtlesim/include/turtlesim/srv/kill__rosidl_typesupport_introspection_cpp.hpp
[44.384s] -- Installing: /home/son/Documents/ros2_mbrb_ws/install/turtlesim/include/turtlesim/srv/spawn__type_support.cpp
[44.384s] -- Installing: /home/son/Documents/ros2_mbrb_ws/install/turtlesim/include/turtlesim/srv/set_pen__type_support.cpp
[44.384s] -- Installing: /home/son/Documents/ros2_mbrb_ws/install/turtlesim/include/turtlesim/srv/teleport_relative__rosidl_typesupport_introspection_cpp.hpp
[44.384s] -- Installing: /home/son/Documents/ros2_mbrb_ws/install/turtlesim/include/turtlesim/srv/kill__type_support.cpp
[44.384s] -- Installing: /home/son/Documents/ros2_mbrb_ws/install/turtlesim/include/turtlesim/action
[44.384s] -- Installing: /home/son/Documents/ros2_mbrb_ws/install/turtlesim/include/turtlesim/action/rotate_absolute__type_support.cpp
[44.384s] -- Installing: /home/son/Documents/ros2_mbrb_ws/install/turtlesim/include/turtlesim/action/rotate_absolute__rosidl_typesupport_introspection_cpp.hpp
[44.385s] -- Installing: /home/son/Documents/ros2_mbrb_ws/install/turtlesim/include/turtlesim/msg
[44.385s] -- Installing: /home/son/Documents/ros2_mbrb_ws/install/turtlesim/include/turtlesim/msg/pose__rosidl_typesupport_introspection_cpp.hpp
[44.385s] -- Installing: /home/son/Documents/ros2_mbrb_ws/install/turtlesim/include/turtlesim/msg/color__rosidl_typesupport_introspection_cpp.hpp
[44.385s] -- Installing: /home/son/Documents/ros2_mbrb_ws/install/turtlesim/include/turtlesim/msg/pose__type_support.cpp
[44.385s] -- Installing: /home/son/Documents/ros2_mbrb_ws/install/turtlesim/include/turtlesim/msg/color__type_support.cpp
[44.385s] -- Installing: /home/son/Documents/ros2_mbrb_ws/install/turtlesim/lib/libturtlesim__rosidl_typesupport_introspection_cpp.so
[44.385s] -- Set runtime path of "/home/son/Documents/ros2_mbrb_ws/install/turtlesim/lib/libturtlesim__rosidl_typesupport_introspection_cpp.so" to ""
[44.385s] -- Up-to-date: /home/son/Documents/ros2_mbrb_ws/install/turtlesim/include/turtlesim
[44.386s] -- Up-to-date: /home/son/Documents/ros2_mbrb_ws/install/turtlesim/include/turtlesim/srv
[44.386s] -- Installing: /home/son/Documents/ros2_mbrb_ws/install/turtlesim/include/turtlesim/srv/set_pen__functions.h
[44.386s] -- Installing: /home/son/Documents/ros2_mbrb_ws/install/turtlesim/include/turtlesim/srv/spawn__functions.c
[44.386s] -- Installing: /home/son/Documents/ros2_mbrb_ws/install/turtlesim/include/turtlesim/srv/set_pen__struct.h
[44.387s] -- Installing: /home/son/Documents/ros2_mbrb_ws/install/turtlesim/include/turtlesim/srv/kill__functions.h
[44.387s] -- Installing: /home/son/Documents/ros2_mbrb_ws/install/turtlesim/include/turtlesim/srv/teleport_absolute__struct.h
[44.387s] -- Installing: /home/son/Documents/ros2_mbrb_ws/install/turtlesim/include/turtlesim/srv/spawn__struct.h
[44.387s] -- Installing: /home/son/Documents/ros2_mbrb_ws/install/turtlesim/include/turtlesim/srv/spawn__type_support.h
[44.388s] -- Installing: /home/son/Documents/ros2_mbrb_ws/install/turtlesim/include/turtlesim/srv/set_pen.h
[44.388s] -- Installing: /home/son/Documents/ros2_mbrb_ws/install/turtlesim/include/turtlesim/srv/teleport_relative.h
[44.388s] -- Installing: /home/son/Documents/ros2_mbrb_ws/install/turtlesim/include/turtlesim/srv/kill__functions.c
[44.388s] -- Installing: /home/son/Documents/ros2_mbrb_ws/install/turtlesim/include/turtlesim/srv/teleport_relative__functions.c
[44.389s] -- Installing: /home/son/Documents/ros2_mbrb_ws/install/turtlesim/include/turtlesim/srv/teleport_absolute.h
[44.389s] -- Installing: /home/son/Documents/ros2_mbrb_ws/install/turtlesim/include/turtlesim/srv/teleport_relative__struct.h
[44.389s] -- Installing: /home/son/Documents/ros2_mbrb_ws/install/turtlesim/include/turtlesim/srv/set_pen__functions.c
[44.389s] -- Installing: /home/son/Documents/ros2_mbrb_ws/install/turtlesim/include/turtlesim/srv/teleport_absolute__functions.h
[44.389s] -- Installing: /home/son/Documents/ros2_mbrb_ws/install/turtlesim/include/turtlesim/srv/teleport_relative__type_support.h
[44.389s] -- Installing: /home/son/Documents/ros2_mbrb_ws/install/turtlesim/include/turtlesim/srv/spawn__functions.h
[44.389s] -- Installing: /home/son/Documents/ros2_mbrb_ws/install/turtlesim/include/turtlesim/srv/kill__type_support.h
[44.390s] -- Installing: /home/son/Documents/ros2_mbrb_ws/install/turtlesim/include/turtlesim/srv/teleport_absolute__functions.c
[44.390s] -- Installing: /home/son/Documents/ros2_mbrb_ws/install/turtlesim/include/turtlesim/srv/set_pen__type_support.h
[44.390s] -- Installing: /home/son/Documents/ros2_mbrb_ws/install/turtlesim/include/turtlesim/srv/kill__struct.h
[44.390s] -- Installing: /home/son/Documents/ros2_mbrb_ws/install/turtlesim/include/turtlesim/srv/spawn.h
[44.390s] -- Installing: /home/son/Documents/ros2_mbrb_ws/install/turtlesim/include/turtlesim/srv/teleport_relative__functions.h
[44.390s] -- Installing: /home/son/Documents/ros2_mbrb_ws/install/turtlesim/include/turtlesim/srv/teleport_absolute__type_support.h
[44.391s] -- Installing: /home/son/Documents/ros2_mbrb_ws/install/turtlesim/include/turtlesim/srv/kill.h
[44.391s] -- Up-to-date: /home/son/Documents/ros2_mbrb_ws/install/turtlesim/include/turtlesim/action
[44.391s] -- Installing: /home/son/Documents/ros2_mbrb_ws/install/turtlesim/include/turtlesim/action/rotate_absolute.h
[44.391s] -- Installing: /home/son/Documents/ros2_mbrb_ws/install/turtlesim/include/turtlesim/action/rotate_absolute__functions.c
[44.391s] -- Installing: /home/son/Documents/ros2_mbrb_ws/install/turtlesim/include/turtlesim/action/rotate_absolute__struct.h
[44.391s] -- Installing: /home/son/Documents/ros2_mbrb_ws/install/turtlesim/include/turtlesim/action/rotate_absolute__type_support.h
[44.392s] -- Installing: /home/son/Documents/ros2_mbrb_ws/install/turtlesim/include/turtlesim/action/rotate_absolute__functions.h
[44.392s] -- Up-to-date: /home/son/Documents/ros2_mbrb_ws/install/turtlesim/include/turtlesim/msg
[44.392s] -- Installing: /home/son/Documents/ros2_mbrb_ws/install/turtlesim/include/turtlesim/msg/pose__struct.h
[44.392s] -- Installing: /home/son/Documents/ros2_mbrb_ws/install/turtlesim/include/turtlesim/msg/color__functions.c
[44.392s] -- Installing: /home/son/Documents/ros2_mbrb_ws/install/turtlesim/include/turtlesim/msg/color.h
[44.392s] -- Installing: /home/son/Documents/ros2_mbrb_ws/install/turtlesim/include/turtlesim/msg/rosidl_generator_c__visibility_control.h
[44.393s] -- Installing: /home/son/Documents/ros2_mbrb_ws/install/turtlesim/include/turtlesim/msg/color__functions.h
[44.393s] -- Installing: /home/son/Documents/ros2_mbrb_ws/install/turtlesim/include/turtlesim/msg/color__struct.h
[44.393s] -- Installing: /home/son/Documents/ros2_mbrb_ws/install/turtlesim/include/turtlesim/msg/color__type_support.h
[44.393s] -- Installing: /home/son/Documents/ros2_mbrb_ws/install/turtlesim/include/turtlesim/msg/pose__type_support.h
[44.393s] -- Installing: /home/son/Documents/ros2_mbrb_ws/install/turtlesim/include/turtlesim/msg/pose.h
[44.393s] -- Installing: /home/son/Documents/ros2_mbrb_ws/install/turtlesim/include/turtlesim/msg/pose__functions.c
[44.394s] -- Installing: /home/son/Documents/ros2_mbrb_ws/install/turtlesim/include/turtlesim/msg/pose__functions.h
[44.394s] -- Installing: /home/son/Documents/ros2_mbrb_ws/install/turtlesim/lib/libturtlesim__rosidl_generator_c.so
[44.394s] -- Set runtime path of "/home/son/Documents/ros2_mbrb_ws/install/turtlesim/lib/libturtlesim__rosidl_generator_c.so" to ""
[44.394s] -- Up-to-date: /home/son/Documents/ros2_mbrb_ws/install/turtlesim/include/turtlesim
[44.394s] -- Up-to-date: /home/son/Documents/ros2_mbrb_ws/install/turtlesim/include/turtlesim/srv
[44.394s] -- Installing: /home/son/Documents/ros2_mbrb_ws/install/turtlesim/include/turtlesim/srv/kill__traits.hpp
[44.395s] -- Installing: /home/son/Documents/ros2_mbrb_ws/install/turtlesim/include/turtlesim/srv/teleport_absolute__traits.hpp
[44.395s] -- Installing: /home/son/Documents/ros2_mbrb_ws/install/turtlesim/include/turtlesim/srv/spawn__traits.hpp
[44.395s] -- Installing: /home/son/Documents/ros2_mbrb_ws/install/turtlesim/include/turtlesim/srv/teleport_relative__struct.hpp
[44.395s] -- Installing: /home/son/Documents/ros2_mbrb_ws/install/turtlesim/include/turtlesim/srv/kill__struct.hpp
[44.395s] -- Installing: /home/son/Documents/ros2_mbrb_ws/install/turtlesim/include/turtlesim/srv/set_pen__struct.hpp
[44.395s] -- Installing: /home/son/Documents/ros2_mbrb_ws/install/turtlesim/include/turtlesim/srv/set_pen.hpp
[44.396s] -- Installing: /home/son/Documents/ros2_mbrb_ws/install/turtlesim/include/turtlesim/srv/teleport_absolute__struct.hpp
[44.396s] -- Installing: /home/son/Documents/ros2_mbrb_ws/install/turtlesim/include/turtlesim/srv/spawn__struct.hpp
[44.396s] -- Installing: /home/son/Documents/ros2_mbrb_ws/install/turtlesim/include/turtlesim/srv/set_pen__traits.hpp
[44.396s] -- Installing: /home/son/Documents/ros2_mbrb_ws/install/turtlesim/include/turtlesim/srv/kill.hpp
[44.396s] -- Installing: /home/son/Documents/ros2_mbrb_ws/install/turtlesim/include/turtlesim/srv/teleport_relative__traits.hpp
[44.396s] -- Installing: /home/son/Documents/ros2_mbrb_ws/install/turtlesim/include/turtlesim/srv/teleport_relative.hpp
[44.397s] -- Installing: /home/son/Documents/ros2_mbrb_ws/install/turtlesim/include/turtlesim/srv/teleport_absolute.hpp
[44.397s] -- Installing: /home/son/Documents/ros2_mbrb_ws/install/turtlesim/include/turtlesim/srv/spawn.hpp
[44.397s] -- Up-to-date: /home/son/Documents/ros2_mbrb_ws/install/turtlesim/include/turtlesim/action
[44.397s] -- Installing: /home/son/Documents/ros2_mbrb_ws/install/turtlesim/include/turtlesim/action/rotate_absolute__struct.hpp
[44.397s] -- Installing: /home/son/Documents/ros2_mbrb_ws/install/turtlesim/include/turtlesim/action/rotate_absolute__traits.hpp
[44.397s] -- Installing: /home/son/Documents/ros2_mbrb_ws/install/turtlesim/include/turtlesim/action/rotate_absolute.hpp
[44.398s] -- Up-to-date: /home/son/Documents/ros2_mbrb_ws/install/turtlesim/include/turtlesim/msg
[44.398s] -- Installing: /home/son/Documents/ros2_mbrb_ws/install/turtlesim/include/turtlesim/msg/pose__struct.hpp
[44.398s] -- Installing: /home/son/Documents/ros2_mbrb_ws/install/turtlesim/include/turtlesim/msg/color__traits.hpp
[44.398s] -- Installing: /home/son/Documents/ros2_mbrb_ws/install/turtlesim/include/turtlesim/msg/pose__traits.hpp
[44.398s] -- Installing: /home/son/Documents/ros2_mbrb_ws/install/turtlesim/include/turtlesim/msg/pose.hpp
[44.398s] -- Installing: /home/son/Documents/ros2_mbrb_ws/install/turtlesim/include/turtlesim/msg/color__struct.hpp
[44.399s] -- Installing: /home/son/Documents/ros2_mbrb_ws/install/turtlesim/include/turtlesim/msg/color.hpp
[44.399s] -- Up-to-date: /home/son/Documents/ros2_mbrb_ws/install/turtlesim/include/turtlesim
[44.399s] -- Up-to-date: /home/son/Documents/ros2_mbrb_ws/install/turtlesim/include/turtlesim/srv
[44.399s] -- Installing: /home/son/Documents/ros2_mbrb_ws/install/turtlesim/include/turtlesim/srv/teleport_absolute__type_support.c
[44.399s] -- Installing: /home/son/Documents/ros2_mbrb_ws/install/turtlesim/include/turtlesim/srv/teleport_absolute__rosidl_typesupport_introspection_c.h
[44.399s] -- Installing: /home/son/Documents/ros2_mbrb_ws/install/turtlesim/include/turtlesim/srv/kill__rosidl_typesupport_introspection_c.h
[44.400s] -- Installing: /home/son/Documents/ros2_mbrb_ws/install/turtlesim/include/turtlesim/srv/spawn__type_support.c
[44.400s] -- Installing: /home/son/Documents/ros2_mbrb_ws/install/turtlesim/include/turtlesim/srv/spawn__rosidl_typesupport_introspection_c.h
[44.400s] -- Installing: /home/son/Documents/ros2_mbrb_ws/install/turtlesim/include/turtlesim/srv/kill__type_support.c
[44.400s] -- Installing: /home/son/Documents/ros2_mbrb_ws/install/turtlesim/include/turtlesim/srv/teleport_relative__type_support.c
[44.400s] -- Installing: /home/son/Documents/ros2_mbrb_ws/install/turtlesim/include/turtlesim/srv/teleport_relative__rosidl_typesupport_introspection_c.h
[44.400s] -- Installing: /home/son/Documents/ros2_mbrb_ws/install/turtlesim/include/turtlesim/srv/set_pen__rosidl_typesupport_introspection_c.h
[44.400s] -- Installing: /home/son/Documents/ros2_mbrb_ws/install/turtlesim/include/turtlesim/srv/set_pen__type_support.c
[44.401s] -- Up-to-date: /home/son/Documents/ros2_mbrb_ws/install/turtlesim/include/turtlesim/action
[44.401s] -- Installing: /home/son/Documents/ros2_mbrb_ws/install/turtlesim/include/turtlesim/action/rotate_absolute__rosidl_typesupport_introspection_c.h
[44.401s] -- Installing: /home/son/Documents/ros2_mbrb_ws/install/turtlesim/include/turtlesim/action/rotate_absolute__type_support.c
[44.401s] -- Up-to-date: /home/son/Documents/ros2_mbrb_ws/install/turtlesim/include/turtlesim/msg
[44.401s] -- Installing: /home/son/Documents/ros2_mbrb_ws/install/turtlesim/include/turtlesim/msg/color__type_support.c
[44.401s] -- Installing: /home/son/Documents/ros2_mbrb_ws/install/turtlesim/include/turtlesim/msg/pose__type_support.c
[44.401s] -- Installing: /home/son/Documents/ros2_mbrb_ws/install/turtlesim/include/turtlesim/msg/rosidl_typesupport_introspection_c__visibility_control.h
[44.401s] -- Installing: /home/son/Documents/ros2_mbrb_ws/install/turtlesim/include/turtlesim/msg/pose__rosidl_typesupport_introspection_c.h
[44.401s] -- Installing: /home/son/Documents/ros2_mbrb_ws/install/turtlesim/include/turtlesim/msg/color__rosidl_typesupport_introspection_c.h
[44.401s] -- Installing: /home/son/Documents/ros2_mbrb_ws/install/turtlesim/lib/libturtlesim__rosidl_typesupport_introspection_c.so
[44.402s] -- Set runtime path of "/home/son/Documents/ros2_mbrb_ws/install/turtlesim/lib/libturtlesim__rosidl_typesupport_introspection_c.so" to ""
[44.402s] -- Up-to-date: /home/son/Documents/ros2_mbrb_ws/install/turtlesim/include/turtlesim
[44.402s] -- Up-to-date: /home/son/Documents/ros2_mbrb_ws/install/turtlesim/include/turtlesim/srv
[44.402s] -- Installing: /home/son/Documents/ros2_mbrb_ws/install/turtlesim/include/turtlesim/srv/spawn__rosidl_typesupport_fastrtps_c.h
[44.402s] -- Installing: /home/son/Documents/ros2_mbrb_ws/install/turtlesim/include/turtlesim/srv/set_pen__rosidl_typesupport_fastrtps_c.h
[44.402s] -- Installing: /home/son/Documents/ros2_mbrb_ws/install/turtlesim/include/turtlesim/srv/kill__rosidl_typesupport_fastrtps_c.h
[44.402s] -- Installing: /home/son/Documents/ros2_mbrb_ws/install/turtlesim/include/turtlesim/srv/teleport_absolute__rosidl_typesupport_fastrtps_c.h
[44.402s] -- Installing: /home/son/Documents/ros2_mbrb_ws/install/turtlesim/include/turtlesim/srv/teleport_relative__rosidl_typesupport_fastrtps_c.h
[44.402s] -- Up-to-date: /home/son/Documents/ros2_mbrb_ws/install/turtlesim/include/turtlesim/action
[44.402s] -- Installing: /home/son/Documents/ros2_mbrb_ws/install/turtlesim/include/turtlesim/action/rotate_absolute__rosidl_typesupport_fastrtps_c.h
[44.402s] -- Up-to-date: /home/son/Documents/ros2_mbrb_ws/install/turtlesim/include/turtlesim/msg
[44.402s] -- Installing: /home/son/Documents/ros2_mbrb_ws/install/turtlesim/include/turtlesim/msg/rosidl_typesupport_fastrtps_c__visibility_control.h
[44.403s] -- Installing: /home/son/Documents/ros2_mbrb_ws/install/turtlesim/include/turtlesim/msg/pose__rosidl_typesupport_fastrtps_c.h
[44.403s] -- Installing: /home/son/Documents/ros2_mbrb_ws/install/turtlesim/include/turtlesim/msg/color__rosidl_typesupport_fastrtps_c.h
[44.403s] -- Installing: /home/son/Documents/ros2_mbrb_ws/install/turtlesim/lib/libturtlesim__rosidl_typesupport_fastrtps_c.so
[44.403s] -- Set runtime path of "/home/son/Documents/ros2_mbrb_ws/install/turtlesim/lib/libturtlesim__rosidl_typesupport_fastrtps_c.so" to ""
[44.403s] -- Up-to-date: /home/son/Documents/ros2_mbrb_ws/install/turtlesim/include/turtlesim
[44.403s] -- Up-to-date: /home/son/Documents/ros2_mbrb_ws/install/turtlesim/include/turtlesim/srv
[44.403s] -- Installing: /home/son/Documents/ros2_mbrb_ws/install/turtlesim/include/turtlesim/srv/kill__rosidl_typesupport_fastrtps_cpp.hpp
[44.403s] -- Installing: /home/son/Documents/ros2_mbrb_ws/install/turtlesim/include/turtlesim/srv/teleport_relative__rosidl_typesupport_fastrtps_cpp.hpp
[44.403s] -- Installing: /home/son/Documents/ros2_mbrb_ws/install/turtlesim/include/turtlesim/srv/teleport_absolute__rosidl_typesupport_fastrtps_cpp.hpp
[44.403s] -- Installing: /home/son/Documents/ros2_mbrb_ws/install/turtlesim/include/turtlesim/srv/dds_fastrtps
[44.403s] -- Installing: /home/son/Documents/ros2_mbrb_ws/install/turtlesim/include/turtlesim/srv/set_pen__rosidl_typesupport_fastrtps_cpp.hpp
[44.403s] -- Installing: /home/son/Documents/ros2_mbrb_ws/install/turtlesim/include/turtlesim/srv/spawn__rosidl_typesupport_fastrtps_cpp.hpp
[44.403s] -- Up-to-date: /home/son/Documents/ros2_mbrb_ws/install/turtlesim/include/turtlesim/action
[44.404s] -- Installing: /home/son/Documents/ros2_mbrb_ws/install/turtlesim/include/turtlesim/action/rotate_absolute__rosidl_typesupport_fastrtps_cpp.hpp
[44.404s] -- Installing: /home/son/Documents/ros2_mbrb_ws/install/turtlesim/include/turtlesim/action/dds_fastrtps
[44.404s] -- Up-to-date: /home/son/Documents/ros2_mbrb_ws/install/turtlesim/include/turtlesim/msg
[44.404s] -- Installing: /home/son/Documents/ros2_mbrb_ws/install/turtlesim/include/turtlesim/msg/pose__rosidl_typesupport_fastrtps_cpp.hpp
[44.404s] -- Installing: /home/son/Documents/ros2_mbrb_ws/install/turtlesim/include/turtlesim/msg/dds_fastrtps
[44.404s] -- Installing: /home/son/Documents/ros2_mbrb_ws/install/turtlesim/include/turtlesim/msg/rosidl_typesupport_fastrtps_cpp__visibility_control.h
[44.404s] -- Installing: /home/son/Documents/ros2_mbrb_ws/install/turtlesim/include/turtlesim/msg/color__rosidl_typesupport_fastrtps_cpp.hpp
[44.404s] -- Installing: /home/son/Documents/ros2_mbrb_ws/install/turtlesim/lib/libturtlesim__rosidl_typesupport_fastrtps_cpp.so
[44.404s] -- Set runtime path of "/home/son/Documents/ros2_mbrb_ws/install/turtlesim/lib/libturtlesim__rosidl_typesupport_fastrtps_cpp.so" to ""
[44.404s] -- Installing: /home/son/Documents/ros2_mbrb_ws/install/turtlesim/share/turtlesim/environment/pythonpath.sh
[44.404s] -- Installing: /home/son/Documents/ros2_mbrb_ws/install/turtlesim/lib/python3.6/site-packages/turtlesim/__init__.py
[44.547s] Compiling '/home/son/Documents/ros2_mbrb_ws/install/turtlesim/lib/python3.6/site-packages/turtlesim/__init__.py'...
[44.551s] -- Installing: /home/son/Documents/ros2_mbrb_ws/install/turtlesim/lib/python3.6/site-packages/turtlesim/action
[44.552s] -- Installing: /home/son/Documents/ros2_mbrb_ws/install/turtlesim/lib/python3.6/site-packages/turtlesim/action/_rotate_absolute_s.c
[44.552s] -- Installing: /home/son/Documents/ros2_mbrb_ws/install/turtlesim/lib/python3.6/site-packages/turtlesim/action/__init__.py
[44.552s] -- Installing: /home/son/Documents/ros2_mbrb_ws/install/turtlesim/lib/python3.6/site-packages/turtlesim/action/_rotate_absolute.py
[44.552s] -- Installing: /home/son/Documents/ros2_mbrb_ws/install/turtlesim/lib/python3.6/site-packages/turtlesim/msg
[44.552s] -- Installing: /home/son/Documents/ros2_mbrb_ws/install/turtlesim/lib/python3.6/site-packages/turtlesim/msg/_pose.py
[44.553s] -- Installing: /home/son/Documents/ros2_mbrb_ws/install/turtlesim/lib/python3.6/site-packages/turtlesim/msg/__init__.py
[44.553s] -- Installing: /home/son/Documents/ros2_mbrb_ws/install/turtlesim/lib/python3.6/site-packages/turtlesim/msg/_pose_s.c
[44.553s] -- Installing: /home/son/Documents/ros2_mbrb_ws/install/turtlesim/lib/python3.6/site-packages/turtlesim/msg/_color_s.c
[44.553s] -- Installing: /home/son/Documents/ros2_mbrb_ws/install/turtlesim/lib/python3.6/site-packages/turtlesim/msg/_color.py
[44.553s] -- Installing: /home/son/Documents/ros2_mbrb_ws/install/turtlesim/lib/python3.6/site-packages/turtlesim/srv
[44.554s] -- Installing: /home/son/Documents/ros2_mbrb_ws/install/turtlesim/lib/python3.6/site-packages/turtlesim/srv/_set_pen.py
[44.554s] -- Installing: /home/son/Documents/ros2_mbrb_ws/install/turtlesim/lib/python3.6/site-packages/turtlesim/srv/_set_pen_s.c
[44.554s] -- Installing: /home/son/Documents/ros2_mbrb_ws/install/turtlesim/lib/python3.6/site-packages/turtlesim/srv/_kill_s.c
[44.554s] -- Installing: /home/son/Documents/ros2_mbrb_ws/install/turtlesim/lib/python3.6/site-packages/turtlesim/srv/_teleport_absolute.py
[44.554s] -- Installing: /home/son/Documents/ros2_mbrb_ws/install/turtlesim/lib/python3.6/site-packages/turtlesim/srv/_kill.py
[44.554s] -- Installing: /home/son/Documents/ros2_mbrb_ws/install/turtlesim/lib/python3.6/site-packages/turtlesim/srv/__init__.py
[44.554s] -- Installing: /home/son/Documents/ros2_mbrb_ws/install/turtlesim/lib/python3.6/site-packages/turtlesim/srv/_teleport_absolute_s.c
[44.554s] -- Installing: /home/son/Documents/ros2_mbrb_ws/install/turtlesim/lib/python3.6/site-packages/turtlesim/srv/_teleport_relative_s.c
[44.555s] -- Installing: /home/son/Documents/ros2_mbrb_ws/install/turtlesim/lib/python3.6/site-packages/turtlesim/srv/_teleport_relative.py
[44.555s] -- Installing: /home/son/Documents/ros2_mbrb_ws/install/turtlesim/lib/python3.6/site-packages/turtlesim/srv/_spawn.py
[44.555s] -- Installing: /home/son/Documents/ros2_mbrb_ws/install/turtlesim/lib/python3.6/site-packages/turtlesim/srv/_spawn_s.c
[44.555s] -- Installing: /home/son/Documents/ros2_mbrb_ws/install/turtlesim/lib/python3.6/site-packages/turtlesim/turtlesim_s__rosidl_typesupport_c.cpython-36m-x86_64-linux-gnu.so
[44.555s] -- Set runtime path of "/home/son/Documents/ros2_mbrb_ws/install/turtlesim/lib/python3.6/site-packages/turtlesim/turtlesim_s__rosidl_typesupport_c.cpython-36m-x86_64-linux-gnu.so" to ""
[44.555s] -- Installing: /home/son/Documents/ros2_mbrb_ws/install/turtlesim/lib/python3.6/site-packages/turtlesim/turtlesim_s__rosidl_typesupport_introspection_c.cpython-36m-x86_64-linux-gnu.so
[44.556s] -- Set runtime path of "/home/son/Documents/ros2_mbrb_ws/install/turtlesim/lib/python3.6/site-packages/turtlesim/turtlesim_s__rosidl_typesupport_introspection_c.cpython-36m-x86_64-linux-gnu.so" to ""
[44.556s] -- Installing: /home/son/Documents/ros2_mbrb_ws/install/turtlesim/lib/python3.6/site-packages/turtlesim/turtlesim_s__rosidl_typesupport_fastrtps_c.cpython-36m-x86_64-linux-gnu.so
[44.557s] -- Set runtime path of "/home/son/Documents/ros2_mbrb_ws/install/turtlesim/lib/python3.6/site-packages/turtlesim/turtlesim_s__rosidl_typesupport_fastrtps_c.cpython-36m-x86_64-linux-gnu.so" to ""
[44.557s] -- Installing: /home/son/Documents/ros2_mbrb_ws/install/turtlesim/lib/libturtlesim__python.so
[44.558s] -- Set runtime path of "/home/son/Documents/ros2_mbrb_ws/install/turtlesim/lib/libturtlesim__python.so" to ""
[44.558s] -- Installing: /home/son/Documents/ros2_mbrb_ws/install/turtlesim/share/turtlesim/action/RotateAbsolute.idl
[44.558s] -- Installing: /home/son/Documents/ros2_mbrb_ws/install/turtlesim/share/turtlesim/msg/Color.idl
[44.558s] -- Installing: /home/son/Documents/ros2_mbrb_ws/install/turtlesim/share/turtlesim/msg/Pose.idl
[44.558s] -- Installing: /home/son/Documents/ros2_mbrb_ws/install/turtlesim/share/turtlesim/srv/Kill.idl
[44.558s] -- Installing: /home/son/Documents/ros2_mbrb_ws/install/turtlesim/share/turtlesim/srv/SetPen.idl
[44.558s] -- Installing: /home/son/Documents/ros2_mbrb_ws/install/turtlesim/share/turtlesim/srv/Spawn.idl
[44.558s] -- Installing: /home/son/Documents/ros2_mbrb_ws/install/turtlesim/share/turtlesim/srv/TeleportAbsolute.idl
[44.559s] -- Installing: /home/son/Documents/ros2_mbrb_ws/install/turtlesim/share/turtlesim/srv/TeleportRelative.idl
[44.559s] -- Installing: /home/son/Documents/ros2_mbrb_ws/install/turtlesim/share/turtlesim/action/RotateAbsolute.action
[44.559s] -- Installing: /home/son/Documents/ros2_mbrb_ws/install/turtlesim/share/turtlesim/msg/Color.msg
[44.559s] -- Installing: /home/son/Documents/ros2_mbrb_ws/install/turtlesim/share/turtlesim/msg/Pose.msg
[44.559s] -- Installing: /home/son/Documents/ros2_mbrb_ws/install/turtlesim/share/turtlesim/srv/Kill.srv
[44.559s] -- Installing: /home/son/Documents/ros2_mbrb_ws/install/turtlesim/share/turtlesim/srv/Kill_Request.msg
[44.559s] -- Installing: /home/son/Documents/ros2_mbrb_ws/install/turtlesim/share/turtlesim/srv/Kill_Response.msg
[44.559s] -- Installing: /home/son/Documents/ros2_mbrb_ws/install/turtlesim/share/turtlesim/srv/SetPen.srv
[44.560s] -- Installing: /home/son/Documents/ros2_mbrb_ws/install/turtlesim/share/turtlesim/srv/SetPen_Request.msg
[44.560s] -- Installing: /home/son/Documents/ros2_mbrb_ws/install/turtlesim/share/turtlesim/srv/SetPen_Response.msg
[44.560s] -- Installing: /home/son/Documents/ros2_mbrb_ws/install/turtlesim/share/turtlesim/srv/Spawn.srv
[44.560s] -- Installing: /home/son/Documents/ros2_mbrb_ws/install/turtlesim/share/turtlesim/srv/Spawn_Request.msg
[44.560s] -- Installing: /home/son/Documents/ros2_mbrb_ws/install/turtlesim/share/turtlesim/srv/Spawn_Response.msg
[44.560s] -- Installing: /home/son/Documents/ros2_mbrb_ws/install/turtlesim/share/turtlesim/srv/TeleportAbsolute.srv
[44.560s] -- Installing: /home/son/Documents/ros2_mbrb_ws/install/turtlesim/share/turtlesim/srv/TeleportAbsolute_Request.msg
[44.560s] -- Installing: /home/son/Documents/ros2_mbrb_ws/install/turtlesim/share/turtlesim/srv/TeleportAbsolute_Response.msg
[44.561s] -- Installing: /home/son/Documents/ros2_mbrb_ws/install/turtlesim/share/turtlesim/srv/TeleportRelative.srv
[44.561s] -- Installing: /home/son/Documents/ros2_mbrb_ws/install/turtlesim/share/turtlesim/srv/TeleportRelative_Request.msg
[44.561s] -- Installing: /home/son/Documents/ros2_mbrb_ws/install/turtlesim/share/turtlesim/srv/TeleportRelative_Response.msg
[44.561s] -- Installing: /home/son/Documents/ros2_mbrb_ws/install/turtlesim/lib/turtlesim/turtlesim_node
[44.564s] -- Set runtime path of "/home/son/Documents/ros2_mbrb_ws/install/turtlesim/lib/turtlesim/turtlesim_node" to ""
[44.564s] -- Installing: /home/son/Documents/ros2_mbrb_ws/install/turtlesim/lib/turtlesim/turtle_teleop_key
[44.566s] -- Set runtime path of "/home/son/Documents/ros2_mbrb_ws/install/turtlesim/lib/turtlesim/turtle_teleop_key" to ""
[44.566s] -- Installing: /home/son/Documents/ros2_mbrb_ws/install/turtlesim/lib/turtlesim/draw_square
[44.567s] -- Set runtime path of "/home/son/Documents/ros2_mbrb_ws/install/turtlesim/lib/turtlesim/draw_square" to ""
[44.568s] -- Installing: /home/son/Documents/ros2_mbrb_ws/install/turtlesim/lib/turtlesim/mimic
[44.569s] -- Set runtime path of "/home/son/Documents/ros2_mbrb_ws/install/turtlesim/lib/turtlesim/mimic" to ""
[44.569s] -- Installing: /home/son/Documents/ros2_mbrb_ws/install/turtlesim/share/turtlesim/images
[44.583s] -- Installing: /home/son/Documents/ros2_mbrb_ws/install/turtlesim/share/turtlesim/images/crystal.png
[44.590s] -- Installing: /home/son/Documents/ros2_mbrb_ws/install/turtlesim/share/turtlesim/images/bouncy.png
[44.590s] -- Installing: /home/son/Documents/ros2_mbrb_ws/install/turtlesim/share/turtlesim/images/ardent.png
[44.598s] -- Installing: /home/son/Documents/ros2_mbrb_ws/install/turtlesim/share/turtlesim/images/dashing.png
[44.598s] -- Installing: /home/son/Documents/ros2_mbrb_ws/install/turtlesim/share/turtlesim/launch
[44.599s] -- Installing: /home/son/Documents/ros2_mbrb_ws/install/turtlesim/share/turtlesim/launch/multisim.launch.py
[44.599s] -- Installing: /home/son/Documents/ros2_mbrb_ws/install/turtlesim/share/ament_index/resource_index/package_run_dependencies/turtlesim
[44.599s] -- Installing: /home/son/Documents/ros2_mbrb_ws/install/turtlesim/share/ament_index/resource_index/parent_prefix_path/turtlesim
[44.599s] -- Installing: /home/son/Documents/ros2_mbrb_ws/install/turtlesim/share/turtlesim/environment/ament_prefix_path.sh
[44.600s] -- Installing: /home/son/Documents/ros2_mbrb_ws/install/turtlesim/share/turtlesim/environment/path.sh
[44.600s] -- Installing: /home/son/Documents/ros2_mbrb_ws/install/turtlesim/share/turtlesim/local_setup.bash
[44.600s] -- Installing: /home/son/Documents/ros2_mbrb_ws/install/turtlesim/share/turtlesim/local_setup.sh
[44.600s] -- Installing: /home/son/Documents/ros2_mbrb_ws/install/turtlesim/share/turtlesim/local_setup.zsh
[44.600s] -- Installing: /home/son/Documents/ros2_mbrb_ws/install/turtlesim/share/ament_index/resource_index/packages/turtlesim
[44.600s] -- Installing: /home/son/Documents/ros2_mbrb_ws/install/turtlesim/share/turtlesim/cmake/rosidl_cmake-extras.cmake
[44.600s] -- Installing: /home/son/Documents/ros2_mbrb_ws/install/turtlesim/share/turtlesim/cmake/ament_cmake_export_dependencies-extras.cmake
[44.600s] -- Installing: /home/son/Documents/ros2_mbrb_ws/install/turtlesim/share/turtlesim/cmake/ament_cmake_export_libraries-extras.cmake
[44.600s] -- Installing: /home/son/Documents/ros2_mbrb_ws/install/turtlesim/share/turtlesim/cmake/ament_cmake_export_include_directories-extras.cmake
[44.601s] -- Installing: /home/son/Documents/ros2_mbrb_ws/install/turtlesim/share/turtlesim/cmake/turtlesimConfig.cmake
[44.601s] -- Installing: /home/son/Documents/ros2_mbrb_ws/install/turtlesim/share/turtlesim/cmake/turtlesimConfig-version.cmake
[44.601s] -- Installing: /home/son/Documents/ros2_mbrb_ws/install/turtlesim/share/turtlesim/package.xml
[44.606s] Invoked command in '/home/son/Documents/ros2_mbrb_ws/build/turtlesim' returned '0': CMAKE_PREFIX_PATH=${CMAKE_PREFIX_PATH}:/home/son/ros2_dashing/install/ros2bag:/home/son/ros2_dashing/install/topic_monitor:/home/son/ros2_dashing/install/sros2:/home/son/ros2_dashing/install/rqt_topic:/home/son/ros2_dashing/install/rqt_action:/home/son/ros2_dashing/install/rqt:/home/son/ros2_dashing/install/rqt_graph:/home/son/ros2_dashing/install/rqt_gui_py:/home/son/ros2_dashing/install/rqt_gui:/home/son/ros2_dashing/install/ros2topic:/home/son/ros2_dashing/install/ros2test:/home/son/ros2_dashing/install/ros2component:/home/son/ros2_dashing/install/ros2param:/home/son/ros2_dashing/install/ros2lifecycle:/home/son/ros2_dashing/install/ros2service:/home/son/ros2_dashing/install/ros2srv:/home/son/ros2_dashing/install/ros2run:/home/son/ros2_dashing/install/ros2launch:/home/son/ros2_dashing/install/ros2pkg:/home/son/ros2_dashing/install/ros2node:/home/son/ros2_dashing/install/ros2multicast:/home/son/ros2_dashing/install/ros2msg:/home/son/ros2_dashing/install/ros2action:/home/son/ros2_dashing/install/ros2cli:/home/son/ros2_dashing/install/quality_of_service_demo_py:/home/son/ros2_dashing/install/launch_testing_ros:/home/son/ros2_dashing/install/launch_ros:/home/son/ros2_dashing/install/examples_rclpy_minimal_subscriber:/home/son/ros2_dashing/install/examples_rclpy_minimal_service:/home/son/ros2_dashing/install/examples_rclpy_minimal_publisher:/home/son/ros2_dashing/install/examples_rclpy_minimal_client:/home/son/ros2_dashing/install/examples_rclpy_minimal_action_server:/home/son/ros2_dashing/install/examples_rclpy_minimal_action_client:/home/son/ros2_dashing/install/examples_rclpy_executors:/home/son/ros2_dashing/install/demo_nodes_py:/home/son/ros2_dashing/install/ament_uncrustify:/home/son/ros2_dashing/install/test_launch_ros:/home/son/ros2_dashing/install/rosidl_runtime_py:/home/son/ros2_dashing/install/launch_testing:/home/son/ros2_dashing/install/launch:/home/son/ros2_dashing/install/osrf_pycommon:/home/son/ros2_dashing/install/ament_xmllint:/home/son/ros2_dashing/install/ament_pyflakes:/home/son/ros2_dashing/install/ament_pep8:/home/son/ros2_dashing/install/ament_pep257:/home/son/ros2_dashing/install/ament_pclint:/home/son/ros2_dashing/install/ament_package:/home/son/ros2_dashing/install/ament_lint_cmake:/home/son/ros2_dashing/install/ament_flake8:/home/son/ros2_dashing/install/ament_copyright:/home/son/ros2_dashing/install/ament_lint:/home/son/ros2_dashing/install/ament_index_python:/home/son/ros2_dashing/install/ament_cpplint:/home/son/ros2_dashing/install/ament_cppcheck:/home/son/ros2_dashing/install/ament_clang_tidy:/home/son/ros2_dashing/install/ament_clang_format /usr/bin/cmake --build /home/son/Documents/ros2_mbrb_ws/build/turtlesim --target install -- -j4 -l4
