[0.681s] Invoking command in '/home/son/Documents/ros2_mbrb_ws/build/turtlesim': CMAKE_PREFIX_PATH=${CMAKE_PREFIX_PATH}:/home/son/ros2_dashing/install/ros2bag:/home/son/ros2_dashing/install/topic_monitor:/home/son/ros2_dashing/install/sros2:/home/son/ros2_dashing/install/rqt_topic:/home/son/ros2_dashing/install/rqt_action:/home/son/ros2_dashing/install/rqt:/home/son/ros2_dashing/install/rqt_graph:/home/son/ros2_dashing/install/rqt_gui_py:/home/son/ros2_dashing/install/rqt_gui:/home/son/ros2_dashing/install/ros2topic:/home/son/ros2_dashing/install/ros2test:/home/son/ros2_dashing/install/ros2component:/home/son/ros2_dashing/install/ros2param:/home/son/ros2_dashing/install/ros2lifecycle:/home/son/ros2_dashing/install/ros2service:/home/son/ros2_dashing/install/ros2srv:/home/son/ros2_dashing/install/ros2run:/home/son/ros2_dashing/install/ros2launch:/home/son/ros2_dashing/install/ros2pkg:/home/son/ros2_dashing/install/ros2node:/home/son/ros2_dashing/install/ros2multicast:/home/son/ros2_dashing/install/ros2msg:/home/son/ros2_dashing/install/ros2action:/home/son/ros2_dashing/install/ros2cli:/home/son/ros2_dashing/install/quality_of_service_demo_py:/home/son/ros2_dashing/install/launch_testing_ros:/home/son/ros2_dashing/install/launch_ros:/home/son/ros2_dashing/install/examples_rclpy_minimal_subscriber:/home/son/ros2_dashing/install/examples_rclpy_minimal_service:/home/son/ros2_dashing/install/examples_rclpy_minimal_publisher:/home/son/ros2_dashing/install/examples_rclpy_minimal_client:/home/son/ros2_dashing/install/examples_rclpy_minimal_action_server:/home/son/ros2_dashing/install/examples_rclpy_minimal_action_client:/home/son/ros2_dashing/install/examples_rclpy_executors:/home/son/ros2_dashing/install/demo_nodes_py:/home/son/ros2_dashing/install/ament_uncrustify:/home/son/ros2_dashing/install/test_launch_ros:/home/son/ros2_dashing/install/rosidl_runtime_py:/home/son/ros2_dashing/install/launch_testing:/home/son/ros2_dashing/install/launch:/home/son/ros2_dashing/install/osrf_pycommon:/home/son/ros2_dashing/install/ament_xmllint:/home/son/ros2_dashing/install/ament_pyflakes:/home/son/ros2_dashing/install/ament_pep8:/home/son/ros2_dashing/install/ament_pep257:/home/son/ros2_dashing/install/ament_pclint:/home/son/ros2_dashing/install/ament_package:/home/son/ros2_dashing/install/ament_lint_cmake:/home/son/ros2_dashing/install/ament_flake8:/home/son/ros2_dashing/install/ament_copyright:/home/son/ros2_dashing/install/ament_lint:/home/son/ros2_dashing/install/ament_index_python:/home/son/ros2_dashing/install/ament_cpplint:/home/son/ros2_dashing/install/ament_cppcheck:/home/son/ros2_dashing/install/ament_clang_tidy:/home/son/ros2_dashing/install/ament_clang_format /usr/bin/cmake --build /home/son/Documents/ros2_mbrb_ws/build/turtlesim -- -j4 -l4
[4.177s] [  1%] Built target turtlesim__cpp
[4.430s] [ 11%] Built target turtlesim__rosidl_generator_c
[4.731s] [ 21%] Built target turtlesim__rosidl_typesupport_cpp
[4.744s] [ 31%] Built target turtlesim__rosidl_typesupport_introspection_cpp
[4.761s] [ 41%] Built target turtlesim__rosidl_typesupport_fastrtps_cpp
[4.764s] [ 51%] Built target turtlesim__rosidl_typesupport_introspection_c
[4.861s] [ 61%] Built target turtlesim__rosidl_typesupport_fastrtps_c
[4.879s] [ 71%] Built target turtlesim__rosidl_typesupport_c
[4.927s] [ 71%] Built target turtlesim
[5.042s] [ 72%] Built target turtlesim__py
[5.736s] [ 74%] Built target draw_square
[5.740s] [ 76%] Built target mimic
[5.744s] [ 78%] Built target turtle_teleop_key
[5.754s] [ 84%] Built target turtlesim_node
[5.950s] [ 93%] Built target turtlesim__python
[6.058s] [ 95%] Built target turtlesim__rosidl_typesupport_introspection_c__pyext
[6.068s] [ 97%] Built target turtlesim__rosidl_typesupport_c__pyext
[6.073s] [100%] Built target turtlesim__rosidl_typesupport_fastrtps_c__pyext
[6.110s] Invoked command in '/home/son/Documents/ros2_mbrb_ws/build/turtlesim' returned '0': CMAKE_PREFIX_PATH=${CMAKE_PREFIX_PATH}:/home/son/ros2_dashing/install/ros2bag:/home/son/ros2_dashing/install/topic_monitor:/home/son/ros2_dashing/install/sros2:/home/son/ros2_dashing/install/rqt_topic:/home/son/ros2_dashing/install/rqt_action:/home/son/ros2_dashing/install/rqt:/home/son/ros2_dashing/install/rqt_graph:/home/son/ros2_dashing/install/rqt_gui_py:/home/son/ros2_dashing/install/rqt_gui:/home/son/ros2_dashing/install/ros2topic:/home/son/ros2_dashing/install/ros2test:/home/son/ros2_dashing/install/ros2component:/home/son/ros2_dashing/install/ros2param:/home/son/ros2_dashing/install/ros2lifecycle:/home/son/ros2_dashing/install/ros2service:/home/son/ros2_dashing/install/ros2srv:/home/son/ros2_dashing/install/ros2run:/home/son/ros2_dashing/install/ros2launch:/home/son/ros2_dashing/install/ros2pkg:/home/son/ros2_dashing/install/ros2node:/home/son/ros2_dashing/install/ros2multicast:/home/son/ros2_dashing/install/ros2msg:/home/son/ros2_dashing/install/ros2action:/home/son/ros2_dashing/install/ros2cli:/home/son/ros2_dashing/install/quality_of_service_demo_py:/home/son/ros2_dashing/install/launch_testing_ros:/home/son/ros2_dashing/install/launch_ros:/home/son/ros2_dashing/install/examples_rclpy_minimal_subscriber:/home/son/ros2_dashing/install/examples_rclpy_minimal_service:/home/son/ros2_dashing/install/examples_rclpy_minimal_publisher:/home/son/ros2_dashing/install/examples_rclpy_minimal_client:/home/son/ros2_dashing/install/examples_rclpy_minimal_action_server:/home/son/ros2_dashing/install/examples_rclpy_minimal_action_client:/home/son/ros2_dashing/install/examples_rclpy_executors:/home/son/ros2_dashing/install/demo_nodes_py:/home/son/ros2_dashing/install/ament_uncrustify:/home/son/ros2_dashing/install/test_launch_ros:/home/son/ros2_dashing/install/rosidl_runtime_py:/home/son/ros2_dashing/install/launch_testing:/home/son/ros2_dashing/install/launch:/home/son/ros2_dashing/install/osrf_pycommon:/home/son/ros2_dashing/install/ament_xmllint:/home/son/ros2_dashing/install/ament_pyflakes:/home/son/ros2_dashing/install/ament_pep8:/home/son/ros2_dashing/install/ament_pep257:/home/son/ros2_dashing/install/ament_pclint:/home/son/ros2_dashing/install/ament_package:/home/son/ros2_dashing/install/ament_lint_cmake:/home/son/ros2_dashing/install/ament_flake8:/home/son/ros2_dashing/install/ament_copyright:/home/son/ros2_dashing/install/ament_lint:/home/son/ros2_dashing/install/ament_index_python:/home/son/ros2_dashing/install/ament_cpplint:/home/son/ros2_dashing/install/ament_cppcheck:/home/son/ros2_dashing/install/ament_clang_tidy:/home/son/ros2_dashing/install/ament_clang_format /usr/bin/cmake --build /home/son/Documents/ros2_mbrb_ws/build/turtlesim -- -j4 -l4
[6.975s] Invoking command in '/home/son/Documents/ros2_mbrb_ws/build/turtlesim': CMAKE_PREFIX_PATH=${CMAKE_PREFIX_PATH}:/home/son/ros2_dashing/install/ros2bag:/home/son/ros2_dashing/install/topic_monitor:/home/son/ros2_dashing/install/sros2:/home/son/ros2_dashing/install/rqt_topic:/home/son/ros2_dashing/install/rqt_action:/home/son/ros2_dashing/install/rqt:/home/son/ros2_dashing/install/rqt_graph:/home/son/ros2_dashing/install/rqt_gui_py:/home/son/ros2_dashing/install/rqt_gui:/home/son/ros2_dashing/install/ros2topic:/home/son/ros2_dashing/install/ros2test:/home/son/ros2_dashing/install/ros2component:/home/son/ros2_dashing/install/ros2param:/home/son/ros2_dashing/install/ros2lifecycle:/home/son/ros2_dashing/install/ros2service:/home/son/ros2_dashing/install/ros2srv:/home/son/ros2_dashing/install/ros2run:/home/son/ros2_dashing/install/ros2launch:/home/son/ros2_dashing/install/ros2pkg:/home/son/ros2_dashing/install/ros2node:/home/son/ros2_dashing/install/ros2multicast:/home/son/ros2_dashing/install/ros2msg:/home/son/ros2_dashing/install/ros2action:/home/son/ros2_dashing/install/ros2cli:/home/son/ros2_dashing/install/quality_of_service_demo_py:/home/son/ros2_dashing/install/launch_testing_ros:/home/son/ros2_dashing/install/launch_ros:/home/son/ros2_dashing/install/examples_rclpy_minimal_subscriber:/home/son/ros2_dashing/install/examples_rclpy_minimal_service:/home/son/ros2_dashing/install/examples_rclpy_minimal_publisher:/home/son/ros2_dashing/install/examples_rclpy_minimal_client:/home/son/ros2_dashing/install/examples_rclpy_minimal_action_server:/home/son/ros2_dashing/install/examples_rclpy_minimal_action_client:/home/son/ros2_dashing/install/examples_rclpy_executors:/home/son/ros2_dashing/install/demo_nodes_py:/home/son/ros2_dashing/install/ament_uncrustify:/home/son/ros2_dashing/install/test_launch_ros:/home/son/ros2_dashing/install/rosidl_runtime_py:/home/son/ros2_dashing/install/launch_testing:/home/son/ros2_dashing/install/launch:/home/son/ros2_dashing/install/osrf_pycommon:/home/son/ros2_dashing/install/ament_xmllint:/home/son/ros2_dashing/install/ament_pyflakes:/home/son/ros2_dashing/install/ament_pep8:/home/son/ros2_dashing/install/ament_pep257:/home/son/ros2_dashing/install/ament_pclint:/home/son/ros2_dashing/install/ament_package:/home/son/ros2_dashing/install/ament_lint_cmake:/home/son/ros2_dashing/install/ament_flake8:/home/son/ros2_dashing/install/ament_copyright:/home/son/ros2_dashing/install/ament_lint:/home/son/ros2_dashing/install/ament_index_python:/home/son/ros2_dashing/install/ament_cpplint:/home/son/ros2_dashing/install/ament_cppcheck:/home/son/ros2_dashing/install/ament_clang_tidy:/home/son/ros2_dashing/install/ament_clang_format /usr/bin/cmake --build /home/son/Documents/ros2_mbrb_ws/build/turtlesim --target install -- -j4 -l4
[7.140s] [  1%] Built target turtlesim__cpp
[7.144s] [ 11%] Built target turtlesim__rosidl_generator_c
[7.233s] [ 21%] Built target turtlesim__rosidl_typesupport_introspection_cpp
[7.246s] [ 31%] Built target turtlesim__rosidl_typesupport_introspection_c
[7.255s] [ 41%] Built target turtlesim__rosidl_typesupport_cpp
[7.281s] [ 51%] Built target turtlesim__rosidl_typesupport_fastrtps_cpp
[7.305s] [ 61%] Built target turtlesim__rosidl_typesupport_c
[7.360s] [ 71%] Built target turtlesim__rosidl_typesupport_fastrtps_c
[7.427s] [ 71%] Built target turtlesim
[7.507s] [ 72%] Built target turtlesim__py
[7.514s] [ 74%] Built target draw_square
[7.518s] [ 76%] Built target mimic
[7.519s] [ 78%] Built target turtle_teleop_key
[7.594s] [ 87%] Built target turtlesim__python
[7.621s] [ 93%] Built target turtlesim_node
[7.673s] [ 95%] Built target turtlesim__rosidl_typesupport_c__pyext
[7.687s] [ 97%] Built target turtlesim__rosidl_typesupport_introspection_c__pyext
[7.692s] [100%] Built target turtlesim__rosidl_typesupport_fastrtps_c__pyext
[7.737s] [36mInstall the project...[0m
[7.757s] -- Install configuration: ""
[7.757s] -- Up-to-date: /home/son/Documents/ros2_mbrb_ws/install/turtlesim/share/ament_index/resource_index/rosidl_interfaces/turtlesim
[7.799s] -- Up-to-date: /home/son/Documents/ros2_mbrb_ws/install/turtlesim/lib/libturtlesim__rosidl_typesupport_cpp.so
[7.799s] -- Up-to-date: /home/son/Documents/ros2_mbrb_ws/install/turtlesim/share/turtlesim/environment/library_path.sh
[7.809s] -- Up-to-date: /home/son/Documents/ros2_mbrb_ws/install/turtlesim/lib/libturtlesim__rosidl_typesupport_c.so
[7.809s] -- Up-to-date: /home/son/Documents/ros2_mbrb_ws/install/turtlesim/include/turtlesim
[7.809s] -- Up-to-date: /home/son/Documents/ros2_mbrb_ws/install/turtlesim/include/turtlesim/srv
[7.810s] -- Up-to-date: /home/son/Documents/ros2_mbrb_ws/install/turtlesim/include/turtlesim/srv/spawn__rosidl_typesupport_introspection_cpp.hpp
[7.810s] -- Up-to-date: /home/son/Documents/ros2_mbrb_ws/install/turtlesim/include/turtlesim/srv/teleport_absolute__type_support.cpp
[7.810s] -- Up-to-date: /home/son/Documents/ros2_mbrb_ws/install/turtlesim/include/turtlesim/srv/teleport_absolute__rosidl_typesupport_introspection_cpp.hpp
[7.810s] -- Up-to-date: /home/son/Documents/ros2_mbrb_ws/install/turtlesim/include/turtlesim/srv/set_pen__rosidl_typesupport_introspection_cpp.hpp
[7.810s] -- Up-to-date: /home/son/Documents/ros2_mbrb_ws/install/turtlesim/include/turtlesim/srv/teleport_relative__type_support.cpp
[7.810s] -- Up-to-date: /home/son/Documents/ros2_mbrb_ws/install/turtlesim/include/turtlesim/srv/kill__rosidl_typesupport_introspection_cpp.hpp
[7.810s] -- Up-to-date: /home/son/Documents/ros2_mbrb_ws/install/turtlesim/include/turtlesim/srv/spawn__type_support.cpp
[7.810s] -- Up-to-date: /home/son/Documents/ros2_mbrb_ws/install/turtlesim/include/turtlesim/srv/set_pen__type_support.cpp
[7.811s] -- Up-to-date: /home/son/Documents/ros2_mbrb_ws/install/turtlesim/include/turtlesim/srv/teleport_relative__rosidl_typesupport_introspection_cpp.hpp
[7.811s] -- Up-to-date: /home/son/Documents/ros2_mbrb_ws/install/turtlesim/include/turtlesim/srv/kill__type_support.cpp
[7.811s] -- Up-to-date: /home/son/Documents/ros2_mbrb_ws/install/turtlesim/include/turtlesim/action
[7.811s] -- Up-to-date: /home/son/Documents/ros2_mbrb_ws/install/turtlesim/include/turtlesim/action/rotate_absolute__type_support.cpp
[7.811s] -- Up-to-date: /home/son/Documents/ros2_mbrb_ws/install/turtlesim/include/turtlesim/action/rotate_absolute__rosidl_typesupport_introspection_cpp.hpp
[7.811s] -- Up-to-date: /home/son/Documents/ros2_mbrb_ws/install/turtlesim/include/turtlesim/msg
[7.811s] -- Up-to-date: /home/son/Documents/ros2_mbrb_ws/install/turtlesim/include/turtlesim/msg/pose__rosidl_typesupport_introspection_cpp.hpp
[7.811s] -- Up-to-date: /home/son/Documents/ros2_mbrb_ws/install/turtlesim/include/turtlesim/msg/color__rosidl_typesupport_introspection_cpp.hpp
[7.811s] -- Up-to-date: /home/son/Documents/ros2_mbrb_ws/install/turtlesim/include/turtlesim/msg/pose__type_support.cpp
[7.812s] -- Up-to-date: /home/son/Documents/ros2_mbrb_ws/install/turtlesim/include/turtlesim/msg/color__type_support.cpp
[7.813s] -- Up-to-date: /home/son/Documents/ros2_mbrb_ws/install/turtlesim/lib/libturtlesim__rosidl_typesupport_introspection_cpp.so
[7.813s] -- Up-to-date: /home/son/Documents/ros2_mbrb_ws/install/turtlesim/include/turtlesim
[7.814s] -- Up-to-date: /home/son/Documents/ros2_mbrb_ws/install/turtlesim/include/turtlesim/srv
[7.814s] -- Up-to-date: /home/son/Documents/ros2_mbrb_ws/install/turtlesim/include/turtlesim/srv/set_pen__functions.h
[7.814s] -- Up-to-date: /home/son/Documents/ros2_mbrb_ws/install/turtlesim/include/turtlesim/srv/spawn__functions.c
[7.814s] -- Up-to-date: /home/son/Documents/ros2_mbrb_ws/install/turtlesim/include/turtlesim/srv/set_pen__struct.h
[7.815s] -- Up-to-date: /home/son/Documents/ros2_mbrb_ws/install/turtlesim/include/turtlesim/srv/kill__functions.h
[7.815s] -- Up-to-date: /home/son/Documents/ros2_mbrb_ws/install/turtlesim/include/turtlesim/srv/teleport_absolute__struct.h
[7.815s] -- Up-to-date: /home/son/Documents/ros2_mbrb_ws/install/turtlesim/include/turtlesim/srv/spawn__struct.h
[7.815s] -- Up-to-date: /home/son/Documents/ros2_mbrb_ws/install/turtlesim/include/turtlesim/srv/spawn__type_support.h
[7.815s] -- Up-to-date: /home/son/Documents/ros2_mbrb_ws/install/turtlesim/include/turtlesim/srv/set_pen.h
[7.815s] -- Up-to-date: /home/son/Documents/ros2_mbrb_ws/install/turtlesim/include/turtlesim/srv/teleport_relative.h
[7.815s] -- Up-to-date: /home/son/Documents/ros2_mbrb_ws/install/turtlesim/include/turtlesim/srv/kill__functions.c
[7.815s] -- Up-to-date: /home/son/Documents/ros2_mbrb_ws/install/turtlesim/include/turtlesim/srv/teleport_relative__functions.c
[7.816s] -- Up-to-date: /home/son/Documents/ros2_mbrb_ws/install/turtlesim/include/turtlesim/srv/teleport_absolute.h
[7.816s] -- Up-to-date: /home/son/Documents/ros2_mbrb_ws/install/turtlesim/include/turtlesim/srv/teleport_relative__struct.h
[7.816s] -- Up-to-date: /home/son/Documents/ros2_mbrb_ws/install/turtlesim/include/turtlesim/srv/set_pen__functions.c
[7.816s] -- Up-to-date: /home/son/Documents/ros2_mbrb_ws/install/turtlesim/include/turtlesim/srv/teleport_absolute__functions.h
[7.816s] -- Up-to-date: /home/son/Documents/ros2_mbrb_ws/install/turtlesim/include/turtlesim/srv/teleport_relative__type_support.h
[7.816s] -- Up-to-date: /home/son/Documents/ros2_mbrb_ws/install/turtlesim/include/turtlesim/srv/spawn__functions.h
[7.817s] -- Up-to-date: /home/son/Documents/ros2_mbrb_ws/install/turtlesim/include/turtlesim/srv/kill__type_support.h
[7.817s] -- Up-to-date: /home/son/Documents/ros2_mbrb_ws/install/turtlesim/include/turtlesim/srv/teleport_absolute__functions.c
[7.817s] -- Up-to-date: /home/son/Documents/ros2_mbrb_ws/install/turtlesim/include/turtlesim/srv/set_pen__type_support.h
[7.818s] -- Up-to-date: /home/son/Documents/ros2_mbrb_ws/install/turtlesim/include/turtlesim/srv/kill__struct.h
[7.818s] -- Up-to-date: /home/son/Documents/ros2_mbrb_ws/install/turtlesim/include/turtlesim/srv/spawn.h
[7.818s] -- Up-to-date: /home/son/Documents/ros2_mbrb_ws/install/turtlesim/include/turtlesim/srv/teleport_relative__functions.h
[7.818s] -- Up-to-date: /home/son/Documents/ros2_mbrb_ws/install/turtlesim/include/turtlesim/srv/teleport_absolute__type_support.h
[7.819s] -- Up-to-date: /home/son/Documents/ros2_mbrb_ws/install/turtlesim/include/turtlesim/srv/kill.h
[7.819s] -- Up-to-date: /home/son/Documents/ros2_mbrb_ws/install/turtlesim/include/turtlesim/action
[7.819s] -- Up-to-date: /home/son/Documents/ros2_mbrb_ws/install/turtlesim/include/turtlesim/action/rotate_absolute.h
[7.819s] -- Up-to-date: /home/son/Documents/ros2_mbrb_ws/install/turtlesim/include/turtlesim/action/rotate_absolute__functions.c
[7.819s] -- Up-to-date: /home/son/Documents/ros2_mbrb_ws/install/turtlesim/include/turtlesim/action/rotate_absolute__struct.h
[7.819s] -- Up-to-date: /home/son/Documents/ros2_mbrb_ws/install/turtlesim/include/turtlesim/action/rotate_absolute__type_support.h
[7.819s] -- Up-to-date: /home/son/Documents/ros2_mbrb_ws/install/turtlesim/include/turtlesim/action/rotate_absolute__functions.h
[7.819s] -- Up-to-date: /home/son/Documents/ros2_mbrb_ws/install/turtlesim/include/turtlesim/msg
[7.820s] -- Up-to-date: /home/son/Documents/ros2_mbrb_ws/install/turtlesim/include/turtlesim/msg/pose__struct.h
[7.820s] -- Up-to-date: /home/son/Documents/ros2_mbrb_ws/install/turtlesim/include/turtlesim/msg/color__functions.c
[7.820s] -- Up-to-date: /home/son/Documents/ros2_mbrb_ws/install/turtlesim/include/turtlesim/msg/color.h
[7.820s] -- Up-to-date: /home/son/Documents/ros2_mbrb_ws/install/turtlesim/include/turtlesim/msg/rosidl_generator_c__visibility_control.h
[7.820s] -- Up-to-date: /home/son/Documents/ros2_mbrb_ws/install/turtlesim/include/turtlesim/msg/color__functions.h
[7.820s] -- Up-to-date: /home/son/Documents/ros2_mbrb_ws/install/turtlesim/include/turtlesim/msg/color__struct.h
[7.820s] -- Up-to-date: /home/son/Documents/ros2_mbrb_ws/install/turtlesim/include/turtlesim/msg/color__type_support.h
[7.820s] -- Up-to-date: /home/son/Documents/ros2_mbrb_ws/install/turtlesim/include/turtlesim/msg/pose__type_support.h
[7.820s] -- Up-to-date: /home/son/Documents/ros2_mbrb_ws/install/turtlesim/include/turtlesim/msg/pose.h
[7.821s] -- Up-to-date: /home/son/Documents/ros2_mbrb_ws/install/turtlesim/include/turtlesim/msg/pose__functions.c
[7.821s] -- Up-to-date: /home/son/Documents/ros2_mbrb_ws/install/turtlesim/include/turtlesim/msg/pose__functions.h
[7.821s] -- Up-to-date: /home/son/Documents/ros2_mbrb_ws/install/turtlesim/lib/libturtlesim__rosidl_generator_c.so
[7.821s] -- Up-to-date: /home/son/Documents/ros2_mbrb_ws/install/turtlesim/include/turtlesim
[7.821s] -- Up-to-date: /home/son/Documents/ros2_mbrb_ws/install/turtlesim/include/turtlesim/srv
[7.821s] -- Up-to-date: /home/son/Documents/ros2_mbrb_ws/install/turtlesim/include/turtlesim/srv/kill__traits.hpp
[7.821s] -- Up-to-date: /home/son/Documents/ros2_mbrb_ws/install/turtlesim/include/turtlesim/srv/teleport_absolute__traits.hpp
[7.821s] -- Up-to-date: /home/son/Documents/ros2_mbrb_ws/install/turtlesim/include/turtlesim/srv/spawn__traits.hpp
[7.821s] -- Up-to-date: /home/son/Documents/ros2_mbrb_ws/install/turtlesim/include/turtlesim/srv/teleport_relative__struct.hpp
[7.822s] -- Up-to-date: /home/son/Documents/ros2_mbrb_ws/install/turtlesim/include/turtlesim/srv/kill__struct.hpp
[7.822s] -- Up-to-date: /home/son/Documents/ros2_mbrb_ws/install/turtlesim/include/turtlesim/srv/set_pen__struct.hpp
[7.822s] -- Up-to-date: /home/son/Documents/ros2_mbrb_ws/install/turtlesim/include/turtlesim/srv/set_pen.hpp
[7.822s] -- Up-to-date: /home/son/Documents/ros2_mbrb_ws/install/turtlesim/include/turtlesim/srv/teleport_absolute__struct.hpp
[7.822s] -- Up-to-date: /home/son/Documents/ros2_mbrb_ws/install/turtlesim/include/turtlesim/srv/spawn__struct.hpp
[7.822s] -- Up-to-date: /home/son/Documents/ros2_mbrb_ws/install/turtlesim/include/turtlesim/srv/set_pen__traits.hpp
[7.823s] -- Up-to-date: /home/son/Documents/ros2_mbrb_ws/install/turtlesim/include/turtlesim/srv/kill.hpp
[7.823s] -- Up-to-date: /home/son/Documents/ros2_mbrb_ws/install/turtlesim/include/turtlesim/srv/teleport_relative__traits.hpp
[7.823s] -- Up-to-date: /home/son/Documents/ros2_mbrb_ws/install/turtlesim/include/turtlesim/srv/teleport_relative.hpp
[7.823s] -- Up-to-date: /home/son/Documents/ros2_mbrb_ws/install/turtlesim/include/turtlesim/srv/teleport_absolute.hpp
[7.823s] -- Up-to-date: /home/son/Documents/ros2_mbrb_ws/install/turtlesim/include/turtlesim/srv/spawn.hpp
[7.823s] -- Up-to-date: /home/son/Documents/ros2_mbrb_ws/install/turtlesim/include/turtlesim/action
[7.824s] -- Up-to-date: /home/son/Documents/ros2_mbrb_ws/install/turtlesim/include/turtlesim/action/rotate_absolute__struct.hpp
[7.824s] -- Up-to-date: /home/son/Documents/ros2_mbrb_ws/install/turtlesim/include/turtlesim/action/rotate_absolute__traits.hpp
[7.824s] -- Up-to-date: /home/son/Documents/ros2_mbrb_ws/install/turtlesim/include/turtlesim/action/rotate_absolute.hpp
[7.824s] -- Up-to-date: /home/son/Documents/ros2_mbrb_ws/install/turtlesim/include/turtlesim/msg
[7.824s] -- Up-to-date: /home/son/Documents/ros2_mbrb_ws/install/turtlesim/include/turtlesim/msg/pose__struct.hpp
[7.824s] -- Up-to-date: /home/son/Documents/ros2_mbrb_ws/install/turtlesim/include/turtlesim/msg/color__traits.hpp
[7.825s] -- Up-to-date: /home/son/Documents/ros2_mbrb_ws/install/turtlesim/include/turtlesim/msg/pose__traits.hpp
[7.825s] -- Up-to-date: /home/son/Documents/ros2_mbrb_ws/install/turtlesim/include/turtlesim/msg/pose.hpp
[7.825s] -- Up-to-date: /home/son/Documents/ros2_mbrb_ws/install/turtlesim/include/turtlesim/msg/color__struct.hpp
[7.825s] -- Up-to-date: /home/son/Documents/ros2_mbrb_ws/install/turtlesim/include/turtlesim/msg/color.hpp
[7.828s] -- Up-to-date: /home/son/Documents/ros2_mbrb_ws/install/turtlesim/include/turtlesim
[7.829s] -- Up-to-date: /home/son/Documents/ros2_mbrb_ws/install/turtlesim/include/turtlesim/srv
[7.829s] -- Up-to-date: /home/son/Documents/ros2_mbrb_ws/install/turtlesim/include/turtlesim/srv/teleport_absolute__type_support.c
[7.829s] -- Up-to-date: /home/son/Documents/ros2_mbrb_ws/install/turtlesim/include/turtlesim/srv/teleport_absolute__rosidl_typesupport_introspection_c.h
[7.830s] -- Up-to-date: /home/son/Documents/ros2_mbrb_ws/install/turtlesim/include/turtlesim/srv/kill__rosidl_typesupport_introspection_c.h
[7.831s] -- Up-to-date: /home/son/Documents/ros2_mbrb_ws/install/turtlesim/include/turtlesim/srv/spawn__type_support.c
[7.831s] -- Up-to-date: /home/son/Documents/ros2_mbrb_ws/install/turtlesim/include/turtlesim/srv/spawn__rosidl_typesupport_introspection_c.h
[7.831s] -- Up-to-date: /home/son/Documents/ros2_mbrb_ws/install/turtlesim/include/turtlesim/srv/kill__type_support.c
[7.831s] -- Up-to-date: /home/son/Documents/ros2_mbrb_ws/install/turtlesim/include/turtlesim/srv/teleport_relative__type_support.c
[7.832s] -- Up-to-date: /home/son/Documents/ros2_mbrb_ws/install/turtlesim/include/turtlesim/srv/teleport_relative__rosidl_typesupport_introspection_c.h
[7.832s] -- Up-to-date: /home/son/Documents/ros2_mbrb_ws/install/turtlesim/include/turtlesim/srv/set_pen__rosidl_typesupport_introspection_c.h
[7.832s] -- Up-to-date: /home/son/Documents/ros2_mbrb_ws/install/turtlesim/include/turtlesim/srv/set_pen__type_support.c
[7.836s] -- Up-to-date: /home/son/Documents/ros2_mbrb_ws/install/turtlesim/include/turtlesim/action
[7.836s] -- Up-to-date: /home/son/Documents/ros2_mbrb_ws/install/turtlesim/include/turtlesim/action/rotate_absolute__rosidl_typesupport_introspection_c.h
[7.837s] -- Up-to-date: /home/son/Documents/ros2_mbrb_ws/install/turtlesim/include/turtlesim/action/rotate_absolute__type_support.c
[7.837s] -- Up-to-date: /home/son/Documents/ros2_mbrb_ws/install/turtlesim/include/turtlesim/msg
[7.837s] -- Up-to-date: /home/son/Documents/ros2_mbrb_ws/install/turtlesim/include/turtlesim/msg/color__type_support.c
[7.838s] -- Up-to-date: /home/son/Documents/ros2_mbrb_ws/install/turtlesim/include/turtlesim/msg/pose__type_support.c
[7.838s] -- Up-to-date: /home/son/Documents/ros2_mbrb_ws/install/turtlesim/include/turtlesim/msg/rosidl_typesupport_introspection_c__visibility_control.h
[7.838s] -- Up-to-date: /home/son/Documents/ros2_mbrb_ws/install/turtlesim/include/turtlesim/msg/pose__rosidl_typesupport_introspection_c.h
[7.839s] -- Up-to-date: /home/son/Documents/ros2_mbrb_ws/install/turtlesim/include/turtlesim/msg/color__rosidl_typesupport_introspection_c.h
[7.839s] -- Up-to-date: /home/son/Documents/ros2_mbrb_ws/install/turtlesim/lib/libturtlesim__rosidl_typesupport_introspection_c.so
[7.839s] -- Up-to-date: /home/son/Documents/ros2_mbrb_ws/install/turtlesim/include/turtlesim
[7.840s] -- Up-to-date: /home/son/Documents/ros2_mbrb_ws/install/turtlesim/include/turtlesim/srv
[7.840s] -- Up-to-date: /home/son/Documents/ros2_mbrb_ws/install/turtlesim/include/turtlesim/srv/spawn__rosidl_typesupport_fastrtps_c.h
[7.840s] -- Up-to-date: /home/son/Documents/ros2_mbrb_ws/install/turtlesim/include/turtlesim/srv/set_pen__rosidl_typesupport_fastrtps_c.h
[7.840s] -- Up-to-date: /home/son/Documents/ros2_mbrb_ws/install/turtlesim/include/turtlesim/srv/kill__rosidl_typesupport_fastrtps_c.h
[7.841s] -- Up-to-date: /home/son/Documents/ros2_mbrb_ws/install/turtlesim/include/turtlesim/srv/teleport_absolute__rosidl_typesupport_fastrtps_c.h
[7.841s] -- Up-to-date: /home/son/Documents/ros2_mbrb_ws/install/turtlesim/include/turtlesim/srv/teleport_relative__rosidl_typesupport_fastrtps_c.h
[7.841s] -- Up-to-date: /home/son/Documents/ros2_mbrb_ws/install/turtlesim/include/turtlesim/action
[7.842s] -- Up-to-date: /home/son/Documents/ros2_mbrb_ws/install/turtlesim/include/turtlesim/action/rotate_absolute__rosidl_typesupport_fastrtps_c.h
[7.842s] -- Up-to-date: /home/son/Documents/ros2_mbrb_ws/install/turtlesim/include/turtlesim/msg
[7.842s] -- Up-to-date: /home/son/Documents/ros2_mbrb_ws/install/turtlesim/include/turtlesim/msg/rosidl_typesupport_fastrtps_c__visibility_control.h
[7.842s] -- Up-to-date: /home/son/Documents/ros2_mbrb_ws/install/turtlesim/include/turtlesim/msg/pose__rosidl_typesupport_fastrtps_c.h
[7.842s] -- Up-to-date: /home/son/Documents/ros2_mbrb_ws/install/turtlesim/include/turtlesim/msg/color__rosidl_typesupport_fastrtps_c.h
[7.843s] -- Up-to-date: /home/son/Documents/ros2_mbrb_ws/install/turtlesim/lib/libturtlesim__rosidl_typesupport_fastrtps_c.so
[7.843s] -- Up-to-date: /home/son/Documents/ros2_mbrb_ws/install/turtlesim/include/turtlesim
[7.843s] -- Up-to-date: /home/son/Documents/ros2_mbrb_ws/install/turtlesim/include/turtlesim/srv
[7.843s] -- Up-to-date: /home/son/Documents/ros2_mbrb_ws/install/turtlesim/include/turtlesim/srv/kill__rosidl_typesupport_fastrtps_cpp.hpp
[7.844s] -- Up-to-date: /home/son/Documents/ros2_mbrb_ws/install/turtlesim/include/turtlesim/srv/teleport_relative__rosidl_typesupport_fastrtps_cpp.hpp
[7.844s] -- Up-to-date: /home/son/Documents/ros2_mbrb_ws/install/turtlesim/include/turtlesim/srv/teleport_absolute__rosidl_typesupport_fastrtps_cpp.hpp
[7.844s] -- Up-to-date: /home/son/Documents/ros2_mbrb_ws/install/turtlesim/include/turtlesim/srv/dds_fastrtps
[7.844s] -- Up-to-date: /home/son/Documents/ros2_mbrb_ws/install/turtlesim/include/turtlesim/srv/set_pen__rosidl_typesupport_fastrtps_cpp.hpp
[7.845s] -- Up-to-date: /home/son/Documents/ros2_mbrb_ws/install/turtlesim/include/turtlesim/srv/spawn__rosidl_typesupport_fastrtps_cpp.hpp
[7.845s] -- Up-to-date: /home/son/Documents/ros2_mbrb_ws/install/turtlesim/include/turtlesim/action
[7.845s] -- Up-to-date: /home/son/Documents/ros2_mbrb_ws/install/turtlesim/include/turtlesim/action/rotate_absolute__rosidl_typesupport_fastrtps_cpp.hpp
[7.845s] -- Up-to-date: /home/son/Documents/ros2_mbrb_ws/install/turtlesim/include/turtlesim/action/dds_fastrtps
[7.846s] -- Up-to-date: /home/son/Documents/ros2_mbrb_ws/install/turtlesim/include/turtlesim/msg
[7.846s] -- Up-to-date: /home/son/Documents/ros2_mbrb_ws/install/turtlesim/include/turtlesim/msg/pose__rosidl_typesupport_fastrtps_cpp.hpp
[7.846s] -- Up-to-date: /home/son/Documents/ros2_mbrb_ws/install/turtlesim/include/turtlesim/msg/dds_fastrtps
[7.847s] -- Up-to-date: /home/son/Documents/ros2_mbrb_ws/install/turtlesim/include/turtlesim/msg/rosidl_typesupport_fastrtps_cpp__visibility_control.h
[7.847s] -- Up-to-date: /home/son/Documents/ros2_mbrb_ws/install/turtlesim/include/turtlesim/msg/color__rosidl_typesupport_fastrtps_cpp.hpp
[7.847s] -- Up-to-date: /home/son/Documents/ros2_mbrb_ws/install/turtlesim/lib/libturtlesim__rosidl_typesupport_fastrtps_cpp.so
[7.847s] -- Up-to-date: /home/son/Documents/ros2_mbrb_ws/install/turtlesim/share/turtlesim/environment/pythonpath.sh
[7.848s] -- Up-to-date: /home/son/Documents/ros2_mbrb_ws/install/turtlesim/lib/python3.6/site-packages/turtlesim/__init__.py
[8.046s] -- Up-to-date: /home/son/Documents/ros2_mbrb_ws/install/turtlesim/lib/python3.6/site-packages/turtlesim/action
[8.046s] -- Up-to-date: /home/son/Documents/ros2_mbrb_ws/install/turtlesim/lib/python3.6/site-packages/turtlesim/action/_rotate_absolute_s.c
[8.046s] -- Up-to-date: /home/son/Documents/ros2_mbrb_ws/install/turtlesim/lib/python3.6/site-packages/turtlesim/action/__init__.py
[8.046s] -- Up-to-date: /home/son/Documents/ros2_mbrb_ws/install/turtlesim/lib/python3.6/site-packages/turtlesim/action/_rotate_absolute.py
[8.047s] -- Up-to-date: /home/son/Documents/ros2_mbrb_ws/install/turtlesim/lib/python3.6/site-packages/turtlesim/msg
[8.047s] -- Up-to-date: /home/son/Documents/ros2_mbrb_ws/install/turtlesim/lib/python3.6/site-packages/turtlesim/msg/_pose.py
[8.047s] -- Up-to-date: /home/son/Documents/ros2_mbrb_ws/install/turtlesim/lib/python3.6/site-packages/turtlesim/msg/__init__.py
[8.047s] -- Up-to-date: /home/son/Documents/ros2_mbrb_ws/install/turtlesim/lib/python3.6/site-packages/turtlesim/msg/_pose_s.c
[8.047s] -- Up-to-date: /home/son/Documents/ros2_mbrb_ws/install/turtlesim/lib/python3.6/site-packages/turtlesim/msg/_color_s.c
[8.047s] -- Up-to-date: /home/son/Documents/ros2_mbrb_ws/install/turtlesim/lib/python3.6/site-packages/turtlesim/msg/_color.py
[8.047s] -- Up-to-date: /home/son/Documents/ros2_mbrb_ws/install/turtlesim/lib/python3.6/site-packages/turtlesim/srv
[8.048s] -- Up-to-date: /home/son/Documents/ros2_mbrb_ws/install/turtlesim/lib/python3.6/site-packages/turtlesim/srv/_set_pen.py
[8.048s] -- Up-to-date: /home/son/Documents/ros2_mbrb_ws/install/turtlesim/lib/python3.6/site-packages/turtlesim/srv/_set_pen_s.c
[8.048s] -- Up-to-date: /home/son/Documents/ros2_mbrb_ws/install/turtlesim/lib/python3.6/site-packages/turtlesim/srv/_kill_s.c
[8.048s] -- Up-to-date: /home/son/Documents/ros2_mbrb_ws/install/turtlesim/lib/python3.6/site-packages/turtlesim/srv/_teleport_absolute.py
[8.048s] -- Up-to-date: /home/son/Documents/ros2_mbrb_ws/install/turtlesim/lib/python3.6/site-packages/turtlesim/srv/_kill.py
[8.048s] -- Up-to-date: /home/son/Documents/ros2_mbrb_ws/install/turtlesim/lib/python3.6/site-packages/turtlesim/srv/__init__.py
[8.048s] -- Up-to-date: /home/son/Documents/ros2_mbrb_ws/install/turtlesim/lib/python3.6/site-packages/turtlesim/srv/_teleport_absolute_s.c
[8.048s] -- Up-to-date: /home/son/Documents/ros2_mbrb_ws/install/turtlesim/lib/python3.6/site-packages/turtlesim/srv/_teleport_relative_s.c
[8.049s] -- Up-to-date: /home/son/Documents/ros2_mbrb_ws/install/turtlesim/lib/python3.6/site-packages/turtlesim/srv/_teleport_relative.py
[8.049s] -- Up-to-date: /home/son/Documents/ros2_mbrb_ws/install/turtlesim/lib/python3.6/site-packages/turtlesim/srv/_spawn.py
[8.049s] -- Up-to-date: /home/son/Documents/ros2_mbrb_ws/install/turtlesim/lib/python3.6/site-packages/turtlesim/srv/_spawn_s.c
[8.049s] -- Up-to-date: /home/son/Documents/ros2_mbrb_ws/install/turtlesim/lib/python3.6/site-packages/turtlesim/turtlesim_s__rosidl_typesupport_c.cpython-36m-x86_64-linux-gnu.so
[8.049s] -- Up-to-date: /home/son/Documents/ros2_mbrb_ws/install/turtlesim/lib/python3.6/site-packages/turtlesim/turtlesim_s__rosidl_typesupport_introspection_c.cpython-36m-x86_64-linux-gnu.so
[8.060s] -- Up-to-date: /home/son/Documents/ros2_mbrb_ws/install/turtlesim/lib/python3.6/site-packages/turtlesim/turtlesim_s__rosidl_typesupport_fastrtps_c.cpython-36m-x86_64-linux-gnu.so
[8.061s] -- Up-to-date: /home/son/Documents/ros2_mbrb_ws/install/turtlesim/lib/libturtlesim__python.so
[8.061s] -- Up-to-date: /home/son/Documents/ros2_mbrb_ws/install/turtlesim/share/turtlesim/action/RotateAbsolute.idl
[8.062s] -- Up-to-date: /home/son/Documents/ros2_mbrb_ws/install/turtlesim/share/turtlesim/msg/Color.idl
[8.062s] -- Up-to-date: /home/son/Documents/ros2_mbrb_ws/install/turtlesim/share/turtlesim/msg/Pose.idl
[8.062s] -- Up-to-date: /home/son/Documents/ros2_mbrb_ws/install/turtlesim/share/turtlesim/srv/Kill.idl
[8.062s] -- Up-to-date: /home/son/Documents/ros2_mbrb_ws/install/turtlesim/share/turtlesim/srv/SetPen.idl
[8.062s] -- Up-to-date: /home/son/Documents/ros2_mbrb_ws/install/turtlesim/share/turtlesim/srv/Spawn.idl
[8.062s] -- Up-to-date: /home/son/Documents/ros2_mbrb_ws/install/turtlesim/share/turtlesim/srv/TeleportAbsolute.idl
[8.063s] -- Up-to-date: /home/son/Documents/ros2_mbrb_ws/install/turtlesim/share/turtlesim/srv/TeleportRelative.idl
[8.063s] -- Up-to-date: /home/son/Documents/ros2_mbrb_ws/install/turtlesim/share/turtlesim/action/RotateAbsolute.action
[8.063s] -- Up-to-date: /home/son/Documents/ros2_mbrb_ws/install/turtlesim/share/turtlesim/msg/Color.msg
[8.063s] -- Up-to-date: /home/son/Documents/ros2_mbrb_ws/install/turtlesim/share/turtlesim/msg/Pose.msg
[8.063s] -- Up-to-date: /home/son/Documents/ros2_mbrb_ws/install/turtlesim/share/turtlesim/srv/Kill.srv
[8.063s] -- Up-to-date: /home/son/Documents/ros2_mbrb_ws/install/turtlesim/share/turtlesim/srv/Kill_Request.msg
[8.063s] -- Up-to-date: /home/son/Documents/ros2_mbrb_ws/install/turtlesim/share/turtlesim/srv/Kill_Response.msg
[8.064s] -- Up-to-date: /home/son/Documents/ros2_mbrb_ws/install/turtlesim/share/turtlesim/srv/SetPen.srv
[8.064s] -- Up-to-date: /home/son/Documents/ros2_mbrb_ws/install/turtlesim/share/turtlesim/srv/SetPen_Request.msg
[8.064s] -- Up-to-date: /home/son/Documents/ros2_mbrb_ws/install/turtlesim/share/turtlesim/srv/SetPen_Response.msg
[8.064s] -- Up-to-date: /home/son/Documents/ros2_mbrb_ws/install/turtlesim/share/turtlesim/srv/Spawn.srv
[8.064s] -- Up-to-date: /home/son/Documents/ros2_mbrb_ws/install/turtlesim/share/turtlesim/srv/Spawn_Request.msg
[8.064s] -- Up-to-date: /home/son/Documents/ros2_mbrb_ws/install/turtlesim/share/turtlesim/srv/Spawn_Response.msg
[8.064s] -- Up-to-date: /home/son/Documents/ros2_mbrb_ws/install/turtlesim/share/turtlesim/srv/TeleportAbsolute.srv
[8.064s] -- Up-to-date: /home/son/Documents/ros2_mbrb_ws/install/turtlesim/share/turtlesim/srv/TeleportAbsolute_Request.msg
[8.064s] -- Up-to-date: /home/son/Documents/ros2_mbrb_ws/install/turtlesim/share/turtlesim/srv/TeleportAbsolute_Response.msg
[8.064s] -- Up-to-date: /home/son/Documents/ros2_mbrb_ws/install/turtlesim/share/turtlesim/srv/TeleportRelative.srv
[8.064s] -- Up-to-date: /home/son/Documents/ros2_mbrb_ws/install/turtlesim/share/turtlesim/srv/TeleportRelative_Request.msg
[8.064s] -- Up-to-date: /home/son/Documents/ros2_mbrb_ws/install/turtlesim/share/turtlesim/srv/TeleportRelative_Response.msg
[8.065s] -- Up-to-date: /home/son/Documents/ros2_mbrb_ws/install/turtlesim/lib/turtlesim/turtlesim_node
[8.065s] -- Up-to-date: /home/son/Documents/ros2_mbrb_ws/install/turtlesim/lib/turtlesim/turtle_teleop_key
[8.065s] -- Up-to-date: /home/son/Documents/ros2_mbrb_ws/install/turtlesim/lib/turtlesim/draw_square
[8.065s] -- Up-to-date: /home/son/Documents/ros2_mbrb_ws/install/turtlesim/lib/turtlesim/mimic
[8.066s] -- Up-to-date: /home/son/Documents/ros2_mbrb_ws/install/turtlesim/share/turtlesim/images
[8.066s] -- Up-to-date: /home/son/Documents/ros2_mbrb_ws/install/turtlesim/share/turtlesim/images/crystal.png
[8.066s] -- Up-to-date: /home/son/Documents/ros2_mbrb_ws/install/turtlesim/share/turtlesim/images/bouncy.png
[8.066s] -- Up-to-date: /home/son/Documents/ros2_mbrb_ws/install/turtlesim/share/turtlesim/images/ardent.png
[8.066s] -- Up-to-date: /home/son/Documents/ros2_mbrb_ws/install/turtlesim/share/turtlesim/images/dashing.png
[8.066s] -- Up-to-date: /home/son/Documents/ros2_mbrb_ws/install/turtlesim/share/turtlesim/launch
[8.067s] -- Up-to-date: /home/son/Documents/ros2_mbrb_ws/install/turtlesim/share/turtlesim/launch/multisim.launch.py
[8.067s] -- Up-to-date: /home/son/Documents/ros2_mbrb_ws/install/turtlesim/share/ament_index/resource_index/package_run_dependencies/turtlesim
[8.067s] -- Up-to-date: /home/son/Documents/ros2_mbrb_ws/install/turtlesim/share/ament_index/resource_index/parent_prefix_path/turtlesim
[8.067s] -- Up-to-date: /home/son/Documents/ros2_mbrb_ws/install/turtlesim/share/turtlesim/local_setup.bash
[8.067s] -- Up-to-date: /home/son/Documents/ros2_mbrb_ws/install/turtlesim/share/turtlesim/local_setup.sh
[8.067s] -- Up-to-date: /home/son/Documents/ros2_mbrb_ws/install/turtlesim/share/turtlesim/local_setup.zsh
[8.068s] -- Up-to-date: /home/son/Documents/ros2_mbrb_ws/install/turtlesim/share/ament_index/resource_index/packages/turtlesim
[8.068s] -- Up-to-date: /home/son/Documents/ros2_mbrb_ws/install/turtlesim/share/turtlesim/cmake/rosidl_cmake-extras.cmake
[8.068s] -- Up-to-date: /home/son/Documents/ros2_mbrb_ws/install/turtlesim/share/turtlesim/cmake/ament_cmake_export_dependencies-extras.cmake
[8.068s] -- Up-to-date: /home/son/Documents/ros2_mbrb_ws/install/turtlesim/share/turtlesim/cmake/ament_cmake_export_libraries-extras.cmake
[8.068s] -- Up-to-date: /home/son/Documents/ros2_mbrb_ws/install/turtlesim/share/turtlesim/cmake/ament_cmake_export_include_directories-extras.cmake
[8.068s] -- Up-to-date: /home/son/Documents/ros2_mbrb_ws/install/turtlesim/share/turtlesim/cmake/turtlesimConfig.cmake
[8.068s] -- Up-to-date: /home/son/Documents/ros2_mbrb_ws/install/turtlesim/share/turtlesim/cmake/turtlesimConfig-version.cmake
[8.069s] -- Up-to-date: /home/son/Documents/ros2_mbrb_ws/install/turtlesim/share/turtlesim/package.xml
[8.074s] Invoked command in '/home/son/Documents/ros2_mbrb_ws/build/turtlesim' returned '0': CMAKE_PREFIX_PATH=${CMAKE_PREFIX_PATH}:/home/son/ros2_dashing/install/ros2bag:/home/son/ros2_dashing/install/topic_monitor:/home/son/ros2_dashing/install/sros2:/home/son/ros2_dashing/install/rqt_topic:/home/son/ros2_dashing/install/rqt_action:/home/son/ros2_dashing/install/rqt:/home/son/ros2_dashing/install/rqt_graph:/home/son/ros2_dashing/install/rqt_gui_py:/home/son/ros2_dashing/install/rqt_gui:/home/son/ros2_dashing/install/ros2topic:/home/son/ros2_dashing/install/ros2test:/home/son/ros2_dashing/install/ros2component:/home/son/ros2_dashing/install/ros2param:/home/son/ros2_dashing/install/ros2lifecycle:/home/son/ros2_dashing/install/ros2service:/home/son/ros2_dashing/install/ros2srv:/home/son/ros2_dashing/install/ros2run:/home/son/ros2_dashing/install/ros2launch:/home/son/ros2_dashing/install/ros2pkg:/home/son/ros2_dashing/install/ros2node:/home/son/ros2_dashing/install/ros2multicast:/home/son/ros2_dashing/install/ros2msg:/home/son/ros2_dashing/install/ros2action:/home/son/ros2_dashing/install/ros2cli:/home/son/ros2_dashing/install/quality_of_service_demo_py:/home/son/ros2_dashing/install/launch_testing_ros:/home/son/ros2_dashing/install/launch_ros:/home/son/ros2_dashing/install/examples_rclpy_minimal_subscriber:/home/son/ros2_dashing/install/examples_rclpy_minimal_service:/home/son/ros2_dashing/install/examples_rclpy_minimal_publisher:/home/son/ros2_dashing/install/examples_rclpy_minimal_client:/home/son/ros2_dashing/install/examples_rclpy_minimal_action_server:/home/son/ros2_dashing/install/examples_rclpy_minimal_action_client:/home/son/ros2_dashing/install/examples_rclpy_executors:/home/son/ros2_dashing/install/demo_nodes_py:/home/son/ros2_dashing/install/ament_uncrustify:/home/son/ros2_dashing/install/test_launch_ros:/home/son/ros2_dashing/install/rosidl_runtime_py:/home/son/ros2_dashing/install/launch_testing:/home/son/ros2_dashing/install/launch:/home/son/ros2_dashing/install/osrf_pycommon:/home/son/ros2_dashing/install/ament_xmllint:/home/son/ros2_dashing/install/ament_pyflakes:/home/son/ros2_dashing/install/ament_pep8:/home/son/ros2_dashing/install/ament_pep257:/home/son/ros2_dashing/install/ament_pclint:/home/son/ros2_dashing/install/ament_package:/home/son/ros2_dashing/install/ament_lint_cmake:/home/son/ros2_dashing/install/ament_flake8:/home/son/ros2_dashing/install/ament_copyright:/home/son/ros2_dashing/install/ament_lint:/home/son/ros2_dashing/install/ament_index_python:/home/son/ros2_dashing/install/ament_cpplint:/home/son/ros2_dashing/install/ament_cppcheck:/home/son/ros2_dashing/install/ament_clang_tidy:/home/son/ros2_dashing/install/ament_clang_format /usr/bin/cmake --build /home/son/Documents/ros2_mbrb_ws/build/turtlesim --target install -- -j4 -l4
