[4.165s] DEBUG:colcon:Command line arguments: ['/usr/bin/colcon', 'build']
[4.165s] DEBUG:colcon:Parsed command line arguments: Namespace(ament_cmake_args=None, base_paths=['.'], build_base='build', catkin_cmake_args=None, catkin_skip_building_tests=False, cmake_args=None, cmake_clean_cache=False, cmake_clean_first=False, cmake_force_configure=False, cmake_target=None, cmake_target_skip_unavailable=False, continue_on_error=False, event_handlers=None, executor='parallel', ignore_user_meta=False, install_base='install', log_base=None, log_level=None, main=<bound method BuildVerb.main of <colcon_core.verb.build.BuildVerb object at 0x7fafe198d0f0>>, merge_install=False, metas=['./colcon.meta'], packages_above=None, packages_above_and_dependencies=None, packages_above_depth=None, packages_end=None, packages_ignore=None, packages_ignore_regex=None, packages_select=None, packages_select_build_failed=False, packages_select_by_dep=None, packages_select_regex=None, packages_select_test_failures=False, packages_skip=None, packages_skip_build_finished=False, packages_skip_by_dep=None, packages_skip_regex=None, packages_skip_test_passed=False, packages_skip_up_to=None, packages_start=None, packages_up_to=None, packages_up_to_regex=None, parallel_workers=4, paths=None, symlink_install=False, test_result_base=None, verb_extension=<colcon_core.verb.build.BuildVerb object at 0x7fafe198d0f0>, verb_name='build', verb_parser=<colcon_defaults.argument_parser.defaults.DefaultArgumentsDecorator object at 0x7fafe198d4a8>)
[4.525s] Level 1:colcon.colcon_core.package_discovery:discover_packages(colcon_meta) check parameters
[4.525s] Level 1:colcon.colcon_core.package_discovery:discover_packages(recursive) check parameters
[4.525s] Level 1:colcon.colcon_core.package_discovery:discover_packages(ignore) check parameters
[4.525s] Level 1:colcon.colcon_core.package_discovery:discover_packages(path) check parameters
[4.525s] Level 1:colcon.colcon_core.package_discovery:discover_packages(colcon_meta) discover
[4.526s] Level 1:colcon.colcon_core.package_discovery:discover_packages(recursive) discover
[4.526s] INFO:colcon.colcon_core.package_discovery:Crawling recursively for packages in '/home/son/Documents/ros2_mbrb_ws'
[4.526s] Level 1:colcon.colcon_core.package_identification:_identify(.) by extensions ['ignore', 'ignore_ament_install']
[4.526s] Level 1:colcon.colcon_core.package_identification:_identify(.) by extension 'ignore'
[4.526s] Level 1:colcon.colcon_core.package_identification:_identify(.) by extension 'ignore_ament_install'
[4.526s] Level 1:colcon.colcon_core.package_identification:_identify(.) by extensions ['colcon_pkg']
[4.527s] Level 1:colcon.colcon_core.package_identification:_identify(.) by extension 'colcon_pkg'
[4.527s] Level 1:colcon.colcon_core.package_identification:_identify(.) by extensions ['colcon_meta']
[4.527s] Level 1:colcon.colcon_core.package_identification:_identify(.) by extension 'colcon_meta'
[4.527s] Level 1:colcon.colcon_core.package_identification:_identify(.) by extensions ['ros']
[4.527s] Level 1:colcon.colcon_core.package_identification:_identify(.) by extension 'ros'
[4.591s] Level 1:colcon.colcon_core.package_identification:_identify(.) by extensions ['cmake', 'python']
[4.591s] Level 1:colcon.colcon_core.package_identification:_identify(.) by extension 'cmake'
[4.592s] Level 1:colcon.colcon_core.package_identification:_identify(.) by extension 'python'
[4.592s] Level 1:colcon.colcon_core.package_identification:_identify(.) by extensions ['python_setup_py']
[4.592s] Level 1:colcon.colcon_core.package_identification:_identify(.) by extension 'python_setup_py'
[4.592s] Level 1:colcon.colcon_core.package_identification:_identify(build) by extensions ['ignore', 'ignore_ament_install']
[4.592s] Level 1:colcon.colcon_core.package_identification:_identify(build) by extension 'ignore'
[4.592s] Level 1:colcon.colcon_core.package_identification:_identify(build) ignored
[4.593s] Level 1:colcon.colcon_core.package_identification:_identify(install) by extensions ['ignore', 'ignore_ament_install']
[4.593s] Level 1:colcon.colcon_core.package_identification:_identify(install) by extension 'ignore'
[4.593s] Level 1:colcon.colcon_core.package_identification:_identify(install) ignored
[4.594s] Level 1:colcon.colcon_core.package_identification:_identify(log) by extensions ['ignore', 'ignore_ament_install']
[4.594s] Level 1:colcon.colcon_core.package_identification:_identify(log) by extension 'ignore'
[4.594s] Level 1:colcon.colcon_core.package_identification:_identify(log) ignored
[4.594s] Level 1:colcon.colcon_core.package_identification:_identify(src) by extensions ['ignore', 'ignore_ament_install']
[4.595s] Level 1:colcon.colcon_core.package_identification:_identify(src) by extension 'ignore'
[4.595s] Level 1:colcon.colcon_core.package_identification:_identify(src) by extension 'ignore_ament_install'
[4.595s] Level 1:colcon.colcon_core.package_identification:_identify(src) by extensions ['colcon_pkg']
[4.595s] Level 1:colcon.colcon_core.package_identification:_identify(src) by extension 'colcon_pkg'
[4.595s] Level 1:colcon.colcon_core.package_identification:_identify(src) by extensions ['colcon_meta']
[4.595s] Level 1:colcon.colcon_core.package_identification:_identify(src) by extension 'colcon_meta'
[4.595s] Level 1:colcon.colcon_core.package_identification:_identify(src) by extensions ['ros']
[4.595s] Level 1:colcon.colcon_core.package_identification:_identify(src) by extension 'ros'
[4.596s] Level 1:colcon.colcon_core.package_identification:_identify(src) by extensions ['cmake', 'python']
[4.596s] Level 1:colcon.colcon_core.package_identification:_identify(src) by extension 'cmake'
[4.596s] Level 1:colcon.colcon_core.package_identification:_identify(src) by extension 'python'
[4.596s] Level 1:colcon.colcon_core.package_identification:_identify(src) by extensions ['python_setup_py']
[4.596s] Level 1:colcon.colcon_core.package_identification:_identify(src) by extension 'python_setup_py'
[4.596s] Level 1:colcon.colcon_core.package_identification:_identify(src/ros_tutorials) by extensions ['ignore', 'ignore_ament_install']
[4.596s] Level 1:colcon.colcon_core.package_identification:_identify(src/ros_tutorials) by extension 'ignore'
[4.596s] Level 1:colcon.colcon_core.package_identification:_identify(src/ros_tutorials) by extension 'ignore_ament_install'
[4.597s] Level 1:colcon.colcon_core.package_identification:_identify(src/ros_tutorials) by extensions ['colcon_pkg']
[4.597s] Level 1:colcon.colcon_core.package_identification:_identify(src/ros_tutorials) by extension 'colcon_pkg'
[4.597s] Level 1:colcon.colcon_core.package_identification:_identify(src/ros_tutorials) by extensions ['colcon_meta']
[4.597s] Level 1:colcon.colcon_core.package_identification:_identify(src/ros_tutorials) by extension 'colcon_meta'
[4.597s] Level 1:colcon.colcon_core.package_identification:_identify(src/ros_tutorials) by extensions ['ros']
[4.597s] Level 1:colcon.colcon_core.package_identification:_identify(src/ros_tutorials) by extension 'ros'
[4.597s] Level 1:colcon.colcon_core.package_identification:_identify(src/ros_tutorials) by extensions ['cmake', 'python']
[4.597s] Level 1:colcon.colcon_core.package_identification:_identify(src/ros_tutorials) by extension 'cmake'
[4.598s] Level 1:colcon.colcon_core.package_identification:_identify(src/ros_tutorials) by extension 'python'
[4.598s] Level 1:colcon.colcon_core.package_identification:_identify(src/ros_tutorials) by extensions ['python_setup_py']
[4.598s] Level 1:colcon.colcon_core.package_identification:_identify(src/ros_tutorials) by extension 'python_setup_py'
[4.599s] Level 1:colcon.colcon_core.package_identification:_identify(src/ros_tutorials/ros_tutorials) by extensions ['ignore', 'ignore_ament_install']
[4.599s] Level 1:colcon.colcon_core.package_identification:_identify(src/ros_tutorials/ros_tutorials) by extension 'ignore'
[4.600s] Level 1:colcon.colcon_core.package_identification:_identify(src/ros_tutorials/ros_tutorials) ignored
[4.600s] Level 1:colcon.colcon_core.package_identification:_identify(src/ros_tutorials/roscpp_tutorials) by extensions ['ignore', 'ignore_ament_install']
[4.601s] Level 1:colcon.colcon_core.package_identification:_identify(src/ros_tutorials/roscpp_tutorials) by extension 'ignore'
[4.601s] Level 1:colcon.colcon_core.package_identification:_identify(src/ros_tutorials/roscpp_tutorials) ignored
[4.602s] Level 1:colcon.colcon_core.package_identification:_identify(src/ros_tutorials/rospy_tutorials) by extensions ['ignore', 'ignore_ament_install']
[4.602s] Level 1:colcon.colcon_core.package_identification:_identify(src/ros_tutorials/rospy_tutorials) by extension 'ignore'
[4.602s] Level 1:colcon.colcon_core.package_identification:_identify(src/ros_tutorials/rospy_tutorials) ignored
[4.602s] Level 1:colcon.colcon_core.package_identification:_identify(src/ros_tutorials/turtlesim) by extensions ['ignore', 'ignore_ament_install']
[4.603s] Level 1:colcon.colcon_core.package_identification:_identify(src/ros_tutorials/turtlesim) by extension 'ignore'
[4.603s] Level 1:colcon.colcon_core.package_identification:_identify(src/ros_tutorials/turtlesim) by extension 'ignore_ament_install'
[4.603s] Level 1:colcon.colcon_core.package_identification:_identify(src/ros_tutorials/turtlesim) by extensions ['colcon_pkg']
[4.604s] Level 1:colcon.colcon_core.package_identification:_identify(src/ros_tutorials/turtlesim) by extension 'colcon_pkg'
[4.604s] Level 1:colcon.colcon_core.package_identification:_identify(src/ros_tutorials/turtlesim) by extensions ['colcon_meta']
[4.604s] Level 1:colcon.colcon_core.package_identification:_identify(src/ros_tutorials/turtlesim) by extension 'colcon_meta'
[4.604s] Level 1:colcon.colcon_core.package_identification:_identify(src/ros_tutorials/turtlesim) by extensions ['ros']
[4.604s] Level 1:colcon.colcon_core.package_identification:_identify(src/ros_tutorials/turtlesim) by extension 'ros'
[4.651s] DEBUG:colcon.colcon_core.package_identification:Package 'src/ros_tutorials/turtlesim' with type 'ros.ament_cmake' and name 'turtlesim'
[4.651s] Level 1:colcon.colcon_core.package_identification:_identify(src/sub_lidar) by extensions ['ignore', 'ignore_ament_install']
[4.651s] Level 1:colcon.colcon_core.package_identification:_identify(src/sub_lidar) by extension 'ignore'
[4.651s] Level 1:colcon.colcon_core.package_identification:_identify(src/sub_lidar) by extension 'ignore_ament_install'
[4.651s] Level 1:colcon.colcon_core.package_identification:_identify(src/sub_lidar) by extensions ['colcon_pkg']
[4.651s] Level 1:colcon.colcon_core.package_identification:_identify(src/sub_lidar) by extension 'colcon_pkg'
[4.651s] Level 1:colcon.colcon_core.package_identification:_identify(src/sub_lidar) by extensions ['colcon_meta']
[4.652s] Level 1:colcon.colcon_core.package_identification:_identify(src/sub_lidar) by extension 'colcon_meta'
[4.652s] Level 1:colcon.colcon_core.package_identification:_identify(src/sub_lidar) by extensions ['ros']
[4.652s] Level 1:colcon.colcon_core.package_identification:_identify(src/sub_lidar) by extension 'ros'
[4.652s] DEBUG:colcon.colcon_core.package_identification:Package 'src/sub_lidar' with type 'ros.ament_python' and name 'sub_lidar'
[4.652s] Level 1:colcon.colcon_core.package_discovery:discover_packages(recursive) using defaults
[4.653s] Level 1:colcon.colcon_core.package_discovery:discover_packages(ignore) discover
[4.653s] Level 1:colcon.colcon_core.package_discovery:discover_packages(ignore) using defaults
[4.653s] Level 1:colcon.colcon_core.package_discovery:discover_packages(path) discover
[4.653s] Level 1:colcon.colcon_core.package_discovery:discover_packages(path) using defaults
[4.691s] Level 5:colcon.colcon_core.verb:set package 'sub_lidar' build argument 'cmake_args' from command line to 'None'
[4.692s] Level 5:colcon.colcon_core.verb:set package 'sub_lidar' build argument 'cmake_target' from command line to 'None'
[4.692s] Level 5:colcon.colcon_core.verb:set package 'sub_lidar' build argument 'cmake_target_skip_unavailable' from command line to 'False'
[4.692s] Level 5:colcon.colcon_core.verb:set package 'sub_lidar' build argument 'cmake_clean_cache' from command line to 'False'
[4.692s] Level 5:colcon.colcon_core.verb:set package 'sub_lidar' build argument 'cmake_clean_first' from command line to 'False'
[4.692s] Level 5:colcon.colcon_core.verb:set package 'sub_lidar' build argument 'cmake_force_configure' from command line to 'False'
[4.692s] Level 5:colcon.colcon_core.verb:set package 'sub_lidar' build argument 'ament_cmake_args' from command line to 'None'
[4.692s] Level 5:colcon.colcon_core.verb:set package 'sub_lidar' build argument 'catkin_cmake_args' from command line to 'None'
[4.692s] Level 5:colcon.colcon_core.verb:set package 'sub_lidar' build argument 'catkin_skip_building_tests' from command line to 'False'
[4.692s] DEBUG:colcon.colcon_core.verb:Building package 'sub_lidar' with the following arguments: {'ament_cmake_args': None, 'build_base': '/home/son/Documents/ros2_mbrb_ws/build/sub_lidar', 'catkin_cmake_args': None, 'catkin_skip_building_tests': False, 'cmake_args': None, 'cmake_clean_cache': False, 'cmake_clean_first': False, 'cmake_force_configure': False, 'cmake_target': None, 'cmake_target_skip_unavailable': False, 'install_base': '/home/son/Documents/ros2_mbrb_ws/install/sub_lidar', 'merge_install': False, 'path': '/home/son/Documents/ros2_mbrb_ws/src/sub_lidar', 'symlink_install': False, 'test_result_base': None}
[4.706s] Level 5:colcon.colcon_core.verb:set package 'turtlesim' build argument 'cmake_args' from command line to 'None'
[4.706s] Level 5:colcon.colcon_core.verb:set package 'turtlesim' build argument 'cmake_target' from command line to 'None'
[4.706s] Level 5:colcon.colcon_core.verb:set package 'turtlesim' build argument 'cmake_target_skip_unavailable' from command line to 'False'
[4.706s] Level 5:colcon.colcon_core.verb:set package 'turtlesim' build argument 'cmake_clean_cache' from command line to 'False'
[4.706s] Level 5:colcon.colcon_core.verb:set package 'turtlesim' build argument 'cmake_clean_first' from command line to 'False'
[4.706s] Level 5:colcon.colcon_core.verb:set package 'turtlesim' build argument 'cmake_force_configure' from command line to 'False'
[4.706s] Level 5:colcon.colcon_core.verb:set package 'turtlesim' build argument 'ament_cmake_args' from command line to 'None'
[4.706s] Level 5:colcon.colcon_core.verb:set package 'turtlesim' build argument 'catkin_cmake_args' from command line to 'None'
[4.706s] Level 5:colcon.colcon_core.verb:set package 'turtlesim' build argument 'catkin_skip_building_tests' from command line to 'False'
[4.706s] DEBUG:colcon.colcon_core.verb:Building package 'turtlesim' with the following arguments: {'ament_cmake_args': None, 'build_base': '/home/son/Documents/ros2_mbrb_ws/build/turtlesim', 'catkin_cmake_args': None, 'catkin_skip_building_tests': False, 'cmake_args': None, 'cmake_clean_cache': False, 'cmake_clean_first': False, 'cmake_force_configure': False, 'cmake_target': None, 'cmake_target_skip_unavailable': False, 'install_base': '/home/son/Documents/ros2_mbrb_ws/install/turtlesim', 'merge_install': False, 'path': '/home/son/Documents/ros2_mbrb_ws/src/ros_tutorials/turtlesim', 'symlink_install': False, 'test_result_base': None}
[4.707s] INFO:colcon.colcon_core.executor:Executing jobs using 'parallel' executor
[4.714s] DEBUG:colcon.colcon_parallel_executor.executor.parallel:run_until_complete
[4.715s] INFO:colcon.colcon_ros.task.ament_python.build:Building ROS package in '/home/son/Documents/ros2_mbrb_ws/src/sub_lidar' with build type 'ament_python'
[4.716s] Level 1:colcon.colcon_core.shell:create_environment_hook('sub_lidar', 'ament_prefix_path')
[4.817s] INFO:colcon.colcon_core.plugin_system:Skipping extension 'colcon_core.shell.bat': Not used on non-Windows systems
[4.817s] INFO:colcon.colcon_core.shell:Creating environment hook '/home/son/Documents/ros2_mbrb_ws/install/sub_lidar/share/sub_lidar/hook/ament_prefix_path.ps1'
[4.852s] INFO:colcon.colcon_core.shell:Creating environment descriptor '/home/son/Documents/ros2_mbrb_ws/install/sub_lidar/share/sub_lidar/hook/ament_prefix_path.dsv'
[4.865s] INFO:colcon.colcon_core.shell:Creating environment hook '/home/son/Documents/ros2_mbrb_ws/install/sub_lidar/share/sub_lidar/hook/ament_prefix_path.sh'
[4.869s] INFO:colcon.colcon_core.shell:Skip shell extension 'powershell' for command environment: Not usable outside of PowerShell
[4.869s] DEBUG:colcon.colcon_core.shell:Skip shell extension 'dsv' for command environment
[4.951s] INFO:colcon.colcon_ros.task.ament_cmake.build:Building ROS package in '/home/son/Documents/ros2_mbrb_ws/src/ros_tutorials/turtlesim' with build type 'ament_cmake'
[4.953s] INFO:colcon.colcon_cmake.task.cmake.build:Building CMake package in '/home/son/Documents/ros2_mbrb_ws/src/ros_tutorials/turtlesim'
[4.954s] INFO:colcon.colcon_core.shell:Skip shell extension 'powershell' for command environment: Not usable outside of PowerShell
[4.954s] DEBUG:colcon.colcon_core.shell:Skip shell extension 'dsv' for command environment
[5.822s] INFO:colcon.colcon_core.task.python.build:Building Python package in '/home/son/Documents/ros2_mbrb_ws/src/sub_lidar'
[5.824s] INFO:colcon.colcon_core.shell:Skip shell extension 'powershell' for command environment: Not usable outside of PowerShell
[5.824s] DEBUG:colcon.colcon_core.shell:Skip shell extension 'dsv' for command environment
[5.913s] DEBUG:colcon.colcon_core.event_handler.log_command:Invoking command in '/home/son/Documents/ros2_mbrb_ws/build/turtlesim': CMAKE_PREFIX_PATH=${CMAKE_PREFIX_PATH}:/home/son/Documents/ros2_mbrb_ws/install/sub_lidar:/home/son/ros2_dashing/install/ros2bag:/home/son/ros2_dashing/install/topic_monitor:/home/son/ros2_dashing/install/sros2:/home/son/ros2_dashing/install/rqt_topic:/home/son/ros2_dashing/install/rqt_action:/home/son/ros2_dashing/install/rqt:/home/son/ros2_dashing/install/rqt_graph:/home/son/ros2_dashing/install/rqt_gui_py:/home/son/ros2_dashing/install/rqt_gui:/home/son/ros2_dashing/install/ros2topic:/home/son/ros2_dashing/install/ros2test:/home/son/ros2_dashing/install/ros2component:/home/son/ros2_dashing/install/ros2param:/home/son/ros2_dashing/install/ros2lifecycle:/home/son/ros2_dashing/install/ros2service:/home/son/ros2_dashing/install/ros2srv:/home/son/ros2_dashing/install/ros2run:/home/son/ros2_dashing/install/ros2launch:/home/son/ros2_dashing/install/ros2pkg:/home/son/ros2_dashing/install/ros2node:/home/son/ros2_dashing/install/ros2multicast:/home/son/ros2_dashing/install/ros2msg:/home/son/ros2_dashing/install/ros2action:/home/son/ros2_dashing/install/ros2cli:/home/son/ros2_dashing/install/quality_of_service_demo_py:/home/son/ros2_dashing/install/launch_testing_ros:/home/son/ros2_dashing/install/launch_ros:/home/son/ros2_dashing/install/examples_rclpy_minimal_subscriber:/home/son/ros2_dashing/install/examples_rclpy_minimal_service:/home/son/ros2_dashing/install/examples_rclpy_minimal_publisher:/home/son/ros2_dashing/install/examples_rclpy_minimal_client:/home/son/ros2_dashing/install/examples_rclpy_minimal_action_server:/home/son/ros2_dashing/install/examples_rclpy_minimal_action_client:/home/son/ros2_dashing/install/examples_rclpy_executors:/home/son/ros2_dashing/install/demo_nodes_py:/home/son/ros2_dashing/install/ament_uncrustify:/home/son/ros2_dashing/install/test_launch_ros:/home/son/ros2_dashing/install/rosidl_runtime_py:/home/son/ros2_dashing/install/launch_testing:/home/son/ros2_dashing/install/launch:/home/son/ros2_dashing/install/osrf_pycommon:/home/son/ros2_dashing/install/ament_xmllint:/home/son/ros2_dashing/install/ament_pyflakes:/home/son/ros2_dashing/install/ament_pep8:/home/son/ros2_dashing/install/ament_pep257:/home/son/ros2_dashing/install/ament_pclint:/home/son/ros2_dashing/install/ament_package:/home/son/ros2_dashing/install/ament_lint_cmake:/home/son/ros2_dashing/install/ament_flake8:/home/son/ros2_dashing/install/ament_copyright:/home/son/ros2_dashing/install/ament_lint:/home/son/ros2_dashing/install/ament_index_python:/home/son/ros2_dashing/install/ament_cpplint:/home/son/ros2_dashing/install/ament_cppcheck:/home/son/ros2_dashing/install/ament_clang_tidy:/home/son/ros2_dashing/install/ament_clang_format /usr/bin/cmake --build /home/son/Documents/ros2_mbrb_ws/build/turtlesim -- -j4 -l4
[6.024s] DEBUG:colcon.colcon_core.event_handler.log_command:Invoking command in '/home/son/Documents/ros2_mbrb_ws/src/sub_lidar': PYTHONPATH=/home/son/Documents/ros2_mbrb_ws/install/sub_lidar/lib/python3.6/site-packages:${PYTHONPATH} /usr/bin/python3 setup.py egg_info --egg-base /home/son/Documents/ros2_mbrb_ws/build/sub_lidar build --build-base /home/son/Documents/ros2_mbrb_ws/build/sub_lidar/build install --prefix /home/son/Documents/ros2_mbrb_ws/install/sub_lidar --record /home/son/Documents/ros2_mbrb_ws/build/sub_lidar/install.log --single-version-externally-managed
[9.039s] DEBUG:colcon.colcon_core.event_handler.log_command:Invoked command in '/home/son/Documents/ros2_mbrb_ws/src/sub_lidar' returned '0': PYTHONPATH=/home/son/Documents/ros2_mbrb_ws/install/sub_lidar/lib/python3.6/site-packages:${PYTHONPATH} /usr/bin/python3 setup.py egg_info --egg-base /home/son/Documents/ros2_mbrb_ws/build/sub_lidar build --build-base /home/son/Documents/ros2_mbrb_ws/build/sub_lidar/build install --prefix /home/son/Documents/ros2_mbrb_ws/install/sub_lidar --record /home/son/Documents/ros2_mbrb_ws/build/sub_lidar/install.log --single-version-externally-managed
[9.230s] Level 1:colcon.colcon_core.environment:checking '/home/son/Documents/ros2_mbrb_ws/install/sub_lidar' for CMake module files
[9.233s] Level 1:colcon.colcon_core.environment:checking '/home/son/Documents/ros2_mbrb_ws/install/sub_lidar' for CMake config files
[9.236s] Level 1:colcon.colcon_core.environment:checking '/home/son/Documents/ros2_mbrb_ws/install/sub_lidar/lib'
[9.237s] Level 1:colcon.colcon_core.environment:checking '/home/son/Documents/ros2_mbrb_ws/install/sub_lidar/bin'
[9.237s] Level 1:colcon.colcon_core.environment:checking '/home/son/Documents/ros2_mbrb_ws/install/sub_lidar/lib/pkgconfig/sub_lidar.pc'
[9.237s] Level 1:colcon.colcon_core.environment:checking '/home/son/Documents/ros2_mbrb_ws/install/sub_lidar/lib/python3.6/site-packages'
[9.238s] Level 1:colcon.colcon_core.shell:create_environment_hook('sub_lidar', 'pythonpath')
[9.240s] INFO:colcon.colcon_core.shell:Creating environment hook '/home/son/Documents/ros2_mbrb_ws/install/sub_lidar/share/sub_lidar/hook/pythonpath.ps1'
[9.241s] INFO:colcon.colcon_core.shell:Creating environment descriptor '/home/son/Documents/ros2_mbrb_ws/install/sub_lidar/share/sub_lidar/hook/pythonpath.dsv'
[9.242s] INFO:colcon.colcon_core.shell:Creating environment hook '/home/son/Documents/ros2_mbrb_ws/install/sub_lidar/share/sub_lidar/hook/pythonpath.sh'
[9.243s] Level 1:colcon.colcon_core.environment:create_environment_scripts_only(sub_lidar)
[9.250s] INFO:colcon.colcon_core.shell:Creating package script '/home/son/Documents/ros2_mbrb_ws/install/sub_lidar/share/sub_lidar/package.ps1'
[9.269s] INFO:colcon.colcon_core.shell:Creating package descriptor '/home/son/Documents/ros2_mbrb_ws/install/sub_lidar/share/sub_lidar/package.dsv'
[9.277s] INFO:colcon.colcon_core.shell:Creating package script '/home/son/Documents/ros2_mbrb_ws/install/sub_lidar/share/sub_lidar/package.sh'
[9.285s] INFO:colcon.colcon_core.shell:Creating package script '/home/son/Documents/ros2_mbrb_ws/install/sub_lidar/share/sub_lidar/package.bash'
[9.313s] INFO:colcon.colcon_core.shell:Creating package script '/home/son/Documents/ros2_mbrb_ws/install/sub_lidar/share/sub_lidar/package.zsh'
[9.341s] Level 1:colcon.colcon_core.environment:create_file_with_runtime_dependencies(/home/son/Documents/ros2_mbrb_ws/install/sub_lidar/share/colcon-core/packages/sub_lidar)
[14.509s] DEBUG:colcon.colcon_core.event_handler.log_command:Invoked command in '/home/son/Documents/ros2_mbrb_ws/build/turtlesim' returned '0': CMAKE_PREFIX_PATH=${CMAKE_PREFIX_PATH}:/home/son/Documents/ros2_mbrb_ws/install/sub_lidar:/home/son/ros2_dashing/install/ros2bag:/home/son/ros2_dashing/install/topic_monitor:/home/son/ros2_dashing/install/sros2:/home/son/ros2_dashing/install/rqt_topic:/home/son/ros2_dashing/install/rqt_action:/home/son/ros2_dashing/install/rqt:/home/son/ros2_dashing/install/rqt_graph:/home/son/ros2_dashing/install/rqt_gui_py:/home/son/ros2_dashing/install/rqt_gui:/home/son/ros2_dashing/install/ros2topic:/home/son/ros2_dashing/install/ros2test:/home/son/ros2_dashing/install/ros2component:/home/son/ros2_dashing/install/ros2param:/home/son/ros2_dashing/install/ros2lifecycle:/home/son/ros2_dashing/install/ros2service:/home/son/ros2_dashing/install/ros2srv:/home/son/ros2_dashing/install/ros2run:/home/son/ros2_dashing/install/ros2launch:/home/son/ros2_dashing/install/ros2pkg:/home/son/ros2_dashing/install/ros2node:/home/son/ros2_dashing/install/ros2multicast:/home/son/ros2_dashing/install/ros2msg:/home/son/ros2_dashing/install/ros2action:/home/son/ros2_dashing/install/ros2cli:/home/son/ros2_dashing/install/quality_of_service_demo_py:/home/son/ros2_dashing/install/launch_testing_ros:/home/son/ros2_dashing/install/launch_ros:/home/son/ros2_dashing/install/examples_rclpy_minimal_subscriber:/home/son/ros2_dashing/install/examples_rclpy_minimal_service:/home/son/ros2_dashing/install/examples_rclpy_minimal_publisher:/home/son/ros2_dashing/install/examples_rclpy_minimal_client:/home/son/ros2_dashing/install/examples_rclpy_minimal_action_server:/home/son/ros2_dashing/install/examples_rclpy_minimal_action_client:/home/son/ros2_dashing/install/examples_rclpy_executors:/home/son/ros2_dashing/install/demo_nodes_py:/home/son/ros2_dashing/install/ament_uncrustify:/home/son/ros2_dashing/install/test_launch_ros:/home/son/ros2_dashing/install/rosidl_runtime_py:/home/son/ros2_dashing/install/launch_testing:/home/son/ros2_dashing/install/launch:/home/son/ros2_dashing/install/osrf_pycommon:/home/son/ros2_dashing/install/ament_xmllint:/home/son/ros2_dashing/install/ament_pyflakes:/home/son/ros2_dashing/install/ament_pep8:/home/son/ros2_dashing/install/ament_pep257:/home/son/ros2_dashing/install/ament_pclint:/home/son/ros2_dashing/install/ament_package:/home/son/ros2_dashing/install/ament_lint_cmake:/home/son/ros2_dashing/install/ament_flake8:/home/son/ros2_dashing/install/ament_copyright:/home/son/ros2_dashing/install/ament_lint:/home/son/ros2_dashing/install/ament_index_python:/home/son/ros2_dashing/install/ament_cpplint:/home/son/ros2_dashing/install/ament_cppcheck:/home/son/ros2_dashing/install/ament_clang_tidy:/home/son/ros2_dashing/install/ament_clang_format /usr/bin/cmake --build /home/son/Documents/ros2_mbrb_ws/build/turtlesim -- -j4 -l4
[15.273s] DEBUG:colcon.colcon_core.event_handler.log_command:Invoking command in '/home/son/Documents/ros2_mbrb_ws/build/turtlesim': CMAKE_PREFIX_PATH=${CMAKE_PREFIX_PATH}:/home/son/Documents/ros2_mbrb_ws/install/sub_lidar:/home/son/ros2_dashing/install/ros2bag:/home/son/ros2_dashing/install/topic_monitor:/home/son/ros2_dashing/install/sros2:/home/son/ros2_dashing/install/rqt_topic:/home/son/ros2_dashing/install/rqt_action:/home/son/ros2_dashing/install/rqt:/home/son/ros2_dashing/install/rqt_graph:/home/son/ros2_dashing/install/rqt_gui_py:/home/son/ros2_dashing/install/rqt_gui:/home/son/ros2_dashing/install/ros2topic:/home/son/ros2_dashing/install/ros2test:/home/son/ros2_dashing/install/ros2component:/home/son/ros2_dashing/install/ros2param:/home/son/ros2_dashing/install/ros2lifecycle:/home/son/ros2_dashing/install/ros2service:/home/son/ros2_dashing/install/ros2srv:/home/son/ros2_dashing/install/ros2run:/home/son/ros2_dashing/install/ros2launch:/home/son/ros2_dashing/install/ros2pkg:/home/son/ros2_dashing/install/ros2node:/home/son/ros2_dashing/install/ros2multicast:/home/son/ros2_dashing/install/ros2msg:/home/son/ros2_dashing/install/ros2action:/home/son/ros2_dashing/install/ros2cli:/home/son/ros2_dashing/install/quality_of_service_demo_py:/home/son/ros2_dashing/install/launch_testing_ros:/home/son/ros2_dashing/install/launch_ros:/home/son/ros2_dashing/install/examples_rclpy_minimal_subscriber:/home/son/ros2_dashing/install/examples_rclpy_minimal_service:/home/son/ros2_dashing/install/examples_rclpy_minimal_publisher:/home/son/ros2_dashing/install/examples_rclpy_minimal_client:/home/son/ros2_dashing/install/examples_rclpy_minimal_action_server:/home/son/ros2_dashing/install/examples_rclpy_minimal_action_client:/home/son/ros2_dashing/install/examples_rclpy_executors:/home/son/ros2_dashing/install/demo_nodes_py:/home/son/ros2_dashing/install/ament_uncrustify:/home/son/ros2_dashing/install/test_launch_ros:/home/son/ros2_dashing/install/rosidl_runtime_py:/home/son/ros2_dashing/install/launch_testing:/home/son/ros2_dashing/install/launch:/home/son/ros2_dashing/install/osrf_pycommon:/home/son/ros2_dashing/install/ament_xmllint:/home/son/ros2_dashing/install/ament_pyflakes:/home/son/ros2_dashing/install/ament_pep8:/home/son/ros2_dashing/install/ament_pep257:/home/son/ros2_dashing/install/ament_pclint:/home/son/ros2_dashing/install/ament_package:/home/son/ros2_dashing/install/ament_lint_cmake:/home/son/ros2_dashing/install/ament_flake8:/home/son/ros2_dashing/install/ament_copyright:/home/son/ros2_dashing/install/ament_lint:/home/son/ros2_dashing/install/ament_index_python:/home/son/ros2_dashing/install/ament_cpplint:/home/son/ros2_dashing/install/ament_cppcheck:/home/son/ros2_dashing/install/ament_clang_tidy:/home/son/ros2_dashing/install/ament_clang_format /usr/bin/cmake --build /home/son/Documents/ros2_mbrb_ws/build/turtlesim --target install -- -j4 -l4
[16.947s] Level 1:colcon.colcon_core.environment:create_environment_scripts_only(turtlesim)
[16.953s] Level 1:colcon.colcon_core.environment:checking '/home/son/Documents/ros2_mbrb_ws/install/turtlesim' for CMake module files
[16.955s] DEBUG:colcon.colcon_core.event_handler.log_command:Invoked command in '/home/son/Documents/ros2_mbrb_ws/build/turtlesim' returned '0': CMAKE_PREFIX_PATH=${CMAKE_PREFIX_PATH}:/home/son/Documents/ros2_mbrb_ws/install/sub_lidar:/home/son/ros2_dashing/install/ros2bag:/home/son/ros2_dashing/install/topic_monitor:/home/son/ros2_dashing/install/sros2:/home/son/ros2_dashing/install/rqt_topic:/home/son/ros2_dashing/install/rqt_action:/home/son/ros2_dashing/install/rqt:/home/son/ros2_dashing/install/rqt_graph:/home/son/ros2_dashing/install/rqt_gui_py:/home/son/ros2_dashing/install/rqt_gui:/home/son/ros2_dashing/install/ros2topic:/home/son/ros2_dashing/install/ros2test:/home/son/ros2_dashing/install/ros2component:/home/son/ros2_dashing/install/ros2param:/home/son/ros2_dashing/install/ros2lifecycle:/home/son/ros2_dashing/install/ros2service:/home/son/ros2_dashing/install/ros2srv:/home/son/ros2_dashing/install/ros2run:/home/son/ros2_dashing/install/ros2launch:/home/son/ros2_dashing/install/ros2pkg:/home/son/ros2_dashing/install/ros2node:/home/son/ros2_dashing/install/ros2multicast:/home/son/ros2_dashing/install/ros2msg:/home/son/ros2_dashing/install/ros2action:/home/son/ros2_dashing/install/ros2cli:/home/son/ros2_dashing/install/quality_of_service_demo_py:/home/son/ros2_dashing/install/launch_testing_ros:/home/son/ros2_dashing/install/launch_ros:/home/son/ros2_dashing/install/examples_rclpy_minimal_subscriber:/home/son/ros2_dashing/install/examples_rclpy_minimal_service:/home/son/ros2_dashing/install/examples_rclpy_minimal_publisher:/home/son/ros2_dashing/install/examples_rclpy_minimal_client:/home/son/ros2_dashing/install/examples_rclpy_minimal_action_server:/home/son/ros2_dashing/install/examples_rclpy_minimal_action_client:/home/son/ros2_dashing/install/examples_rclpy_executors:/home/son/ros2_dashing/install/demo_nodes_py:/home/son/ros2_dashing/install/ament_uncrustify:/home/son/ros2_dashing/install/test_launch_ros:/home/son/ros2_dashing/install/rosidl_runtime_py:/home/son/ros2_dashing/install/launch_testing:/home/son/ros2_dashing/install/launch:/home/son/ros2_dashing/install/osrf_pycommon:/home/son/ros2_dashing/install/ament_xmllint:/home/son/ros2_dashing/install/ament_pyflakes:/home/son/ros2_dashing/install/ament_pep8:/home/son/ros2_dashing/install/ament_pep257:/home/son/ros2_dashing/install/ament_pclint:/home/son/ros2_dashing/install/ament_package:/home/son/ros2_dashing/install/ament_lint_cmake:/home/son/ros2_dashing/install/ament_flake8:/home/son/ros2_dashing/install/ament_copyright:/home/son/ros2_dashing/install/ament_lint:/home/son/ros2_dashing/install/ament_index_python:/home/son/ros2_dashing/install/ament_cpplint:/home/son/ros2_dashing/install/ament_cppcheck:/home/son/ros2_dashing/install/ament_clang_tidy:/home/son/ros2_dashing/install/ament_clang_format /usr/bin/cmake --build /home/son/Documents/ros2_mbrb_ws/build/turtlesim --target install -- -j4 -l4
[16.956s] Level 1:colcon.colcon_core.environment:checking '/home/son/Documents/ros2_mbrb_ws/install/turtlesim' for CMake config files
[16.956s] Level 1:colcon.colcon_core.shell:create_environment_hook('turtlesim', 'cmake_prefix_path')
[16.957s] INFO:colcon.colcon_core.shell:Creating environment hook '/home/son/Documents/ros2_mbrb_ws/install/turtlesim/share/turtlesim/hook/cmake_prefix_path.ps1'
[16.958s] INFO:colcon.colcon_core.shell:Creating environment descriptor '/home/son/Documents/ros2_mbrb_ws/install/turtlesim/share/turtlesim/hook/cmake_prefix_path.dsv'
[16.959s] INFO:colcon.colcon_core.shell:Creating environment hook '/home/son/Documents/ros2_mbrb_ws/install/turtlesim/share/turtlesim/hook/cmake_prefix_path.sh'
[16.960s] Level 1:colcon.colcon_core.environment:checking '/home/son/Documents/ros2_mbrb_ws/install/turtlesim/lib'
[16.960s] Level 1:colcon.colcon_core.shell:create_environment_hook('turtlesim', 'ld_library_path_lib')
[16.962s] INFO:colcon.colcon_core.shell:Creating environment hook '/home/son/Documents/ros2_mbrb_ws/install/turtlesim/share/turtlesim/hook/ld_library_path_lib.ps1'
[16.963s] INFO:colcon.colcon_core.shell:Creating environment descriptor '/home/son/Documents/ros2_mbrb_ws/install/turtlesim/share/turtlesim/hook/ld_library_path_lib.dsv'
[16.963s] INFO:colcon.colcon_core.shell:Creating environment hook '/home/son/Documents/ros2_mbrb_ws/install/turtlesim/share/turtlesim/hook/ld_library_path_lib.sh'
[16.964s] Level 1:colcon.colcon_core.environment:checking '/home/son/Documents/ros2_mbrb_ws/install/turtlesim/bin'
[16.964s] Level 1:colcon.colcon_core.environment:checking '/home/son/Documents/ros2_mbrb_ws/install/turtlesim/lib/pkgconfig/turtlesim.pc'
[16.964s] Level 1:colcon.colcon_core.environment:checking '/home/son/Documents/ros2_mbrb_ws/install/turtlesim/lib/python3.6/site-packages'
[16.964s] Level 1:colcon.colcon_core.shell:create_environment_hook('turtlesim', 'pythonpath')
[16.967s] INFO:colcon.colcon_core.shell:Creating environment hook '/home/son/Documents/ros2_mbrb_ws/install/turtlesim/share/turtlesim/hook/pythonpath.ps1'
[16.968s] INFO:colcon.colcon_core.shell:Creating environment descriptor '/home/son/Documents/ros2_mbrb_ws/install/turtlesim/share/turtlesim/hook/pythonpath.dsv'
[16.969s] INFO:colcon.colcon_core.shell:Creating environment hook '/home/son/Documents/ros2_mbrb_ws/install/turtlesim/share/turtlesim/hook/pythonpath.sh'
[16.972s] INFO:colcon.colcon_core.shell:Creating package script '/home/son/Documents/ros2_mbrb_ws/install/turtlesim/share/turtlesim/package.ps1'
[16.973s] INFO:colcon.colcon_core.shell:Creating package descriptor '/home/son/Documents/ros2_mbrb_ws/install/turtlesim/share/turtlesim/package.dsv'
[16.974s] INFO:colcon.colcon_core.shell:Creating package script '/home/son/Documents/ros2_mbrb_ws/install/turtlesim/share/turtlesim/package.sh'
[16.975s] INFO:colcon.colcon_core.shell:Creating package script '/home/son/Documents/ros2_mbrb_ws/install/turtlesim/share/turtlesim/package.bash'
[16.976s] INFO:colcon.colcon_core.shell:Creating package script '/home/son/Documents/ros2_mbrb_ws/install/turtlesim/share/turtlesim/package.zsh'
[16.977s] Level 1:colcon.colcon_core.environment:create_file_with_runtime_dependencies(/home/son/Documents/ros2_mbrb_ws/install/turtlesim/share/colcon-core/packages/turtlesim)
[16.977s] DEBUG:colcon.colcon_parallel_executor.executor.parallel:closing loop
[16.978s] DEBUG:colcon.colcon_parallel_executor.executor.parallel:loop closed
[16.979s] DEBUG:colcon.colcon_parallel_executor.executor.parallel:run_until_complete finished with '0'
[16.979s] DEBUG:colcon.colcon_core.event_reactor:joining thread
[17.031s] INFO:colcon.colcon_core.plugin_system:Skipping extension 'colcon_notification.desktop_notification.terminal_notifier': Not used on non-Darwin systems
[17.031s] INFO:colcon.colcon_core.plugin_system:Skipping extension 'colcon_notification.desktop_notification.win32': Not used on non-Windows systems
[17.031s] INFO:colcon.colcon_notification.desktop_notification:Sending desktop notification using 'notify2'
[17.034s] DEBUG:colcon.colcon_core.event_reactor:joined thread
[17.036s] INFO:colcon.colcon_core.shell:Creating prefix script '/home/son/Documents/ros2_mbrb_ws/install/local_setup.ps1'
[17.081s] INFO:colcon.colcon_core.shell:Creating prefix util module '/home/son/Documents/ros2_mbrb_ws/install/_local_setup_util_ps1.py'
[17.101s] INFO:colcon.colcon_core.shell:Creating prefix chain script '/home/son/Documents/ros2_mbrb_ws/install/setup.ps1'
[17.118s] INFO:colcon.colcon_core.shell:Creating prefix script '/home/son/Documents/ros2_mbrb_ws/install/local_setup.sh'
[17.155s] INFO:colcon.colcon_core.shell:Creating prefix util module '/home/son/Documents/ros2_mbrb_ws/install/_local_setup_util_sh.py'
[17.156s] INFO:colcon.colcon_core.shell:Creating prefix chain script '/home/son/Documents/ros2_mbrb_ws/install/setup.sh'
[17.174s] INFO:colcon.colcon_core.shell:Creating prefix script '/home/son/Documents/ros2_mbrb_ws/install/local_setup.bash'
[17.191s] INFO:colcon.colcon_core.shell:Creating prefix chain script '/home/son/Documents/ros2_mbrb_ws/install/setup.bash'
[17.207s] INFO:colcon.colcon_core.shell:Creating prefix script '/home/son/Documents/ros2_mbrb_ws/install/local_setup.zsh'
[17.230s] INFO:colcon.colcon_core.shell:Creating prefix chain script '/home/son/Documents/ros2_mbrb_ws/install/setup.zsh'
