[2.410s] DEBUG:colcon:Command line arguments: ['/usr/bin/colcon', 'build']
[2.410s] DEBUG:colcon:Parsed command line arguments: Namespace(ament_cmake_args=None, base_paths=['.'], build_base='build', catkin_cmake_args=None, catkin_skip_building_tests=False, cmake_args=None, cmake_clean_cache=False, cmake_clean_first=False, cmake_force_configure=False, cmake_target=None, cmake_target_skip_unavailable=False, continue_on_error=False, event_handlers=None, executor='parallel', ignore_user_meta=False, install_base='install', log_base=None, log_level=None, main=<bound method BuildVerb.main of <colcon_core.verb.build.BuildVerb object at 0x7f200ff6e438>>, merge_install=False, metas=['./colcon.meta'], packages_above=None, packages_above_and_dependencies=None, packages_above_depth=None, packages_end=None, packages_ignore=None, packages_ignore_regex=None, packages_select=None, packages_select_build_failed=False, packages_select_by_dep=None, packages_select_regex=None, packages_select_test_failures=False, packages_skip=None, packages_skip_build_finished=False, packages_skip_by_dep=None, packages_skip_regex=None, packages_skip_test_passed=False, packages_skip_up_to=None, packages_start=None, packages_up_to=None, packages_up_to_regex=None, parallel_workers=4, paths=None, symlink_install=False, test_result_base=None, verb_extension=<colcon_core.verb.build.BuildVerb object at 0x7f200ff6e438>, verb_name='build', verb_parser=<colcon_defaults.argument_parser.defaults.DefaultArgumentsDecorator object at 0x7f200ff6e7f0>)
[2.736s] Level 1:colcon.colcon_core.package_discovery:discover_packages(colcon_meta) check parameters
[2.736s] Level 1:colcon.colcon_core.package_discovery:discover_packages(recursive) check parameters
[2.736s] Level 1:colcon.colcon_core.package_discovery:discover_packages(ignore) check parameters
[2.737s] Level 1:colcon.colcon_core.package_discovery:discover_packages(path) check parameters
[2.737s] Level 1:colcon.colcon_core.package_discovery:discover_packages(colcon_meta) discover
[2.737s] Level 1:colcon.colcon_core.package_discovery:discover_packages(recursive) discover
[2.738s] INFO:colcon.colcon_core.package_discovery:Crawling recursively for packages in '/home/son/Documents/ros2_mbrb_ws'
[2.738s] Level 1:colcon.colcon_core.package_identification:_identify(.) by extensions ['ignore', 'ignore_ament_install']
[2.738s] Level 1:colcon.colcon_core.package_identification:_identify(.) by extension 'ignore'
[2.739s] Level 1:colcon.colcon_core.package_identification:_identify(.) by extension 'ignore_ament_install'
[2.739s] Level 1:colcon.colcon_core.package_identification:_identify(.) by extensions ['colcon_pkg']
[2.739s] Level 1:colcon.colcon_core.package_identification:_identify(.) by extension 'colcon_pkg'
[2.739s] Level 1:colcon.colcon_core.package_identification:_identify(.) by extensions ['colcon_meta']
[2.739s] Level 1:colcon.colcon_core.package_identification:_identify(.) by extension 'colcon_meta'
[2.739s] Level 1:colcon.colcon_core.package_identification:_identify(.) by extensions ['ros']
[2.740s] Level 1:colcon.colcon_core.package_identification:_identify(.) by extension 'ros'
[2.765s] Level 1:colcon.colcon_core.package_identification:_identify(.) by extensions ['cmake', 'python']
[2.765s] Level 1:colcon.colcon_core.package_identification:_identify(.) by extension 'cmake'
[2.765s] Level 1:colcon.colcon_core.package_identification:_identify(.) by extension 'python'
[2.765s] Level 1:colcon.colcon_core.package_identification:_identify(.) by extensions ['python_setup_py']
[2.765s] Level 1:colcon.colcon_core.package_identification:_identify(.) by extension 'python_setup_py'
[2.765s] Level 1:colcon.colcon_core.package_identification:_identify(build) by extensions ['ignore', 'ignore_ament_install']
[2.765s] Level 1:colcon.colcon_core.package_identification:_identify(build) by extension 'ignore'
[2.765s] Level 1:colcon.colcon_core.package_identification:_identify(build) ignored
[2.766s] Level 1:colcon.colcon_core.package_identification:_identify(install) by extensions ['ignore', 'ignore_ament_install']
[2.766s] Level 1:colcon.colcon_core.package_identification:_identify(install) by extension 'ignore'
[2.766s] Level 1:colcon.colcon_core.package_identification:_identify(install) ignored
[2.766s] Level 1:colcon.colcon_core.package_identification:_identify(log) by extensions ['ignore', 'ignore_ament_install']
[2.766s] Level 1:colcon.colcon_core.package_identification:_identify(log) by extension 'ignore'
[2.766s] Level 1:colcon.colcon_core.package_identification:_identify(log) ignored
[2.767s] Level 1:colcon.colcon_core.package_identification:_identify(src) by extensions ['ignore', 'ignore_ament_install']
[2.767s] Level 1:colcon.colcon_core.package_identification:_identify(src) by extension 'ignore'
[2.767s] Level 1:colcon.colcon_core.package_identification:_identify(src) by extension 'ignore_ament_install'
[2.767s] Level 1:colcon.colcon_core.package_identification:_identify(src) by extensions ['colcon_pkg']
[2.767s] Level 1:colcon.colcon_core.package_identification:_identify(src) by extension 'colcon_pkg'
[2.767s] Level 1:colcon.colcon_core.package_identification:_identify(src) by extensions ['colcon_meta']
[2.767s] Level 1:colcon.colcon_core.package_identification:_identify(src) by extension 'colcon_meta'
[2.767s] Level 1:colcon.colcon_core.package_identification:_identify(src) by extensions ['ros']
[2.767s] Level 1:colcon.colcon_core.package_identification:_identify(src) by extension 'ros'
[2.767s] Level 1:colcon.colcon_core.package_identification:_identify(src) by extensions ['cmake', 'python']
[2.767s] Level 1:colcon.colcon_core.package_identification:_identify(src) by extension 'cmake'
[2.767s] Level 1:colcon.colcon_core.package_identification:_identify(src) by extension 'python'
[2.767s] Level 1:colcon.colcon_core.package_identification:_identify(src) by extensions ['python_setup_py']
[2.767s] Level 1:colcon.colcon_core.package_identification:_identify(src) by extension 'python_setup_py'
[2.767s] Level 1:colcon.colcon_core.package_identification:_identify(src/sub_lidar) by extensions ['ignore', 'ignore_ament_install']
[2.768s] Level 1:colcon.colcon_core.package_identification:_identify(src/sub_lidar) by extension 'ignore'
[2.768s] Level 1:colcon.colcon_core.package_identification:_identify(src/sub_lidar) by extension 'ignore_ament_install'
[2.768s] Level 1:colcon.colcon_core.package_identification:_identify(src/sub_lidar) by extensions ['colcon_pkg']
[2.768s] Level 1:colcon.colcon_core.package_identification:_identify(src/sub_lidar) by extension 'colcon_pkg'
[2.768s] Level 1:colcon.colcon_core.package_identification:_identify(src/sub_lidar) by extensions ['colcon_meta']
[2.768s] Level 1:colcon.colcon_core.package_identification:_identify(src/sub_lidar) by extension 'colcon_meta'
[2.768s] Level 1:colcon.colcon_core.package_identification:_identify(src/sub_lidar) by extensions ['ros']
[2.768s] Level 1:colcon.colcon_core.package_identification:_identify(src/sub_lidar) by extension 'ros'
[2.819s] DEBUG:colcon.colcon_core.package_identification:Package 'src/sub_lidar' with type 'ros.ament_python' and name 'sub_lidar'
[2.819s] Level 1:colcon.colcon_core.package_discovery:discover_packages(recursive) using defaults
[2.819s] Level 1:colcon.colcon_core.package_discovery:discover_packages(ignore) discover
[2.819s] Level 1:colcon.colcon_core.package_discovery:discover_packages(ignore) using defaults
[2.819s] Level 1:colcon.colcon_core.package_discovery:discover_packages(path) discover
[2.819s] Level 1:colcon.colcon_core.package_discovery:discover_packages(path) using defaults
[2.878s] Level 5:colcon.colcon_core.verb:set package 'sub_lidar' build argument 'cmake_args' from command line to 'None'
[2.878s] Level 5:colcon.colcon_core.verb:set package 'sub_lidar' build argument 'cmake_target' from command line to 'None'
[2.878s] Level 5:colcon.colcon_core.verb:set package 'sub_lidar' build argument 'cmake_target_skip_unavailable' from command line to 'False'
[2.878s] Level 5:colcon.colcon_core.verb:set package 'sub_lidar' build argument 'cmake_clean_cache' from command line to 'False'
[2.879s] Level 5:colcon.colcon_core.verb:set package 'sub_lidar' build argument 'cmake_clean_first' from command line to 'False'
[2.879s] Level 5:colcon.colcon_core.verb:set package 'sub_lidar' build argument 'cmake_force_configure' from command line to 'False'
[2.879s] Level 5:colcon.colcon_core.verb:set package 'sub_lidar' build argument 'ament_cmake_args' from command line to 'None'
[2.879s] Level 5:colcon.colcon_core.verb:set package 'sub_lidar' build argument 'catkin_cmake_args' from command line to 'None'
[2.879s] Level 5:colcon.colcon_core.verb:set package 'sub_lidar' build argument 'catkin_skip_building_tests' from command line to 'False'
[2.879s] DEBUG:colcon.colcon_core.verb:Building package 'sub_lidar' with the following arguments: {'ament_cmake_args': None, 'build_base': '/home/son/Documents/ros2_mbrb_ws/build/sub_lidar', 'catkin_cmake_args': None, 'catkin_skip_building_tests': False, 'cmake_args': None, 'cmake_clean_cache': False, 'cmake_clean_first': False, 'cmake_force_configure': False, 'cmake_target': None, 'cmake_target_skip_unavailable': False, 'install_base': '/home/son/Documents/ros2_mbrb_ws/install/sub_lidar', 'merge_install': False, 'path': '/home/son/Documents/ros2_mbrb_ws/src/sub_lidar', 'symlink_install': False, 'test_result_base': None}
[2.880s] INFO:colcon.colcon_core.executor:Executing jobs using 'parallel' executor
[2.886s] DEBUG:colcon.colcon_parallel_executor.executor.parallel:run_until_complete
[2.887s] INFO:colcon.colcon_ros.task.ament_python.build:Building ROS package in '/home/son/Documents/ros2_mbrb_ws/src/sub_lidar' with build type 'ament_python'
[2.887s] Level 1:colcon.colcon_core.shell:create_environment_hook('sub_lidar', 'ament_prefix_path')
[2.975s] INFO:colcon.colcon_core.plugin_system:Skipping extension 'colcon_core.shell.bat': Not used on non-Windows systems
[2.976s] INFO:colcon.colcon_core.shell:Creating environment hook '/home/son/Documents/ros2_mbrb_ws/install/sub_lidar/share/sub_lidar/hook/ament_prefix_path.ps1'
[3.002s] INFO:colcon.colcon_core.shell:Creating environment descriptor '/home/son/Documents/ros2_mbrb_ws/install/sub_lidar/share/sub_lidar/hook/ament_prefix_path.dsv'
[3.010s] INFO:colcon.colcon_core.shell:Creating environment hook '/home/son/Documents/ros2_mbrb_ws/install/sub_lidar/share/sub_lidar/hook/ament_prefix_path.sh'
[3.011s] INFO:colcon.colcon_core.shell:Skip shell extension 'powershell' for command environment: Not usable outside of PowerShell
[3.011s] DEBUG:colcon.colcon_core.shell:Skip shell extension 'dsv' for command environment
[3.681s] INFO:colcon.colcon_core.task.python.build:Building Python package in '/home/son/Documents/ros2_mbrb_ws/src/sub_lidar'
[3.682s] INFO:colcon.colcon_core.shell:Skip shell extension 'powershell' for command environment: Not usable outside of PowerShell
[3.682s] DEBUG:colcon.colcon_core.shell:Skip shell extension 'dsv' for command environment
[3.713s] DEBUG:colcon.colcon_core.event_handler.log_command:Invoking command in '/home/son/Documents/ros2_mbrb_ws/src/sub_lidar': PYTHONPATH=/home/son/Documents/ros2_mbrb_ws/install/sub_lidar/lib/python3.6/site-packages:${PYTHONPATH} /usr/bin/python3 setup.py egg_info --egg-base /home/son/Documents/ros2_mbrb_ws/build/sub_lidar build --build-base /home/son/Documents/ros2_mbrb_ws/build/sub_lidar/build install --prefix /home/son/Documents/ros2_mbrb_ws/install/sub_lidar --record /home/son/Documents/ros2_mbrb_ws/build/sub_lidar/install.log --single-version-externally-managed
[5.181s] DEBUG:colcon.colcon_core.event_handler.log_command:Invoked command in '/home/son/Documents/ros2_mbrb_ws/src/sub_lidar' returned '0': PYTHONPATH=/home/son/Documents/ros2_mbrb_ws/install/sub_lidar/lib/python3.6/site-packages:${PYTHONPATH} /usr/bin/python3 setup.py egg_info --egg-base /home/son/Documents/ros2_mbrb_ws/build/sub_lidar build --build-base /home/son/Documents/ros2_mbrb_ws/build/sub_lidar/build install --prefix /home/son/Documents/ros2_mbrb_ws/install/sub_lidar --record /home/son/Documents/ros2_mbrb_ws/build/sub_lidar/install.log --single-version-externally-managed
[5.304s] Level 1:colcon.colcon_core.environment:checking '/home/son/Documents/ros2_mbrb_ws/install/sub_lidar' for CMake module files
[5.306s] Level 1:colcon.colcon_core.environment:checking '/home/son/Documents/ros2_mbrb_ws/install/sub_lidar' for CMake config files
[5.310s] Level 1:colcon.colcon_core.environment:checking '/home/son/Documents/ros2_mbrb_ws/install/sub_lidar/lib'
[5.311s] Level 1:colcon.colcon_core.environment:checking '/home/son/Documents/ros2_mbrb_ws/install/sub_lidar/bin'
[5.311s] Level 1:colcon.colcon_core.environment:checking '/home/son/Documents/ros2_mbrb_ws/install/sub_lidar/lib/pkgconfig/sub_lidar.pc'
[5.312s] Level 1:colcon.colcon_core.environment:checking '/home/son/Documents/ros2_mbrb_ws/install/sub_lidar/lib/python3.6/site-packages'
[5.312s] Level 1:colcon.colcon_core.shell:create_environment_hook('sub_lidar', 'pythonpath')
[5.315s] INFO:colcon.colcon_core.shell:Creating environment hook '/home/son/Documents/ros2_mbrb_ws/install/sub_lidar/share/sub_lidar/hook/pythonpath.ps1'
[5.329s] INFO:colcon.colcon_core.shell:Creating environment descriptor '/home/son/Documents/ros2_mbrb_ws/install/sub_lidar/share/sub_lidar/hook/pythonpath.dsv'
[5.332s] INFO:colcon.colcon_core.shell:Creating environment hook '/home/son/Documents/ros2_mbrb_ws/install/sub_lidar/share/sub_lidar/hook/pythonpath.sh'
[5.333s] Level 1:colcon.colcon_core.environment:create_environment_scripts_only(sub_lidar)
[5.337s] INFO:colcon.colcon_core.shell:Creating package script '/home/son/Documents/ros2_mbrb_ws/install/sub_lidar/share/sub_lidar/package.ps1'
[5.359s] INFO:colcon.colcon_core.shell:Creating package descriptor '/home/son/Documents/ros2_mbrb_ws/install/sub_lidar/share/sub_lidar/package.dsv'
[5.367s] INFO:colcon.colcon_core.shell:Creating package script '/home/son/Documents/ros2_mbrb_ws/install/sub_lidar/share/sub_lidar/package.sh'
[5.371s] INFO:colcon.colcon_core.shell:Creating package script '/home/son/Documents/ros2_mbrb_ws/install/sub_lidar/share/sub_lidar/package.bash'
[5.405s] INFO:colcon.colcon_core.shell:Creating package script '/home/son/Documents/ros2_mbrb_ws/install/sub_lidar/share/sub_lidar/package.zsh'
[5.431s] Level 1:colcon.colcon_core.environment:create_file_with_runtime_dependencies(/home/son/Documents/ros2_mbrb_ws/install/sub_lidar/share/colcon-core/packages/sub_lidar)
[5.433s] DEBUG:colcon.colcon_parallel_executor.executor.parallel:closing loop
[5.435s] DEBUG:colcon.colcon_parallel_executor.executor.parallel:loop closed
[5.435s] DEBUG:colcon.colcon_parallel_executor.executor.parallel:run_until_complete finished with '0'
[5.436s] DEBUG:colcon.colcon_core.event_reactor:joining thread
[5.539s] INFO:colcon.colcon_core.plugin_system:Skipping extension 'colcon_notification.desktop_notification.terminal_notifier': Not used on non-Darwin systems
[5.539s] INFO:colcon.colcon_core.plugin_system:Skipping extension 'colcon_notification.desktop_notification.win32': Not used on non-Windows systems
[5.540s] INFO:colcon.colcon_notification.desktop_notification:Sending desktop notification using 'notify2'
[5.544s] DEBUG:colcon.colcon_core.event_reactor:joined thread
[5.547s] INFO:colcon.colcon_core.shell:Creating prefix script '/home/son/Documents/ros2_mbrb_ws/install/local_setup.ps1'
[5.593s] INFO:colcon.colcon_core.shell:Creating prefix util module '/home/son/Documents/ros2_mbrb_ws/install/_local_setup_util_ps1.py'
[5.611s] INFO:colcon.colcon_core.shell:Creating prefix chain script '/home/son/Documents/ros2_mbrb_ws/install/setup.ps1'
[5.627s] INFO:colcon.colcon_core.shell:Creating prefix script '/home/son/Documents/ros2_mbrb_ws/install/local_setup.sh'
[5.629s] INFO:colcon.colcon_core.shell:Creating prefix util module '/home/son/Documents/ros2_mbrb_ws/install/_local_setup_util_sh.py'
[5.629s] INFO:colcon.colcon_core.shell:Creating prefix chain script '/home/son/Documents/ros2_mbrb_ws/install/setup.sh'
[5.645s] INFO:colcon.colcon_core.shell:Creating prefix script '/home/son/Documents/ros2_mbrb_ws/install/local_setup.bash'
[5.657s] INFO:colcon.colcon_core.shell:Creating prefix chain script '/home/son/Documents/ros2_mbrb_ws/install/setup.bash'
[5.673s] INFO:colcon.colcon_core.shell:Creating prefix script '/home/son/Documents/ros2_mbrb_ws/install/local_setup.zsh'
[5.696s] INFO:colcon.colcon_core.shell:Creating prefix chain script '/home/son/Documents/ros2_mbrb_ws/install/setup.zsh'
