[0.000000] (-) TimerEvent: {}
[0.000204] (turtlesim) JobQueued: {'identifier': 'turtlesim', 'dependencies': OrderedDict()}
[0.000768] (turtlesim) JobStarted: {'identifier': 'turtlesim'}
[0.017554] (turtlesim) JobProgress: {'identifier': 'turtlesim', 'progress': 'cmake'}
[0.018731] (turtlesim) Command: {'cmd': ['/usr/bin/cmake', '/home/son/Documents/ros2_mbrb_ws/src/ros_tutorials/turtlesim', '-DCMAKE_INSTALL_PREFIX=/home/son/Documents/ros2_mbrb_ws/install/turtlesim'], 'cwd': '/home/son/Documents/ros2_mbrb_ws/build/turtlesim', 'env': OrderedDict([('USER', 'son'), ('LANGUAGE', 'en_US:en'), ('LC_TIME', 'vi_VN'), ('TEXTDOMAIN', 'im-config'), ('OSPL_INFOFILE', '<stdout>'), ('XDG_SEAT', 'seat0'), ('SSH_AGENT_PID', '2958'), ('XDG_SESSION_TYPE', 'x11'), ('LD_LIBRARY_PATH', '/home/son/ros2_dashing/ros2-linux/opt/yaml_cpp_vendor/lib:/home/son/ros2_dashing/ros2-linux/opt/rviz_ogre_vendor/lib:/usr/lib:/home/son/ros2_dashing/ros2-linux/lib'), ('SHLVL', '1'), ('OLDPWD', '/home/son/Documents'), ('OSPL_URI', 'file:///home/son/ros2_dashing/ros2-linux/share/opensplice_cmake_module/config/ros_ospl.xml'), ('QT4_IM_MODULE', 'xim'), ('HOME', '/home/son'), ('DESKTOP_SESSION', 'ubuntu'), ('OSPL_VERBOSITY', '2'), ('GNOME_SHELL_SESSION_MODE', 'ubuntu'), ('GTK_MODULES', 'gail:atk-bridge'), ('ROS_PYTHON_VERSION', '3'), ('LC_MONETARY', 'vi_VN'), ('DBUS_SESSION_BUS_ADDRESS', 'unix:path=/run/user/1000/bus'), ('OSPL_TMPL_PATH', '/usr/etc/opensplice/idlpp'), ('COLORTERM', 'truecolor'), ('COLCON_PREFIX_PATH', '/home/son/ros2_dashing/ros2-linux'), ('IM_CONFIG_PHASE', '2'), ('ROS_DISTRO', 'dashing'), ('LOGNAME', 'son'), ('GTK_IM_MODULE', 'ibus'), ('DESKTOP_AUTOSTART_ID', '10dfdbc959f776cbf160143284170371100000028790007'), ('_', '/usr/bin/colcon'), ('ROS_VERSION', '2'), ('PKG_CONFIG_PATH', '/home/son/ros2_dashing/ros2-linux/lib/x86_64-linux-gnu/pkgconfig:/home/son/ros2_dashing/ros2-linux/lib/pkgconfig'), ('USERNAME', 'son'), ('XDG_SESSION_ID', '2'), ('TERM', 'xterm-256color'), ('OSPL_ERRORFILE', '<stderr>'), ('GNOME_DESKTOP_SESSION_ID', 'this-is-deprecated'), ('WINDOWPATH', '2'), ('PATH', '/home/son/ros2_dashing/ros2-linux/bin:/home/son/.local/bin:/usr/local/sbin:/usr/local/bin:/usr/sbin:/usr/bin:/sbin:/bin:/usr/games:/usr/local/games:/snap/bin'), ('PAPERSIZE', 'a4'), ('SESSION_MANAGER', 'local/lvs:@/tmp/.ICE-unix/2879,unix/lvs:/tmp/.ICE-unix/2879'), ('XDG_MENU_PREFIX', 'gnome-'), ('GNOME_TERMINAL_SCREEN', '/org/gnome/Terminal/screen/b5b62be5_81b7_4a34_859d_24861cff656c'), ('LC_ADDRESS', 'vi_VN'), ('XDG_RUNTIME_DIR', '/run/user/1000'), ('DISPLAY', ':0'), ('LANG', 'en_US.UTF-8'), ('OSPL_HOME', '/usr'), ('XDG_CURRENT_DESKTOP', 'ubuntu:GNOME'), ('LC_TELEPHONE', 'vi_VN'), ('XDG_SESSION_DESKTOP', 'ubuntu'), ('XMODIFIERS', '@im=ibus'), ('GNOME_TERMINAL_SERVICE', ':1.460'), ('XAUTHORITY', '/run/user/1000/gdm/Xauthority'), ('AMENT_PREFIX_PATH', '/home/son/ros2_dashing/ros2-linux'), ('SSH_AUTH_SOCK', '/run/user/1000/keyring/ssh'), ('LC_NAME', 'vi_VN'), ('SHELL', '/bin/bash'), ('QT_ACCESSIBILITY', '1'), ('GDMSESSION', 'ubuntu'), ('LC_MEASUREMENT', 'vi_VN'), ('TEXTDOMAINDIR', '/usr/share/locale/'), ('GPG_AGENT_INFO', '/run/user/1000/gnupg/S.gpg-agent:0:1'), ('LC_IDENTIFICATION', 'vi_VN'), ('XDG_VTNR', '2'), ('QT_IM_MODULE', 'ibus'), ('LC_ALL', 'en_US.UTF-8'), ('PWD', '/home/son/Documents/ros2_mbrb_ws/build/turtlesim'), ('CLUTTER_IM_MODULE', 'xim'), ('XDG_DATA_DIRS', '/usr/share/ubuntu:/usr/local/share/:/usr/share/:/var/lib/snapd/desktop'), ('XDG_CONFIG_DIRS', '/etc/xdg/xdg-ubuntu:/etc/xdg'), ('LC_NUMERIC', 'vi_VN'), ('PYTHONPATH', '/home/son/ros2_dashing/ros2-linux/lib/python3.6/site-packages'), ('LC_PAPER', 'vi_VN'), ('COLCON', '1'), ('VTE_VERSION', '5202'), ('CMAKE_PREFIX_PATH', '/home/son/ros2_dashing/ros2-linux')]), 'shell': False}
[0.044225] (turtlesim) StdoutLine: {'line': b'-- Found ament_cmake: 0.7.5 (/home/son/ros2_dashing/ros2-linux/share/ament_cmake/cmake)\n'}
[0.074594] (turtlesim) StdoutLine: {'line': b'-- Found PythonInterp: /usr/bin/python3 (found suitable version "3.6.9", minimum required is "3") \n'}
[0.074805] (turtlesim) StdoutLine: {'line': b'-- Using PYTHON_EXECUTABLE: /usr/bin/python3\n'}
[0.099616] (-) TimerEvent: {}
[0.199994] (-) TimerEvent: {}
[0.300338] (-) TimerEvent: {}
[0.355277] (turtlesim) StdoutLine: {'line': b'-- Found ament_index_cpp: 0.7.2 (/home/son/ros2_dashing/ros2-linux/share/ament_index_cpp/cmake)\n'}
[0.359562] (turtlesim) StdoutLine: {'line': b'-- Found geometry_msgs: 0.7.0 (/home/son/ros2_dashing/ros2-linux/share/geometry_msgs/cmake)\n'}
[0.375002] (turtlesim) StdoutLine: {'line': b'-- Found rosidl_adapter: 0.7.9 (/home/son/ros2_dashing/ros2-linux/share/rosidl_adapter/cmake)\n'}
[0.400475] (-) TimerEvent: {}
[0.455647] (turtlesim) StdoutLine: {'line': b'-- Found rclcpp: 0.7.14 (/home/son/ros2_dashing/ros2-linux/share/rclcpp/cmake)\n'}
[0.466468] (turtlesim) StdoutLine: {'line': b'-- Found rmw_implementation_cmake: 0.7.2 (/home/son/ros2_dashing/ros2-linux/share/rmw_implementation_cmake/cmake)\n'}
[0.468002] (turtlesim) StdoutLine: {'line': b"-- Using RMW implementation 'rmw_fastrtps_cpp' as default\n"}
[0.496115] (turtlesim) StdoutLine: {'line': b'-- Found rclcpp_action: 0.7.14 (/home/son/ros2_dashing/ros2-linux/share/rclcpp_action/cmake)\n'}
[0.500592] (-) TimerEvent: {}
[0.557890] (turtlesim) StdoutLine: {'line': b'-- Found rosidl_default_generators: 0.7.0 (/home/son/ros2_dashing/ros2-linux/share/rosidl_default_generators/cmake)\n'}
[0.573506] (turtlesim) StdoutLine: {'line': b'-- Could not find RTI Connext - skipping rosidl_typesupport_connext_c\n'}
[0.579442] (turtlesim) StdoutLine: {'line': b'-- Could not find RTI Connext - skipping rosidl_typesupport_connext_cpp\n'}
[0.600715] (-) TimerEvent: {}
[0.670214] (turtlesim) StdoutLine: {'line': b'-- Could not find PrismTech OpenSplice - skipping rosidl_typesupport_opensplice_c\n'}
[0.674818] (turtlesim) StdoutLine: {'line': b'-- Could not find PrismTech OpenSplice - skipping rosidl_typesupport_opensplice_cpp\n'}
[0.700827] (-) TimerEvent: {}
[0.703199] (turtlesim) StdoutLine: {'line': b'-- Found std_srvs: 0.7.0 (/home/son/ros2_dashing/ros2-linux/share/std_srvs/cmake)\n'}
[0.761345] (turtlesim) StdoutLine: {'line': b'-- Found PythonInterp: /usr/bin/python3 (found version "3.6.9") \n'}
[0.800936] (-) TimerEvent: {}
[0.901283] (-) TimerEvent: {}
[1.001623] (-) TimerEvent: {}
[1.050153] (turtlesim) StdoutLine: {'line': b'-- Using all available rosidl_typesupport_c: rosidl_typesupport_connext_c;rosidl_typesupport_fastrtps_c;rosidl_typesupport_introspection_c;rosidl_typesupport_opensplice_c\n'}
[1.064701] (turtlesim) StdoutLine: {'line': b'-- Using all available rosidl_typesupport_cpp: rosidl_typesupport_connext_cpp;rosidl_typesupport_fastrtps_cpp;rosidl_typesupport_introspection_cpp;rosidl_typesupport_opensplice_cpp\n'}
[1.101739] (-) TimerEvent: {}
[1.202090] (-) TimerEvent: {}
[1.265956] (turtlesim) StdoutLine: {'line': b'-- Found PythonInterp: /usr/bin/python3 (found suitable version "3.6.9", minimum required is "3.5") \n'}
[1.266465] (turtlesim) StdoutLine: {'line': b'-- Found python_cmake_module: 0.7.10 (/home/son/ros2_dashing/ros2-linux/share/python_cmake_module/cmake)\n'}
[1.299192] (turtlesim) StdoutLine: {'line': b'-- Using PYTHON_EXECUTABLE: /usr/bin/python3\n'}
[1.299369] (turtlesim) StdoutLine: {'line': b'-- Using PYTHON_INCLUDE_DIRS: /usr/include/python3.6m\n'}
[1.299458] (turtlesim) StdoutLine: {'line': b'-- Using PYTHON_LIBRARIES: /usr/lib/x86_64-linux-gnu/libpython3.6m.so\n'}
[1.302220] (-) TimerEvent: {}
[1.307329] (turtlesim) StdoutLine: {'line': b'-- Could not find RTI Connext - skipping rmw_connext_shared_cpp\n'}
[1.311484] (turtlesim) StderrLine: {'line': b'CMake Error at /home/son/ros2_dashing/ros2-linux/share/rmw_connext_cpp/cmake/ament_cmake_export_dependencies-extras.cmake:21 (find_package):\n'}
[1.311697] (turtlesim) StderrLine: {'line': b'  Found package configuration file:\n'}
[1.311789] (turtlesim) StderrLine: {'line': b'\n'}
[1.311863] (turtlesim) StderrLine: {'line': b'    /home/son/ros2_dashing/ros2-linux/share/rmw_connext_shared_cpp/cmake/rmw_connext_shared_cppConfig.cmake\n'}
[1.311935] (turtlesim) StderrLine: {'line': b'\n'}
[1.312006] (turtlesim) StderrLine: {'line': b'  but it set rmw_connext_shared_cpp_FOUND to FALSE so package\n'}
[1.312083] (turtlesim) StderrLine: {'line': b'  "rmw_connext_shared_cpp" is considered to be NOT FOUND.\n'}
[1.312152] (turtlesim) StderrLine: {'line': b'Call Stack (most recent call first):\n'}
[1.312220] (turtlesim) StderrLine: {'line': b'  /home/son/ros2_dashing/ros2-linux/share/rmw_connext_cpp/cmake/rmw_connext_cppConfig.cmake:38 (include)\n'}
[1.312288] (turtlesim) StderrLine: {'line': b'  /home/son/ros2_dashing/ros2-linux/share/rmw_implementation_cmake/cmake/call_for_each_rmw_implementation.cmake:61 (find_package)\n'}
[1.312359] (turtlesim) StderrLine: {'line': b'  /home/son/ros2_dashing/ros2-linux/share/rosidl_generator_py/cmake/rosidl_generator_py_get_typesupports.cmake:26 (call_for_each_rmw_implementation)\n'}
[1.312428] (turtlesim) StderrLine: {'line': b'  /home/son/ros2_dashing/ros2-linux/share/rosidl_generator_py/cmake/rosidl_generator_py_generate_interfaces.cmake:27 (rosidl_generator_py_get_typesupports)\n'}
[1.312525] (turtlesim) StderrLine: {'line': b'  /home/son/ros2_dashing/ros2-linux/share/ament_cmake_core/cmake/core/ament_execute_extensions.cmake:48 (include)\n'}
[1.312665] (turtlesim) StderrLine: {'line': b'  /home/son/ros2_dashing/ros2-linux/share/rosidl_cmake/cmake/rosidl_generate_interfaces.cmake:286 (ament_execute_extensions)\n'}
[1.312772] (turtlesim) StderrLine: {'line': b'  CMakeLists.txt:24 (rosidl_generate_interfaces)\n'}
[1.312845] (turtlesim) StderrLine: {'line': b'\n'}
[1.312914] (turtlesim) StderrLine: {'line': b'\n'}
[1.314618] (turtlesim) StdoutLine: {'line': b'-- Configuring incomplete, errors occurred!\n'}
[1.314801] (turtlesim) StdoutLine: {'line': b'See also "/home/son/Documents/ros2_mbrb_ws/build/turtlesim/CMakeFiles/CMakeOutput.log".\n'}
[1.314944] (turtlesim) StdoutLine: {'line': b'See also "/home/son/Documents/ros2_mbrb_ws/build/turtlesim/CMakeFiles/CMakeError.log".\n'}
[1.321460] (turtlesim) CommandEnded: {'returncode': 1}
[1.322657] (turtlesim) JobEnded: {'identifier': 'turtlesim', 'rc': 1}
[1.333603] (-) EventReactorShutdown: {}
