[2.577s] DEBUG:colcon:Command line arguments: ['/usr/bin/colcon', 'build']
[2.577s] DEBUG:colcon:Parsed command line arguments: Namespace(ament_cmake_args=None, base_paths=['.'], build_base='build', catkin_cmake_args=None, catkin_skip_building_tests=False, cmake_args=None, cmake_clean_cache=False, cmake_clean_first=False, cmake_force_configure=False, cmake_target=None, cmake_target_skip_unavailable=False, continue_on_error=False, event_handlers=None, executor='parallel', ignore_user_meta=False, install_base='install', log_base=None, log_level=None, main=<bound method BuildVerb.main of <colcon_core.verb.build.BuildVerb object at 0x7fad333bb160>>, merge_install=False, metas=['./colcon.meta'], packages_above=None, packages_above_and_dependencies=None, packages_above_depth=None, packages_end=None, packages_ignore=None, packages_ignore_regex=None, packages_select=None, packages_select_build_failed=False, packages_select_by_dep=None, packages_select_regex=None, packages_select_test_failures=False, packages_skip=None, packages_skip_build_finished=False, packages_skip_by_dep=None, packages_skip_regex=None, packages_skip_test_passed=False, packages_skip_up_to=None, packages_start=None, packages_up_to=None, packages_up_to_regex=None, parallel_workers=4, paths=None, symlink_install=False, test_result_base=None, verb_extension=<colcon_core.verb.build.BuildVerb object at 0x7fad333bb160>, verb_name='build', verb_parser=<colcon_defaults.argument_parser.defaults.DefaultArgumentsDecorator object at 0x7fad333bb518>)
[2.962s] Level 1:colcon.colcon_core.package_discovery:discover_packages(colcon_meta) check parameters
[2.963s] Level 1:colcon.colcon_core.package_discovery:discover_packages(recursive) check parameters
[2.963s] Level 1:colcon.colcon_core.package_discovery:discover_packages(ignore) check parameters
[2.963s] Level 1:colcon.colcon_core.package_discovery:discover_packages(path) check parameters
[2.963s] Level 1:colcon.colcon_core.package_discovery:discover_packages(colcon_meta) discover
[2.965s] Level 1:colcon.colcon_core.package_discovery:discover_packages(recursive) discover
[2.966s] INFO:colcon.colcon_core.package_discovery:Crawling recursively for packages in '/home/son/Documents/ros2_mbrb_ws'
[2.966s] Level 1:colcon.colcon_core.package_identification:_identify(.) by extensions ['ignore', 'ignore_ament_install']
[2.967s] Level 1:colcon.colcon_core.package_identification:_identify(.) by extension 'ignore'
[2.968s] Level 1:colcon.colcon_core.package_identification:_identify(.) by extension 'ignore_ament_install'
[2.968s] Level 1:colcon.colcon_core.package_identification:_identify(.) by extensions ['colcon_pkg']
[2.968s] Level 1:colcon.colcon_core.package_identification:_identify(.) by extension 'colcon_pkg'
[2.969s] Level 1:colcon.colcon_core.package_identification:_identify(.) by extensions ['colcon_meta']
[2.969s] Level 1:colcon.colcon_core.package_identification:_identify(.) by extension 'colcon_meta'
[2.969s] Level 1:colcon.colcon_core.package_identification:_identify(.) by extensions ['ros']
[2.970s] Level 1:colcon.colcon_core.package_identification:_identify(.) by extension 'ros'
[3.039s] Level 1:colcon.colcon_core.package_identification:_identify(.) by extensions ['cmake', 'python']
[3.039s] Level 1:colcon.colcon_core.package_identification:_identify(.) by extension 'cmake'
[3.039s] Level 1:colcon.colcon_core.package_identification:_identify(.) by extension 'python'
[3.039s] Level 1:colcon.colcon_core.package_identification:_identify(.) by extensions ['python_setup_py']
[3.039s] Level 1:colcon.colcon_core.package_identification:_identify(.) by extension 'python_setup_py'
[3.040s] Level 1:colcon.colcon_core.package_identification:_identify(build) by extensions ['ignore', 'ignore_ament_install']
[3.040s] Level 1:colcon.colcon_core.package_identification:_identify(build) by extension 'ignore'
[3.040s] Level 1:colcon.colcon_core.package_identification:_identify(build) ignored
[3.041s] Level 1:colcon.colcon_core.package_identification:_identify(install) by extensions ['ignore', 'ignore_ament_install']
[3.042s] Level 1:colcon.colcon_core.package_identification:_identify(install) by extension 'ignore'
[3.042s] Level 1:colcon.colcon_core.package_identification:_identify(install) ignored
[3.042s] Level 1:colcon.colcon_core.package_identification:_identify(log) by extensions ['ignore', 'ignore_ament_install']
[3.042s] Level 1:colcon.colcon_core.package_identification:_identify(log) by extension 'ignore'
[3.042s] Level 1:colcon.colcon_core.package_identification:_identify(log) ignored
[3.043s] Level 1:colcon.colcon_core.package_identification:_identify(src) by extensions ['ignore', 'ignore_ament_install']
[3.043s] Level 1:colcon.colcon_core.package_identification:_identify(src) by extension 'ignore'
[3.043s] Level 1:colcon.colcon_core.package_identification:_identify(src) by extension 'ignore_ament_install'
[3.043s] Level 1:colcon.colcon_core.package_identification:_identify(src) by extensions ['colcon_pkg']
[3.043s] Level 1:colcon.colcon_core.package_identification:_identify(src) by extension 'colcon_pkg'
[3.043s] Level 1:colcon.colcon_core.package_identification:_identify(src) by extensions ['colcon_meta']
[3.043s] Level 1:colcon.colcon_core.package_identification:_identify(src) by extension 'colcon_meta'
[3.044s] Level 1:colcon.colcon_core.package_identification:_identify(src) by extensions ['ros']
[3.044s] Level 1:colcon.colcon_core.package_identification:_identify(src) by extension 'ros'
[3.044s] Level 1:colcon.colcon_core.package_identification:_identify(src) by extensions ['cmake', 'python']
[3.044s] Level 1:colcon.colcon_core.package_identification:_identify(src) by extension 'cmake'
[3.044s] Level 1:colcon.colcon_core.package_identification:_identify(src) by extension 'python'
[3.044s] Level 1:colcon.colcon_core.package_identification:_identify(src) by extensions ['python_setup_py']
[3.044s] Level 1:colcon.colcon_core.package_identification:_identify(src) by extension 'python_setup_py'
[3.044s] Level 1:colcon.colcon_core.package_identification:_identify(src/ros_tutorials) by extensions ['ignore', 'ignore_ament_install']
[3.045s] Level 1:colcon.colcon_core.package_identification:_identify(src/ros_tutorials) by extension 'ignore'
[3.045s] Level 1:colcon.colcon_core.package_identification:_identify(src/ros_tutorials) by extension 'ignore_ament_install'
[3.045s] Level 1:colcon.colcon_core.package_identification:_identify(src/ros_tutorials) by extensions ['colcon_pkg']
[3.045s] Level 1:colcon.colcon_core.package_identification:_identify(src/ros_tutorials) by extension 'colcon_pkg'
[3.045s] Level 1:colcon.colcon_core.package_identification:_identify(src/ros_tutorials) by extensions ['colcon_meta']
[3.045s] Level 1:colcon.colcon_core.package_identification:_identify(src/ros_tutorials) by extension 'colcon_meta'
[3.045s] Level 1:colcon.colcon_core.package_identification:_identify(src/ros_tutorials) by extensions ['ros']
[3.045s] Level 1:colcon.colcon_core.package_identification:_identify(src/ros_tutorials) by extension 'ros'
[3.046s] Level 1:colcon.colcon_core.package_identification:_identify(src/ros_tutorials) by extensions ['cmake', 'python']
[3.046s] Level 1:colcon.colcon_core.package_identification:_identify(src/ros_tutorials) by extension 'cmake'
[3.046s] Level 1:colcon.colcon_core.package_identification:_identify(src/ros_tutorials) by extension 'python'
[3.046s] Level 1:colcon.colcon_core.package_identification:_identify(src/ros_tutorials) by extensions ['python_setup_py']
[3.046s] Level 1:colcon.colcon_core.package_identification:_identify(src/ros_tutorials) by extension 'python_setup_py'
[3.046s] Level 1:colcon.colcon_core.package_identification:_identify(src/ros_tutorials/ros_tutorials) by extensions ['ignore', 'ignore_ament_install']
[3.047s] Level 1:colcon.colcon_core.package_identification:_identify(src/ros_tutorials/ros_tutorials) by extension 'ignore'
[3.047s] Level 1:colcon.colcon_core.package_identification:_identify(src/ros_tutorials/ros_tutorials) ignored
[3.047s] Level 1:colcon.colcon_core.package_identification:_identify(src/ros_tutorials/roscpp_tutorials) by extensions ['ignore', 'ignore_ament_install']
[3.048s] Level 1:colcon.colcon_core.package_identification:_identify(src/ros_tutorials/roscpp_tutorials) by extension 'ignore'
[3.048s] Level 1:colcon.colcon_core.package_identification:_identify(src/ros_tutorials/roscpp_tutorials) ignored
[3.048s] Level 1:colcon.colcon_core.package_identification:_identify(src/ros_tutorials/rospy_tutorials) by extensions ['ignore', 'ignore_ament_install']
[3.048s] Level 1:colcon.colcon_core.package_identification:_identify(src/ros_tutorials/rospy_tutorials) by extension 'ignore'
[3.048s] Level 1:colcon.colcon_core.package_identification:_identify(src/ros_tutorials/rospy_tutorials) ignored
[3.049s] Level 1:colcon.colcon_core.package_identification:_identify(src/ros_tutorials/turtlesim) by extensions ['ignore', 'ignore_ament_install']
[3.049s] Level 1:colcon.colcon_core.package_identification:_identify(src/ros_tutorials/turtlesim) by extension 'ignore'
[3.049s] Level 1:colcon.colcon_core.package_identification:_identify(src/ros_tutorials/turtlesim) by extension 'ignore_ament_install'
[3.049s] Level 1:colcon.colcon_core.package_identification:_identify(src/ros_tutorials/turtlesim) by extensions ['colcon_pkg']
[3.049s] Level 1:colcon.colcon_core.package_identification:_identify(src/ros_tutorials/turtlesim) by extension 'colcon_pkg'
[3.050s] Level 1:colcon.colcon_core.package_identification:_identify(src/ros_tutorials/turtlesim) by extensions ['colcon_meta']
[3.050s] Level 1:colcon.colcon_core.package_identification:_identify(src/ros_tutorials/turtlesim) by extension 'colcon_meta'
[3.050s] Level 1:colcon.colcon_core.package_identification:_identify(src/ros_tutorials/turtlesim) by extensions ['ros']
[3.050s] Level 1:colcon.colcon_core.package_identification:_identify(src/ros_tutorials/turtlesim) by extension 'ros'
[3.074s] DEBUG:colcon.colcon_core.package_identification:Package 'src/ros_tutorials/turtlesim' with type 'ros.ament_cmake' and name 'turtlesim'
[3.075s] Level 1:colcon.colcon_core.package_identification:_identify(src/sub_lidar) by extensions ['ignore', 'ignore_ament_install']
[3.075s] Level 1:colcon.colcon_core.package_identification:_identify(src/sub_lidar) by extension 'ignore'
[3.075s] Level 1:colcon.colcon_core.package_identification:_identify(src/sub_lidar) by extension 'ignore_ament_install'
[3.075s] Level 1:colcon.colcon_core.package_identification:_identify(src/sub_lidar) by extensions ['colcon_pkg']
[3.075s] Level 1:colcon.colcon_core.package_identification:_identify(src/sub_lidar) by extension 'colcon_pkg'
[3.075s] Level 1:colcon.colcon_core.package_identification:_identify(src/sub_lidar) by extensions ['colcon_meta']
[3.075s] Level 1:colcon.colcon_core.package_identification:_identify(src/sub_lidar) by extension 'colcon_meta'
[3.075s] Level 1:colcon.colcon_core.package_identification:_identify(src/sub_lidar) by extensions ['ros']
[3.075s] Level 1:colcon.colcon_core.package_identification:_identify(src/sub_lidar) by extension 'ros'
[3.076s] DEBUG:colcon.colcon_core.package_identification:Package 'src/sub_lidar' with type 'ros.ament_python' and name 'sub_lidar'
[3.076s] Level 1:colcon.colcon_core.package_discovery:discover_packages(recursive) using defaults
[3.076s] Level 1:colcon.colcon_core.package_discovery:discover_packages(ignore) discover
[3.076s] Level 1:colcon.colcon_core.package_discovery:discover_packages(ignore) using defaults
[3.076s] Level 1:colcon.colcon_core.package_discovery:discover_packages(path) discover
[3.076s] Level 1:colcon.colcon_core.package_discovery:discover_packages(path) using defaults
[3.113s] Level 5:colcon.colcon_core.verb:set package 'sub_lidar' build argument 'cmake_args' from command line to 'None'
[3.113s] Level 5:colcon.colcon_core.verb:set package 'sub_lidar' build argument 'cmake_target' from command line to 'None'
[3.113s] Level 5:colcon.colcon_core.verb:set package 'sub_lidar' build argument 'cmake_target_skip_unavailable' from command line to 'False'
[3.113s] Level 5:colcon.colcon_core.verb:set package 'sub_lidar' build argument 'cmake_clean_cache' from command line to 'False'
[3.113s] Level 5:colcon.colcon_core.verb:set package 'sub_lidar' build argument 'cmake_clean_first' from command line to 'False'
[3.113s] Level 5:colcon.colcon_core.verb:set package 'sub_lidar' build argument 'cmake_force_configure' from command line to 'False'
[3.113s] Level 5:colcon.colcon_core.verb:set package 'sub_lidar' build argument 'ament_cmake_args' from command line to 'None'
[3.113s] Level 5:colcon.colcon_core.verb:set package 'sub_lidar' build argument 'catkin_cmake_args' from command line to 'None'
[3.114s] Level 5:colcon.colcon_core.verb:set package 'sub_lidar' build argument 'catkin_skip_building_tests' from command line to 'False'
[3.114s] DEBUG:colcon.colcon_core.verb:Building package 'sub_lidar' with the following arguments: {'ament_cmake_args': None, 'build_base': '/home/son/Documents/ros2_mbrb_ws/build/sub_lidar', 'catkin_cmake_args': None, 'catkin_skip_building_tests': False, 'cmake_args': None, 'cmake_clean_cache': False, 'cmake_clean_first': False, 'cmake_force_configure': False, 'cmake_target': None, 'cmake_target_skip_unavailable': False, 'install_base': '/home/son/Documents/ros2_mbrb_ws/install/sub_lidar', 'merge_install': False, 'path': '/home/son/Documents/ros2_mbrb_ws/src/sub_lidar', 'symlink_install': False, 'test_result_base': None}
[3.120s] Level 5:colcon.colcon_core.verb:set package 'turtlesim' build argument 'cmake_args' from command line to 'None'
[3.120s] Level 5:colcon.colcon_core.verb:set package 'turtlesim' build argument 'cmake_target' from command line to 'None'
[3.120s] Level 5:colcon.colcon_core.verb:set package 'turtlesim' build argument 'cmake_target_skip_unavailable' from command line to 'False'
[3.120s] Level 5:colcon.colcon_core.verb:set package 'turtlesim' build argument 'cmake_clean_cache' from command line to 'False'
[3.120s] Level 5:colcon.colcon_core.verb:set package 'turtlesim' build argument 'cmake_clean_first' from command line to 'False'
[3.120s] Level 5:colcon.colcon_core.verb:set package 'turtlesim' build argument 'cmake_force_configure' from command line to 'False'
[3.120s] Level 5:colcon.colcon_core.verb:set package 'turtlesim' build argument 'ament_cmake_args' from command line to 'None'
[3.120s] Level 5:colcon.colcon_core.verb:set package 'turtlesim' build argument 'catkin_cmake_args' from command line to 'None'
[3.120s] Level 5:colcon.colcon_core.verb:set package 'turtlesim' build argument 'catkin_skip_building_tests' from command line to 'False'
[3.120s] DEBUG:colcon.colcon_core.verb:Building package 'turtlesim' with the following arguments: {'ament_cmake_args': None, 'build_base': '/home/son/Documents/ros2_mbrb_ws/build/turtlesim', 'catkin_cmake_args': None, 'catkin_skip_building_tests': False, 'cmake_args': None, 'cmake_clean_cache': False, 'cmake_clean_first': False, 'cmake_force_configure': False, 'cmake_target': None, 'cmake_target_skip_unavailable': False, 'install_base': '/home/son/Documents/ros2_mbrb_ws/install/turtlesim', 'merge_install': False, 'path': '/home/son/Documents/ros2_mbrb_ws/src/ros_tutorials/turtlesim', 'symlink_install': False, 'test_result_base': None}
[3.121s] INFO:colcon.colcon_core.executor:Executing jobs using 'parallel' executor
[3.124s] DEBUG:colcon.colcon_parallel_executor.executor.parallel:run_until_complete
[3.125s] INFO:colcon.colcon_ros.task.ament_python.build:Building ROS package in '/home/son/Documents/ros2_mbrb_ws/src/sub_lidar' with build type 'ament_python'
[3.125s] Level 1:colcon.colcon_core.shell:create_environment_hook('sub_lidar', 'ament_prefix_path')
[3.206s] INFO:colcon.colcon_core.plugin_system:Skipping extension 'colcon_core.shell.bat': Not used on non-Windows systems
[3.206s] INFO:colcon.colcon_core.shell:Creating environment hook '/home/son/Documents/ros2_mbrb_ws/install/sub_lidar/share/sub_lidar/hook/ament_prefix_path.ps1'
[3.212s] INFO:colcon.colcon_core.shell:Creating environment descriptor '/home/son/Documents/ros2_mbrb_ws/install/sub_lidar/share/sub_lidar/hook/ament_prefix_path.dsv'
[3.221s] INFO:colcon.colcon_core.shell:Creating environment hook '/home/son/Documents/ros2_mbrb_ws/install/sub_lidar/share/sub_lidar/hook/ament_prefix_path.sh'
[3.223s] INFO:colcon.colcon_core.shell:Skip shell extension 'powershell' for command environment: Not usable outside of PowerShell
[3.223s] DEBUG:colcon.colcon_core.shell:Skip shell extension 'dsv' for command environment
[3.342s] INFO:colcon.colcon_ros.task.ament_cmake.build:Building ROS package in '/home/son/Documents/ros2_mbrb_ws/src/ros_tutorials/turtlesim' with build type 'ament_cmake'
[3.345s] INFO:colcon.colcon_cmake.task.cmake.build:Building CMake package in '/home/son/Documents/ros2_mbrb_ws/src/ros_tutorials/turtlesim'
[3.348s] INFO:colcon.colcon_core.shell:Skip shell extension 'powershell' for command environment: Not usable outside of PowerShell
[3.348s] DEBUG:colcon.colcon_core.shell:Skip shell extension 'dsv' for command environment
[3.993s] INFO:colcon.colcon_core.task.python.build:Building Python package in '/home/son/Documents/ros2_mbrb_ws/src/sub_lidar'
[3.995s] INFO:colcon.colcon_core.shell:Skip shell extension 'powershell' for command environment: Not usable outside of PowerShell
[3.995s] DEBUG:colcon.colcon_core.shell:Skip shell extension 'dsv' for command environment
[4.027s] DEBUG:colcon.colcon_core.event_handler.log_command:Invoking command in '/home/son/Documents/ros2_mbrb_ws/build/turtlesim': CMAKE_PREFIX_PATH=${CMAKE_PREFIX_PATH}:/home/son/ros2_dashing/install/ros2bag:/home/son/ros2_dashing/install/topic_monitor:/home/son/ros2_dashing/install/sros2:/home/son/ros2_dashing/install/rqt_topic:/home/son/ros2_dashing/install/rqt_action:/home/son/ros2_dashing/install/rqt:/home/son/ros2_dashing/install/rqt_graph:/home/son/ros2_dashing/install/rqt_gui_py:/home/son/ros2_dashing/install/rqt_gui:/home/son/ros2_dashing/install/ros2topic:/home/son/ros2_dashing/install/ros2test:/home/son/ros2_dashing/install/ros2component:/home/son/ros2_dashing/install/ros2param:/home/son/ros2_dashing/install/ros2lifecycle:/home/son/ros2_dashing/install/ros2service:/home/son/ros2_dashing/install/ros2srv:/home/son/ros2_dashing/install/ros2run:/home/son/ros2_dashing/install/ros2launch:/home/son/ros2_dashing/install/ros2pkg:/home/son/ros2_dashing/install/ros2node:/home/son/ros2_dashing/install/ros2multicast:/home/son/ros2_dashing/install/ros2msg:/home/son/ros2_dashing/install/ros2action:/home/son/ros2_dashing/install/ros2cli:/home/son/ros2_dashing/install/quality_of_service_demo_py:/home/son/ros2_dashing/install/launch_testing_ros:/home/son/ros2_dashing/install/launch_ros:/home/son/ros2_dashing/install/examples_rclpy_minimal_subscriber:/home/son/ros2_dashing/install/examples_rclpy_minimal_service:/home/son/ros2_dashing/install/examples_rclpy_minimal_publisher:/home/son/ros2_dashing/install/examples_rclpy_minimal_client:/home/son/ros2_dashing/install/examples_rclpy_minimal_action_server:/home/son/ros2_dashing/install/examples_rclpy_minimal_action_client:/home/son/ros2_dashing/install/examples_rclpy_executors:/home/son/ros2_dashing/install/demo_nodes_py:/home/son/ros2_dashing/install/ament_uncrustify:/home/son/ros2_dashing/install/test_launch_ros:/home/son/ros2_dashing/install/rosidl_runtime_py:/home/son/ros2_dashing/install/launch_testing:/home/son/ros2_dashing/install/launch:/home/son/ros2_dashing/install/osrf_pycommon:/home/son/ros2_dashing/install/ament_xmllint:/home/son/ros2_dashing/install/ament_pyflakes:/home/son/ros2_dashing/install/ament_pep8:/home/son/ros2_dashing/install/ament_pep257:/home/son/ros2_dashing/install/ament_pclint:/home/son/ros2_dashing/install/ament_package:/home/son/ros2_dashing/install/ament_lint_cmake:/home/son/ros2_dashing/install/ament_flake8:/home/son/ros2_dashing/install/ament_copyright:/home/son/ros2_dashing/install/ament_lint:/home/son/ros2_dashing/install/ament_index_python:/home/son/ros2_dashing/install/ament_cpplint:/home/son/ros2_dashing/install/ament_cppcheck:/home/son/ros2_dashing/install/ament_clang_tidy:/home/son/ros2_dashing/install/ament_clang_format /usr/bin/cmake --build /home/son/Documents/ros2_mbrb_ws/build/turtlesim -- -j4 -l4
[4.070s] DEBUG:colcon.colcon_core.event_handler.log_command:Invoking command in '/home/son/Documents/ros2_mbrb_ws/src/sub_lidar': PYTHONPATH=/home/son/Documents/ros2_mbrb_ws/install/sub_lidar/lib/python3.6/site-packages:${PYTHONPATH} /usr/bin/python3 setup.py egg_info --egg-base /home/son/Documents/ros2_mbrb_ws/build/sub_lidar build --build-base /home/son/Documents/ros2_mbrb_ws/build/sub_lidar/build install --prefix /home/son/Documents/ros2_mbrb_ws/install/sub_lidar --record /home/son/Documents/ros2_mbrb_ws/build/sub_lidar/install.log --single-version-externally-managed
[6.050s] DEBUG:colcon.colcon_core.event_handler.log_command:Invoked command in '/home/son/Documents/ros2_mbrb_ws/src/sub_lidar' returned '0': PYTHONPATH=/home/son/Documents/ros2_mbrb_ws/install/sub_lidar/lib/python3.6/site-packages:${PYTHONPATH} /usr/bin/python3 setup.py egg_info --egg-base /home/son/Documents/ros2_mbrb_ws/build/sub_lidar build --build-base /home/son/Documents/ros2_mbrb_ws/build/sub_lidar/build install --prefix /home/son/Documents/ros2_mbrb_ws/install/sub_lidar --record /home/son/Documents/ros2_mbrb_ws/build/sub_lidar/install.log --single-version-externally-managed
[6.345s] Level 1:colcon.colcon_core.environment:checking '/home/son/Documents/ros2_mbrb_ws/install/sub_lidar' for CMake module files
[6.347s] Level 1:colcon.colcon_core.environment:checking '/home/son/Documents/ros2_mbrb_ws/install/sub_lidar' for CMake config files
[6.352s] Level 1:colcon.colcon_core.environment:checking '/home/son/Documents/ros2_mbrb_ws/install/sub_lidar/lib'
[6.353s] Level 1:colcon.colcon_core.environment:checking '/home/son/Documents/ros2_mbrb_ws/install/sub_lidar/bin'
[6.353s] Level 1:colcon.colcon_core.environment:checking '/home/son/Documents/ros2_mbrb_ws/install/sub_lidar/lib/pkgconfig/sub_lidar.pc'
[6.354s] Level 1:colcon.colcon_core.environment:checking '/home/son/Documents/ros2_mbrb_ws/install/sub_lidar/lib/python3.6/site-packages'
[6.354s] Level 1:colcon.colcon_core.shell:create_environment_hook('sub_lidar', 'pythonpath')
[6.358s] INFO:colcon.colcon_core.shell:Creating environment hook '/home/son/Documents/ros2_mbrb_ws/install/sub_lidar/share/sub_lidar/hook/pythonpath.ps1'
[6.360s] INFO:colcon.colcon_core.shell:Creating environment descriptor '/home/son/Documents/ros2_mbrb_ws/install/sub_lidar/share/sub_lidar/hook/pythonpath.dsv'
[6.361s] INFO:colcon.colcon_core.shell:Creating environment hook '/home/son/Documents/ros2_mbrb_ws/install/sub_lidar/share/sub_lidar/hook/pythonpath.sh'
[6.363s] Level 1:colcon.colcon_core.environment:create_environment_scripts_only(sub_lidar)
[6.367s] INFO:colcon.colcon_core.shell:Creating package script '/home/son/Documents/ros2_mbrb_ws/install/sub_lidar/share/sub_lidar/package.ps1'
[6.393s] INFO:colcon.colcon_core.shell:Creating package descriptor '/home/son/Documents/ros2_mbrb_ws/install/sub_lidar/share/sub_lidar/package.dsv'
[6.480s] INFO:colcon.colcon_core.shell:Creating package script '/home/son/Documents/ros2_mbrb_ws/install/sub_lidar/share/sub_lidar/package.sh'
[6.502s] INFO:colcon.colcon_core.shell:Creating package script '/home/son/Documents/ros2_mbrb_ws/install/sub_lidar/share/sub_lidar/package.bash'
[6.558s] INFO:colcon.colcon_core.shell:Creating package script '/home/son/Documents/ros2_mbrb_ws/install/sub_lidar/share/sub_lidar/package.zsh'
[6.654s] Level 1:colcon.colcon_core.environment:create_file_with_runtime_dependencies(/home/son/Documents/ros2_mbrb_ws/install/sub_lidar/share/colcon-core/packages/sub_lidar)
[9.455s] DEBUG:colcon.colcon_core.event_handler.log_command:Invoked command in '/home/son/Documents/ros2_mbrb_ws/build/turtlesim' returned '0': CMAKE_PREFIX_PATH=${CMAKE_PREFIX_PATH}:/home/son/ros2_dashing/install/ros2bag:/home/son/ros2_dashing/install/topic_monitor:/home/son/ros2_dashing/install/sros2:/home/son/ros2_dashing/install/rqt_topic:/home/son/ros2_dashing/install/rqt_action:/home/son/ros2_dashing/install/rqt:/home/son/ros2_dashing/install/rqt_graph:/home/son/ros2_dashing/install/rqt_gui_py:/home/son/ros2_dashing/install/rqt_gui:/home/son/ros2_dashing/install/ros2topic:/home/son/ros2_dashing/install/ros2test:/home/son/ros2_dashing/install/ros2component:/home/son/ros2_dashing/install/ros2param:/home/son/ros2_dashing/install/ros2lifecycle:/home/son/ros2_dashing/install/ros2service:/home/son/ros2_dashing/install/ros2srv:/home/son/ros2_dashing/install/ros2run:/home/son/ros2_dashing/install/ros2launch:/home/son/ros2_dashing/install/ros2pkg:/home/son/ros2_dashing/install/ros2node:/home/son/ros2_dashing/install/ros2multicast:/home/son/ros2_dashing/install/ros2msg:/home/son/ros2_dashing/install/ros2action:/home/son/ros2_dashing/install/ros2cli:/home/son/ros2_dashing/install/quality_of_service_demo_py:/home/son/ros2_dashing/install/launch_testing_ros:/home/son/ros2_dashing/install/launch_ros:/home/son/ros2_dashing/install/examples_rclpy_minimal_subscriber:/home/son/ros2_dashing/install/examples_rclpy_minimal_service:/home/son/ros2_dashing/install/examples_rclpy_minimal_publisher:/home/son/ros2_dashing/install/examples_rclpy_minimal_client:/home/son/ros2_dashing/install/examples_rclpy_minimal_action_server:/home/son/ros2_dashing/install/examples_rclpy_minimal_action_client:/home/son/ros2_dashing/install/examples_rclpy_executors:/home/son/ros2_dashing/install/demo_nodes_py:/home/son/ros2_dashing/install/ament_uncrustify:/home/son/ros2_dashing/install/test_launch_ros:/home/son/ros2_dashing/install/rosidl_runtime_py:/home/son/ros2_dashing/install/launch_testing:/home/son/ros2_dashing/install/launch:/home/son/ros2_dashing/install/osrf_pycommon:/home/son/ros2_dashing/install/ament_xmllint:/home/son/ros2_dashing/install/ament_pyflakes:/home/son/ros2_dashing/install/ament_pep8:/home/son/ros2_dashing/install/ament_pep257:/home/son/ros2_dashing/install/ament_pclint:/home/son/ros2_dashing/install/ament_package:/home/son/ros2_dashing/install/ament_lint_cmake:/home/son/ros2_dashing/install/ament_flake8:/home/son/ros2_dashing/install/ament_copyright:/home/son/ros2_dashing/install/ament_lint:/home/son/ros2_dashing/install/ament_index_python:/home/son/ros2_dashing/install/ament_cpplint:/home/son/ros2_dashing/install/ament_cppcheck:/home/son/ros2_dashing/install/ament_clang_tidy:/home/son/ros2_dashing/install/ament_clang_format /usr/bin/cmake --build /home/son/Documents/ros2_mbrb_ws/build/turtlesim -- -j4 -l4
[10.321s] DEBUG:colcon.colcon_core.event_handler.log_command:Invoking command in '/home/son/Documents/ros2_mbrb_ws/build/turtlesim': CMAKE_PREFIX_PATH=${CMAKE_PREFIX_PATH}:/home/son/ros2_dashing/install/ros2bag:/home/son/ros2_dashing/install/topic_monitor:/home/son/ros2_dashing/install/sros2:/home/son/ros2_dashing/install/rqt_topic:/home/son/ros2_dashing/install/rqt_action:/home/son/ros2_dashing/install/rqt:/home/son/ros2_dashing/install/rqt_graph:/home/son/ros2_dashing/install/rqt_gui_py:/home/son/ros2_dashing/install/rqt_gui:/home/son/ros2_dashing/install/ros2topic:/home/son/ros2_dashing/install/ros2test:/home/son/ros2_dashing/install/ros2component:/home/son/ros2_dashing/install/ros2param:/home/son/ros2_dashing/install/ros2lifecycle:/home/son/ros2_dashing/install/ros2service:/home/son/ros2_dashing/install/ros2srv:/home/son/ros2_dashing/install/ros2run:/home/son/ros2_dashing/install/ros2launch:/home/son/ros2_dashing/install/ros2pkg:/home/son/ros2_dashing/install/ros2node:/home/son/ros2_dashing/install/ros2multicast:/home/son/ros2_dashing/install/ros2msg:/home/son/ros2_dashing/install/ros2action:/home/son/ros2_dashing/install/ros2cli:/home/son/ros2_dashing/install/quality_of_service_demo_py:/home/son/ros2_dashing/install/launch_testing_ros:/home/son/ros2_dashing/install/launch_ros:/home/son/ros2_dashing/install/examples_rclpy_minimal_subscriber:/home/son/ros2_dashing/install/examples_rclpy_minimal_service:/home/son/ros2_dashing/install/examples_rclpy_minimal_publisher:/home/son/ros2_dashing/install/examples_rclpy_minimal_client:/home/son/ros2_dashing/install/examples_rclpy_minimal_action_server:/home/son/ros2_dashing/install/examples_rclpy_minimal_action_client:/home/son/ros2_dashing/install/examples_rclpy_executors:/home/son/ros2_dashing/install/demo_nodes_py:/home/son/ros2_dashing/install/ament_uncrustify:/home/son/ros2_dashing/install/test_launch_ros:/home/son/ros2_dashing/install/rosidl_runtime_py:/home/son/ros2_dashing/install/launch_testing:/home/son/ros2_dashing/install/launch:/home/son/ros2_dashing/install/osrf_pycommon:/home/son/ros2_dashing/install/ament_xmllint:/home/son/ros2_dashing/install/ament_pyflakes:/home/son/ros2_dashing/install/ament_pep8:/home/son/ros2_dashing/install/ament_pep257:/home/son/ros2_dashing/install/ament_pclint:/home/son/ros2_dashing/install/ament_package:/home/son/ros2_dashing/install/ament_lint_cmake:/home/son/ros2_dashing/install/ament_flake8:/home/son/ros2_dashing/install/ament_copyright:/home/son/ros2_dashing/install/ament_lint:/home/son/ros2_dashing/install/ament_index_python:/home/son/ros2_dashing/install/ament_cpplint:/home/son/ros2_dashing/install/ament_cppcheck:/home/son/ros2_dashing/install/ament_clang_tidy:/home/son/ros2_dashing/install/ament_clang_format /usr/bin/cmake --build /home/son/Documents/ros2_mbrb_ws/build/turtlesim --target install -- -j4 -l4
[11.417s] Level 1:colcon.colcon_core.environment:create_environment_scripts_only(turtlesim)
[11.419s] Level 1:colcon.colcon_core.environment:checking '/home/son/Documents/ros2_mbrb_ws/install/turtlesim' for CMake module files
[11.420s] DEBUG:colcon.colcon_core.event_handler.log_command:Invoked command in '/home/son/Documents/ros2_mbrb_ws/build/turtlesim' returned '0': CMAKE_PREFIX_PATH=${CMAKE_PREFIX_PATH}:/home/son/ros2_dashing/install/ros2bag:/home/son/ros2_dashing/install/topic_monitor:/home/son/ros2_dashing/install/sros2:/home/son/ros2_dashing/install/rqt_topic:/home/son/ros2_dashing/install/rqt_action:/home/son/ros2_dashing/install/rqt:/home/son/ros2_dashing/install/rqt_graph:/home/son/ros2_dashing/install/rqt_gui_py:/home/son/ros2_dashing/install/rqt_gui:/home/son/ros2_dashing/install/ros2topic:/home/son/ros2_dashing/install/ros2test:/home/son/ros2_dashing/install/ros2component:/home/son/ros2_dashing/install/ros2param:/home/son/ros2_dashing/install/ros2lifecycle:/home/son/ros2_dashing/install/ros2service:/home/son/ros2_dashing/install/ros2srv:/home/son/ros2_dashing/install/ros2run:/home/son/ros2_dashing/install/ros2launch:/home/son/ros2_dashing/install/ros2pkg:/home/son/ros2_dashing/install/ros2node:/home/son/ros2_dashing/install/ros2multicast:/home/son/ros2_dashing/install/ros2msg:/home/son/ros2_dashing/install/ros2action:/home/son/ros2_dashing/install/ros2cli:/home/son/ros2_dashing/install/quality_of_service_demo_py:/home/son/ros2_dashing/install/launch_testing_ros:/home/son/ros2_dashing/install/launch_ros:/home/son/ros2_dashing/install/examples_rclpy_minimal_subscriber:/home/son/ros2_dashing/install/examples_rclpy_minimal_service:/home/son/ros2_dashing/install/examples_rclpy_minimal_publisher:/home/son/ros2_dashing/install/examples_rclpy_minimal_client:/home/son/ros2_dashing/install/examples_rclpy_minimal_action_server:/home/son/ros2_dashing/install/examples_rclpy_minimal_action_client:/home/son/ros2_dashing/install/examples_rclpy_executors:/home/son/ros2_dashing/install/demo_nodes_py:/home/son/ros2_dashing/install/ament_uncrustify:/home/son/ros2_dashing/install/test_launch_ros:/home/son/ros2_dashing/install/rosidl_runtime_py:/home/son/ros2_dashing/install/launch_testing:/home/son/ros2_dashing/install/launch:/home/son/ros2_dashing/install/osrf_pycommon:/home/son/ros2_dashing/install/ament_xmllint:/home/son/ros2_dashing/install/ament_pyflakes:/home/son/ros2_dashing/install/ament_pep8:/home/son/ros2_dashing/install/ament_pep257:/home/son/ros2_dashing/install/ament_pclint:/home/son/ros2_dashing/install/ament_package:/home/son/ros2_dashing/install/ament_lint_cmake:/home/son/ros2_dashing/install/ament_flake8:/home/son/ros2_dashing/install/ament_copyright:/home/son/ros2_dashing/install/ament_lint:/home/son/ros2_dashing/install/ament_index_python:/home/son/ros2_dashing/install/ament_cpplint:/home/son/ros2_dashing/install/ament_cppcheck:/home/son/ros2_dashing/install/ament_clang_tidy:/home/son/ros2_dashing/install/ament_clang_format /usr/bin/cmake --build /home/son/Documents/ros2_mbrb_ws/build/turtlesim --target install -- -j4 -l4
[11.420s] Level 1:colcon.colcon_core.environment:checking '/home/son/Documents/ros2_mbrb_ws/install/turtlesim' for CMake config files
[11.421s] Level 1:colcon.colcon_core.shell:create_environment_hook('turtlesim', 'cmake_prefix_path')
[11.424s] INFO:colcon.colcon_core.shell:Creating environment hook '/home/son/Documents/ros2_mbrb_ws/install/turtlesim/share/turtlesim/hook/cmake_prefix_path.ps1'
[11.424s] INFO:colcon.colcon_core.shell:Creating environment descriptor '/home/son/Documents/ros2_mbrb_ws/install/turtlesim/share/turtlesim/hook/cmake_prefix_path.dsv'
[11.425s] INFO:colcon.colcon_core.shell:Creating environment hook '/home/son/Documents/ros2_mbrb_ws/install/turtlesim/share/turtlesim/hook/cmake_prefix_path.sh'
[11.426s] Level 1:colcon.colcon_core.environment:checking '/home/son/Documents/ros2_mbrb_ws/install/turtlesim/lib'
[11.428s] Level 1:colcon.colcon_core.shell:create_environment_hook('turtlesim', 'ld_library_path_lib')
[11.430s] INFO:colcon.colcon_core.shell:Creating environment hook '/home/son/Documents/ros2_mbrb_ws/install/turtlesim/share/turtlesim/hook/ld_library_path_lib.ps1'
[11.431s] INFO:colcon.colcon_core.shell:Creating environment descriptor '/home/son/Documents/ros2_mbrb_ws/install/turtlesim/share/turtlesim/hook/ld_library_path_lib.dsv'
[11.432s] INFO:colcon.colcon_core.shell:Creating environment hook '/home/son/Documents/ros2_mbrb_ws/install/turtlesim/share/turtlesim/hook/ld_library_path_lib.sh'
[11.433s] Level 1:colcon.colcon_core.environment:checking '/home/son/Documents/ros2_mbrb_ws/install/turtlesim/bin'
[11.433s] Level 1:colcon.colcon_core.environment:checking '/home/son/Documents/ros2_mbrb_ws/install/turtlesim/lib/pkgconfig/turtlesim.pc'
[11.433s] Level 1:colcon.colcon_core.environment:checking '/home/son/Documents/ros2_mbrb_ws/install/turtlesim/lib/python3.6/site-packages'
[11.433s] Level 1:colcon.colcon_core.shell:create_environment_hook('turtlesim', 'pythonpath')
[11.436s] INFO:colcon.colcon_core.shell:Creating environment hook '/home/son/Documents/ros2_mbrb_ws/install/turtlesim/share/turtlesim/hook/pythonpath.ps1'
[11.437s] INFO:colcon.colcon_core.shell:Creating environment descriptor '/home/son/Documents/ros2_mbrb_ws/install/turtlesim/share/turtlesim/hook/pythonpath.dsv'
[11.437s] INFO:colcon.colcon_core.shell:Creating environment hook '/home/son/Documents/ros2_mbrb_ws/install/turtlesim/share/turtlesim/hook/pythonpath.sh'
[11.440s] INFO:colcon.colcon_core.shell:Creating package script '/home/son/Documents/ros2_mbrb_ws/install/turtlesim/share/turtlesim/package.ps1'
[11.442s] INFO:colcon.colcon_core.shell:Creating package descriptor '/home/son/Documents/ros2_mbrb_ws/install/turtlesim/share/turtlesim/package.dsv'
[11.443s] INFO:colcon.colcon_core.shell:Creating package script '/home/son/Documents/ros2_mbrb_ws/install/turtlesim/share/turtlesim/package.sh'
[11.444s] INFO:colcon.colcon_core.shell:Creating package script '/home/son/Documents/ros2_mbrb_ws/install/turtlesim/share/turtlesim/package.bash'
[11.445s] INFO:colcon.colcon_core.shell:Creating package script '/home/son/Documents/ros2_mbrb_ws/install/turtlesim/share/turtlesim/package.zsh'
[11.446s] Level 1:colcon.colcon_core.environment:create_file_with_runtime_dependencies(/home/son/Documents/ros2_mbrb_ws/install/turtlesim/share/colcon-core/packages/turtlesim)
[11.447s] DEBUG:colcon.colcon_parallel_executor.executor.parallel:closing loop
[11.448s] DEBUG:colcon.colcon_parallel_executor.executor.parallel:loop closed
[11.448s] DEBUG:colcon.colcon_parallel_executor.executor.parallel:run_until_complete finished with '0'
[11.448s] DEBUG:colcon.colcon_core.event_reactor:joining thread
[11.536s] INFO:colcon.colcon_core.plugin_system:Skipping extension 'colcon_notification.desktop_notification.terminal_notifier': Not used on non-Darwin systems
[11.537s] INFO:colcon.colcon_core.plugin_system:Skipping extension 'colcon_notification.desktop_notification.win32': Not used on non-Windows systems
[11.537s] INFO:colcon.colcon_notification.desktop_notification:Sending desktop notification using 'notify2'
[11.542s] DEBUG:colcon.colcon_core.event_reactor:joined thread
[11.545s] INFO:colcon.colcon_core.shell:Creating prefix script '/home/son/Documents/ros2_mbrb_ws/install/local_setup.ps1'
[11.559s] INFO:colcon.colcon_core.shell:Creating prefix util module '/home/son/Documents/ros2_mbrb_ws/install/_local_setup_util_ps1.py'
[11.619s] INFO:colcon.colcon_core.shell:Creating prefix chain script '/home/son/Documents/ros2_mbrb_ws/install/setup.ps1'
[11.649s] INFO:colcon.colcon_core.shell:Creating prefix script '/home/son/Documents/ros2_mbrb_ws/install/local_setup.sh'
[11.704s] INFO:colcon.colcon_core.shell:Creating prefix util module '/home/son/Documents/ros2_mbrb_ws/install/_local_setup_util_sh.py'
[11.705s] INFO:colcon.colcon_core.shell:Creating prefix chain script '/home/son/Documents/ros2_mbrb_ws/install/setup.sh'
[11.763s] INFO:colcon.colcon_core.shell:Creating prefix script '/home/son/Documents/ros2_mbrb_ws/install/local_setup.bash'
[11.782s] INFO:colcon.colcon_core.shell:Creating prefix chain script '/home/son/Documents/ros2_mbrb_ws/install/setup.bash'
[11.826s] INFO:colcon.colcon_core.shell:Creating prefix script '/home/son/Documents/ros2_mbrb_ws/install/local_setup.zsh'
[11.852s] INFO:colcon.colcon_core.shell:Creating prefix chain script '/home/son/Documents/ros2_mbrb_ws/install/setup.zsh'
